Caught Exception: Internal Error
Response Status Code: 100
Error Code: 
Error Type: 
Request ID: 
XML: 
ResponseHeaderMetadata: RequestId: , ResponseContext: , Timestamp: 
ORDINI DA AGGIORNARE: 
  - 404-6304761-1613919
  - 402-4834509-3374753
  - 404-9643841-1558749
  - 404-3774433-4584317
  - 402-9208746-2593154
  - 404-0142430-6597967
  - 403-6087436-9724359
  - 402-8383651-8822747
  - 171-2607361-2295534
  - 171-5709279-8625962
  - 404-1927033-1615509
  - 403-4320781-7656329
  - 403-6754077-7310708
  - 404-4053627-9245104
  - 402-9321034-6917113
  - 402-4405135-5428368
  - 404-1295672-0650741
  - 403-0152809-2516374
  - 171-6651505-0866736
  - 171-7329868-3437948
  - 404-1516546-6096331
  - 403-3989570-2710763
  - 403-1622356-0258734
  - 402-6521323-5710763
  - 403-6302450-9892344
  - 403-5905091-1842703
  - 403-8052692-9142762
  - 402-3120553-3806731
  - 171-1745881-5209113
  - 403-8987452-2008365
  - 402-4450680-3864351
  - 402-7777036-0885145
  - 402-4241523-4594762
  - 402-6029070-7996368
  - 404-2992990-3144342
  - 402-1874527-5071545
  - 404-1651987-1614724
  - 402-3587273-6209141
  - 171-5631248-6097916
  - 404-4196125-0705115
  - 171-6484847-5143549
  - 403-8343392-9653138
  - 171-6744243-7529120
  - 404-3514231-7594707
  - 403-9054138-9934746
  - 402-0878155-6599517
  - 171-8218903-1549910
  - 171-8309374-5013949
  - 404-6117898-7780314
  - 403-9206540-7656344
Caught Exception: Internal Error
Response Status Code: 100
Error Code: 
Error Type: 
Request ID: 
XML: 
ResponseHeaderMetadata: RequestId: , ResponseContext: , Timestamp: 
ORDINI DA AGGIORNARE: 
  - 404-6304761-1613919
  - 402-4834509-3374753
  - 404-9643841-1558749
  - 404-3774433-4584317
  - 402-9208746-2593154
  - 404-0142430-6597967
  - 403-6087436-9724359
  - 402-8383651-8822747
  - 171-2607361-2295534
  - 171-5709279-8625962
  - 404-1927033-1615509
  - 403-4320781-7656329
  - 403-6754077-7310708
  - 404-4053627-9245104
  - 402-9321034-6917113
  - 402-4405135-5428368
  - 404-1295672-0650741
  - 403-0152809-2516374
  - 171-6651505-0866736
  - 171-7329868-3437948
  - 404-1516546-6096331
  - 403-3989570-2710763
  - 403-1622356-0258734
  - 402-6521323-5710763
  - 403-6302450-9892344
  - 403-5905091-1842703
  - 403-8052692-9142762
  - 402-3120553-3806731
  - 171-1745881-5209113
  - 403-8987452-2008365
  - 402-4450680-3864351
  - 402-7777036-0885145
  - 402-4241523-4594762
  - 402-6029070-7996368
  - 404-2992990-3144342
  - 402-1874527-5071545
  - 404-1651987-1614724
  - 402-3587273-6209141
  - 171-5631248-6097916
  - 404-4196125-0705115
  - 171-6484847-5143549
  - 403-8343392-9653138
  - 171-6744243-7529120
  - 404-3514231-7594707
  - 403-9054138-9934746
  - 402-0878155-6599517
  - 171-8218903-1549910
  - 171-8309374-5013949
  - 404-6117898-7780314
  - 403-9206540-7656344
  - 171-3484780-4689962
  - 404-8858443-4225922
  - 171-0257733-5868354
  - 402-4663983-4912358
  - 404-3562336-6523503
  - 171-3798121-7934714
  - 402-5189034-9576324
  - 171-2695711-7366713
  - 403-5853154-5193103
  - 403-5011192-6708363
  - 403-7915148-9346759
  - 404-6661753-0621148
  - 171-7607620-6196362
  - 403-1506481-8458755
  - 171-3885408-8925903
  - 403-9816966-6766751
  - 171-4941205-4992336
  - 171-8019100-7843553
  - 404-2290844-0711509
  - 171-8567749-2643510
  - 402-0577979-9294700
  - 404-2384591-6204347
  - 171-0006429-5779518
  - 171-1352247-0591537
  - 403-3821079-5229919
  - 404-5262536-1019527
  - 402-7088420-0718703
  - 402-2476894-5477142
  - 403-8513738-9140318
  - 403-5831163-2874710
  - 404-4619198-8258744
  - 402-4284977-4957161
  - 403-1211839-5226728
  - 171-6878367-2935542
  - 171-8798740-5659554
  - 403-7494822-4007506
  - 403-5514705-6809902
  - 403-5041563-2906765
  - 171-9255649-3542729
  - 171-2290288-9326742
  - 171-4708952-5871513
  - 404-6946645-1600361
  - 403-0438875-6118714
  - 404-3424708-0529951
  - 404-0091332-5351536
  - 171-6785224-8267504
  - 402-2887980-5407541
  - 402-5740142-7514743
  - 171-1549155-0697155
  - 402-3173929-9669936
Caught Exception: Internal Error
Response Status Code: 100
Error Code: 
Error Type: 
Request ID: 
XML: 
ResponseHeaderMetadata: RequestId: , ResponseContext: , Timestamp: 
ORDINI DA AGGIORNARE: 
  - 404-6304761-1613919
  - 402-4834509-3374753
  - 404-9643841-1558749
  - 404-3774433-4584317
  - 402-9208746-2593154
  - 404-0142430-6597967
  - 403-6087436-9724359
  - 402-8383651-8822747
  - 171-2607361-2295534
  - 171-5709279-8625962
  - 404-1927033-1615509
  - 403-4320781-7656329
  - 403-6754077-7310708
  - 404-4053627-9245104
  - 402-9321034-6917113
  - 402-4405135-5428368
  - 404-1295672-0650741
  - 403-0152809-2516374
  - 171-6651505-0866736
  - 171-7329868-3437948
  - 404-1516546-6096331
  - 403-3989570-2710763
  - 403-1622356-0258734
  - 402-6521323-5710763
  - 403-6302450-9892344
  - 403-5905091-1842703
  - 403-8052692-9142762
  - 402-3120553-3806731
  - 171-1745881-5209113
  - 403-8987452-2008365
  - 402-4450680-3864351
  - 402-7777036-0885145
  - 402-4241523-4594762
  - 402-6029070-7996368
  - 404-2992990-3144342
  - 402-1874527-5071545
  - 404-1651987-1614724
  - 402-3587273-6209141
  - 171-5631248-6097916
  - 404-4196125-0705115
  - 171-6484847-5143549
  - 403-8343392-9653138
  - 171-6744243-7529120
  - 404-3514231-7594707
  - 403-9054138-9934746
  - 402-0878155-6599517
  - 171-8218903-1549910
  - 171-8309374-5013949
  - 404-6117898-7780314
  - 403-9206540-7656344
  - 171-3484780-4689962
  - 404-8858443-4225922
  - 171-0257733-5868354
  - 402-4663983-4912358
  - 404-3562336-6523503
  - 171-3798121-7934714
  - 402-5189034-9576324
  - 171-2695711-7366713
  - 403-5853154-5193103
  - 403-5011192-6708363
  - 403-7915148-9346759
  - 404-6661753-0621148
  - 171-7607620-6196362
  - 403-1506481-8458755
  - 171-3885408-8925903
  - 403-9816966-6766751
  - 171-4941205-4992336
  - 171-8019100-7843553
  - 404-2290844-0711509
  - 171-8567749-2643510
  - 402-0577979-9294700
  - 404-2384591-6204347
  - 171-0006429-5779518
  - 171-1352247-0591537
  - 403-3821079-5229919
  - 404-5262536-1019527
  - 402-7088420-0718703
  - 402-2476894-5477142
  - 403-8513738-9140318
  - 403-5831163-2874710
  - 404-4619198-8258744
  - 402-4284977-4957161
  - 403-1211839-5226728
  - 171-6878367-2935542
  - 171-8798740-5659554
  - 403-7494822-4007506
  - 403-5514705-6809902
  - 403-5041563-2906765
  - 171-9255649-3542729
  - 171-2290288-9326742
  - 171-4708952-5871513
  - 404-6946645-1600361
  - 403-0438875-6118714
  - 404-3424708-0529951
  - 404-0091332-5351536
  - 171-6785224-8267504
  - 402-2887980-5407541
  - 402-5740142-7514743
  - 171-1549155-0697155
  - 402-3173929-9669936
  - 403-4333637-0400364
  - 171-4625455-7509950
  - 403-7853513-0161900
  - 404-6695757-4032328
  - 402-9173345-8593108
  - 403-2234119-3594723
  - 404-0659298-9563554
  - 402-0019171-5004370
  - 403-0697670-1243565
  - 404-3868926-7473904
  - 171-0403159-1990763
  - 403-0168656-0539521
  - 404-1043122-9469163
  - 403-2283599-8617953
  - 404-2872301-0669148
  - 404-0256610-6487551
  - 402-2616483-5061134
  - 403-3438033-6937910
  - 404-4290291-8157150
  - 404-1185875-7209906
  - 404-0212473-4504371
  - 403-4850373-5982712
  - 403-7675117-2761125
  - 171-1326090-8976329
  - 403-1202513-9066732
  - 403-3581540-6226731
  - 402-1809895-1825917
  - 404-4915625-1574705
  - 404-3742383-5312348
  - 402-9589017-5910709
  - 404-8064974-9653931
  - 402-6749268-7157111
  - 403-4559433-5392317
  - 171-7418196-2814757
  - 171-0053164-2214771
  - 171-7937151-8039500
  - 404-5549061-7556336
  - 171-4972479-4158760
  - 404-0344635-1993960
  - 402-0239522-7785912
  - 171-4765349-7288336
  - 171-5656503-4779525
  - 402-0298911-6895575
  - 171-0997351-0934722
  - 404-9905198-7913960
  - 403-6593029-9845962
  - 171-5367274-1493947
  - 403-4624826-5405921
  - 403-1477038-5366748
  - 403-4278657-7217143
Caught Exception: Internal Error
Response Status Code: 100
Error Code: 
Error Type: 
Request ID: 
XML: 
ResponseHeaderMetadata: RequestId: , ResponseContext: , Timestamp: 
ORDINI DA AGGIORNARE: 
  - 404-6304761-1613919
  - 402-4834509-3374753
  - 404-9643841-1558749
  - 404-3774433-4584317
  - 402-9208746-2593154
  - 404-0142430-6597967
  - 403-6087436-9724359
  - 402-8383651-8822747
  - 171-2607361-2295534
  - 171-5709279-8625962
  - 404-1927033-1615509
  - 403-4320781-7656329
  - 403-6754077-7310708
  - 404-4053627-9245104
  - 402-9321034-6917113
  - 402-4405135-5428368
  - 404-1295672-0650741
  - 403-0152809-2516374
  - 171-6651505-0866736
  - 171-7329868-3437948
  - 404-1516546-6096331
  - 403-3989570-2710763
  - 403-1622356-0258734
  - 402-6521323-5710763
  - 403-6302450-9892344
  - 403-5905091-1842703
  - 403-8052692-9142762
  - 402-3120553-3806731
  - 171-1745881-5209113
  - 403-8987452-2008365
  - 402-4450680-3864351
  - 402-7777036-0885145
  - 402-4241523-4594762
  - 402-6029070-7996368
  - 404-2992990-3144342
  - 402-1874527-5071545
  - 404-1651987-1614724
  - 402-3587273-6209141
  - 171-5631248-6097916
  - 404-4196125-0705115
  - 171-6484847-5143549
  - 403-8343392-9653138
  - 171-6744243-7529120
  - 404-3514231-7594707
  - 403-9054138-9934746
  - 402-0878155-6599517
  - 171-8218903-1549910
  - 171-8309374-5013949
  - 404-6117898-7780314
  - 403-9206540-7656344
  - 171-3484780-4689962
  - 404-8858443-4225922
  - 171-0257733-5868354
  - 402-4663983-4912358
  - 404-3562336-6523503
  - 171-3798121-7934714
  - 402-5189034-9576324
  - 171-2695711-7366713
  - 403-5853154-5193103
  - 403-5011192-6708363
  - 403-7915148-9346759
  - 404-6661753-0621148
  - 171-7607620-6196362
  - 403-1506481-8458755
  - 171-3885408-8925903
  - 403-9816966-6766751
  - 171-4941205-4992336
  - 171-8019100-7843553
  - 404-2290844-0711509
  - 171-8567749-2643510
  - 402-0577979-9294700
  - 404-2384591-6204347
  - 171-0006429-5779518
  - 171-1352247-0591537
  - 403-3821079-5229919
  - 404-5262536-1019527
  - 402-7088420-0718703
  - 402-2476894-5477142
  - 403-8513738-9140318
  - 403-5831163-2874710
  - 404-4619198-8258744
  - 402-4284977-4957161
  - 403-1211839-5226728
  - 171-6878367-2935542
  - 171-8798740-5659554
  - 403-7494822-4007506
  - 403-5514705-6809902
  - 403-5041563-2906765
  - 171-9255649-3542729
  - 171-2290288-9326742
  - 171-4708952-5871513
  - 404-6946645-1600361
  - 403-0438875-6118714
  - 404-3424708-0529951
  - 404-0091332-5351536
  - 171-6785224-8267504
  - 402-2887980-5407541
  - 402-5740142-7514743
  - 171-1549155-0697155
  - 402-3173929-9669936
  - 403-4333637-0400364
  - 171-4625455-7509950
  - 403-7853513-0161900
  - 404-6695757-4032328
  - 402-9173345-8593108
  - 403-2234119-3594723
  - 404-0659298-9563554
  - 402-0019171-5004370
  - 403-0697670-1243565
  - 404-3868926-7473904
  - 171-0403159-1990763
  - 403-0168656-0539521
  - 404-1043122-9469163
  - 403-2283599-8617953
  - 404-2872301-0669148
  - 404-0256610-6487551
  - 402-2616483-5061134
  - 403-3438033-6937910
  - 404-4290291-8157150
  - 404-1185875-7209906
  - 404-0212473-4504371
  - 403-4850373-5982712
  - 403-7675117-2761125
  - 171-1326090-8976329
  - 403-1202513-9066732
  - 403-3581540-6226731
  - 402-1809895-1825917
  - 404-4915625-1574705
  - 404-3742383-5312348
  - 402-9589017-5910709
  - 404-8064974-9653931
  - 402-6749268-7157111
  - 403-4559433-5392317
  - 171-7418196-2814757
  - 171-0053164-2214771
  - 171-7937151-8039500
  - 404-5549061-7556336
  - 171-4972479-4158760
  - 404-0344635-1993960
  - 402-0239522-7785912
  - 171-4765349-7288336
  - 171-5656503-4779525
  - 402-0298911-6895575
  - 171-0997351-0934722
  - 404-9905198-7913960
  - 403-6593029-9845962
  - 171-5367274-1493947
  - 403-4624826-5405921
  - 403-1477038-5366748
  - 403-4278657-7217143
  - 171-4406699-4545157
  - 171-2382971-8137948
  - 403-7633856-2903556
  - 171-0926033-2195501
  - 404-2714308-9390750
  - 404-8813170-9085919
  - 404-4803047-2576355
  - 402-4048476-0038713
  - 404-1966603-7649142
  - 403-4512039-5613130
  - 404-4229283-6084330
  - 403-3966587-1089167
  - 404-7603175-3860362
  - 404-5419711-3029133
  - 403-9806356-4565923
  - 403-5299856-1848358
  - 404-8815386-4709930
  - 404-2434986-7111503
  - 404-0973964-6812315
  - 402-9347918-5656316
  - 403-2305005-6549120
  - 403-6027741-2344312
  - 171-0774096-0497918
  - 171-8495854-9527533
  - 404-9751181-2845147
  - 402-7990993-9585915
  - 171-3641081-6575505
  - 171-8126318-2902729
  - 171-0956652-9545950
  - 171-1605354-4714761
  - 403-2782946-7338745
  - 404-3311947-6962715
  - 404-7281557-3071517
  - 171-1628638-7767532
  - 404-2648080-8037949
  - 171-5224026-2132363
  - 402-7424900-6057122
  - 404-9851000-4965109
  - 402-1118321-1007522
  - 402-1683997-3654708
  - 404-6888491-7125953
  - 171-8846346-9925937
  - 404-3722522-8521950
  - 404-8912615-7945122
  - 171-1528628-4060301
  - 171-1131046-4351554
  - 403-1737907-8540322
  - 403-9104253-1353944
  - 171-1816978-8772332
  - 171-6149249-8449922
Caught Exception: Internal Error
Response Status Code: 100
Error Code: 
Error Type: 
Request ID: 
XML: 
ResponseHeaderMetadata: RequestId: , ResponseContext: , Timestamp: 
ORDINI DA AGGIORNARE: 
  - 404-6304761-1613919
  - 402-4834509-3374753
  - 404-9643841-1558749
  - 404-3774433-4584317
  - 402-9208746-2593154
  - 404-0142430-6597967
  - 403-6087436-9724359
  - 402-8383651-8822747
  - 171-2607361-2295534
  - 171-5709279-8625962
  - 404-1927033-1615509
  - 403-4320781-7656329
  - 403-6754077-7310708
  - 404-4053627-9245104
  - 402-9321034-6917113
  - 402-4405135-5428368
  - 404-1295672-0650741
  - 403-0152809-2516374
  - 171-6651505-0866736
  - 171-7329868-3437948
  - 404-1516546-6096331
  - 403-3989570-2710763
  - 403-1622356-0258734
  - 402-6521323-5710763
  - 403-6302450-9892344
  - 403-5905091-1842703
  - 403-8052692-9142762
  - 402-3120553-3806731
  - 171-1745881-5209113
  - 403-8987452-2008365
  - 402-4450680-3864351
  - 402-7777036-0885145
  - 402-4241523-4594762
  - 402-6029070-7996368
  - 404-2992990-3144342
  - 402-1874527-5071545
  - 404-1651987-1614724
  - 402-3587273-6209141
  - 171-5631248-6097916
  - 404-4196125-0705115
  - 171-6484847-5143549
  - 403-8343392-9653138
  - 171-6744243-7529120
  - 404-3514231-7594707
  - 403-9054138-9934746
  - 402-0878155-6599517
  - 171-8218903-1549910
  - 171-8309374-5013949
  - 404-6117898-7780314
  - 403-9206540-7656344
  - 171-3484780-4689962
  - 404-8858443-4225922
  - 171-0257733-5868354
  - 402-4663983-4912358
  - 404-3562336-6523503
  - 171-3798121-7934714
  - 402-5189034-9576324
  - 171-2695711-7366713
  - 403-5853154-5193103
  - 403-5011192-6708363
  - 403-7915148-9346759
  - 404-6661753-0621148
  - 171-7607620-6196362
  - 403-1506481-8458755
  - 171-3885408-8925903
  - 403-9816966-6766751
  - 171-4941205-4992336
  - 171-8019100-7843553
  - 404-2290844-0711509
  - 171-8567749-2643510
  - 402-0577979-9294700
  - 404-2384591-6204347
  - 171-0006429-5779518
  - 171-1352247-0591537
  - 403-3821079-5229919
  - 404-5262536-1019527
  - 402-7088420-0718703
  - 402-2476894-5477142
  - 403-8513738-9140318
  - 403-5831163-2874710
  - 404-4619198-8258744
  - 402-4284977-4957161
  - 403-1211839-5226728
  - 171-6878367-2935542
  - 171-8798740-5659554
  - 403-7494822-4007506
  - 403-5514705-6809902
  - 403-5041563-2906765
  - 171-9255649-3542729
  - 171-2290288-9326742
  - 171-4708952-5871513
  - 404-6946645-1600361
  - 403-0438875-6118714
  - 404-3424708-0529951
  - 404-0091332-5351536
  - 171-6785224-8267504
  - 402-2887980-5407541
  - 402-5740142-7514743
  - 171-1549155-0697155
  - 402-3173929-9669936
  - 403-4333637-0400364
  - 171-4625455-7509950
  - 403-7853513-0161900
  - 404-6695757-4032328
  - 402-9173345-8593108
  - 403-2234119-3594723
  - 404-0659298-9563554
  - 402-0019171-5004370
  - 403-0697670-1243565
  - 404-3868926-7473904
  - 171-0403159-1990763
  - 403-0168656-0539521
  - 404-1043122-9469163
  - 403-2283599-8617953
  - 404-2872301-0669148
  - 404-0256610-6487551
  - 402-2616483-5061134
  - 403-3438033-6937910
  - 404-4290291-8157150
  - 404-1185875-7209906
  - 404-0212473-4504371
  - 403-4850373-5982712
  - 403-7675117-2761125
  - 171-1326090-8976329
  - 403-1202513-9066732
  - 403-3581540-6226731
  - 402-1809895-1825917
  - 404-4915625-1574705
  - 404-3742383-5312348
  - 402-9589017-5910709
  - 404-8064974-9653931
  - 402-6749268-7157111
  - 403-4559433-5392317
  - 171-7418196-2814757
  - 171-0053164-2214771
  - 171-7937151-8039500
  - 404-5549061-7556336
  - 171-4972479-4158760
  - 404-0344635-1993960
  - 402-0239522-7785912
  - 171-4765349-7288336
  - 171-5656503-4779525
  - 402-0298911-6895575
  - 171-0997351-0934722
  - 404-9905198-7913960
  - 403-6593029-9845962
  - 171-5367274-1493947
  - 403-4624826-5405921
  - 403-1477038-5366748
  - 403-4278657-7217143
  - 171-4406699-4545157
  - 171-2382971-8137948
  - 403-7633856-2903556
  - 171-0926033-2195501
  - 404-2714308-9390750
  - 404-8813170-9085919
  - 404-4803047-2576355
  - 402-4048476-0038713
  - 404-1966603-7649142
  - 403-4512039-5613130
  - 404-4229283-6084330
  - 403-3966587-1089167
  - 404-7603175-3860362
  - 404-5419711-3029133
  - 403-9806356-4565923
  - 403-5299856-1848358
  - 404-8815386-4709930
  - 404-2434986-7111503
  - 404-0973964-6812315
  - 402-9347918-5656316
  - 403-2305005-6549120
  - 403-6027741-2344312
  - 171-0774096-0497918
  - 171-8495854-9527533
  - 404-9751181-2845147
  - 402-7990993-9585915
  - 171-3641081-6575505
  - 171-8126318-2902729
  - 171-0956652-9545950
  - 171-1605354-4714761
  - 403-2782946-7338745
  - 404-3311947-6962715
  - 404-7281557-3071517
  - 171-1628638-7767532
  - 404-2648080-8037949
  - 171-5224026-2132363
  - 402-7424900-6057122
  - 404-9851000-4965109
  - 402-1118321-1007522
  - 402-1683997-3654708
  - 404-6888491-7125953
  - 171-8846346-9925937
  - 404-3722522-8521950
  - 404-8912615-7945122
  - 171-1528628-4060301
  - 171-1131046-4351554
  - 403-1737907-8540322
  - 403-9104253-1353944
  - 171-1816978-8772332
  - 171-6149249-8449922
  - 402-7253805-7501167
  - 171-3877089-4593163
  - 402-2578970-5861960
  - 402-5244813-8831542
  - 402-1423682-9473159
  - 402-8212184-0094752
  - 404-8682266-3288327
  - 403-0850458-8154731
  - 403-6752971-6606750
  - 404-9661634-0102763
  - 404-0203178-5218722
  - 403-7329362-2499557
  - 171-8277813-5940339
  - 404-8611575-1297133
  - 171-3921520-6282700
  - 404-0324563-4132372
  - 403-7263460-8981954
  - 171-4416131-2713925
  - 402-7348861-8797963
  - 404-7605562-5152312
  - 402-5232138-5026764
  - 403-8428041-1917136
  - 171-9254191-9462743
  - 171-5242073-9261920
  - 171-8242045-2114722
  - 402-0804157-6420352
  - 403-1949461-8282723
  - 171-0595124-1320305
  - 404-9504685-1992321
  - 404-7810789-8336353
  - 404-3714499-3435566
  - 171-8442258-9014703
  - 402-9909438-7975569
  - 403-1853403-2794712
  - 402-4297438-4223551
  - 403-8654590-1941905
  - 402-2147620-7409914
  - 404-5389239-8745918
  - 402-0725866-9461927
  - 403-4332667-8675523
  - 171-2229008-0802722
  - 171-6941732-1251549
  - 404-8378434-0945156
  - 171-8002744-2930722
  - 403-0766536-0727517
  - 171-4191255-3069929
  - 403-0398959-0789945
  - 404-5412696-0044307
  - 404-8585976-0408329
  - 171-8494042-0066747
