Service Response Sede 1
=============================================================================
        ListOrdersResponse
            ListOrdersResult
                CreatedBefore
                    2013-10-30T16:51:51Z
                Orders
                    Order
                        AmazonOrderId
                            402-7777840-0237935
                        PurchaseDate
                            2013-10-28T15:32:29Z
                        LastUpdateDate
                            2013-10-30T16:04:32Z
                        OrderStatus
                            Pending
                        FulfillmentChannel
                            MFN
                        SalesChannel
                            Amazon.it
                        ShipServiceLevel
                            IT PS Std Domestic
                        NumberOfItemsShipped
                            0
                        NumberOfItemsUnshipped
                            1
                        MarketplaceId
                            APJ6JRA9NG5V4
                        ShipmentServiceLevelCategory
                            Standard
                        ShippedByAmazonTFM
                            false
                    Order
                        AmazonOrderId
                            171-2642172-8609155
                        PurchaseDate
                            2013-10-28T18:38:43Z
                        LastUpdateDate
                            2013-10-28T19:13:23Z
                        OrderStatus
                            Pending
                        FulfillmentChannel
                            MFN
                        SalesChannel
                            Amazon.it
                        ShipServiceLevel
                            IT PS Std Domestic
                        OrderTotal
                            CurrencyCode
                                EUR
                            Amount
                                0.00
                        NumberOfItemsShipped
                            0
                        NumberOfItemsUnshipped
                            1
                        PaymentMethod
                            Other
                        MarketplaceId
                            APJ6JRA9NG5V4
                        ShipmentServiceLevelCategory
                            Standard
                        ShippedByAmazonTFM
                            false
                    Order
                        AmazonOrderId
                            171-0448780-8535558
                        PurchaseDate
                            2013-10-28T23:00:33Z
                        LastUpdateDate
                            2013-10-30T16:00:44Z
                        OrderStatus
                            Pending
                        FulfillmentChannel
                            MFN
                        SalesChannel
                            Amazon.it
                        ShipServiceLevel
                            IT PS Std Domestic
                        NumberOfItemsShipped
                            0
                        NumberOfItemsUnshipped
                            1
                        MarketplaceId
                            APJ6JRA9NG5V4
                        ShipmentServiceLevelCategory
                            Standard
                        ShippedByAmazonTFM
                            false
                    Order
                        AmazonOrderId
                            403-2049993-6329158
                        PurchaseDate
                            2013-10-29T08:25:57Z
                        LastUpdateDate
                            2013-10-30T08:56:34Z
                        OrderStatus
                            Pending
                        FulfillmentChannel
                            MFN
                        SalesChannel
                            Amazon.it
                        ShipServiceLevel
                            IT PS Std Domestic
                        NumberOfItemsShipped
                            0
                        NumberOfItemsUnshipped
                            1
                        MarketplaceId
                            APJ6JRA9NG5V4
                        ShipmentServiceLevelCategory
                            Standard
                        ShippedByAmazonTFM
                            false
                    Order
                        AmazonOrderId
                            171-7044447-4708353
                        PurchaseDate
                            2013-10-29T12:56:59Z
                        LastUpdateDate
                            2013-10-30T13:27:44Z
                        OrderStatus
                            Pending
                        FulfillmentChannel
                            MFN
                        SalesChannel
                            Amazon.it
                        ShipServiceLevel
                            IT PS Std Domestic
                        NumberOfItemsShipped
                            0
                        NumberOfItemsUnshipped
                            1
                        MarketplaceId
                            APJ6JRA9NG5V4
                        ShipmentServiceLevelCategory
                            Standard
                        ShippedByAmazonTFM
                            false
                    Order
                        AmazonOrderId
                            402-1182931-5217966
                        PurchaseDate
                            2013-10-29T15:23:03Z
                        LastUpdateDate
                            2013-10-30T15:53:43Z
                        OrderStatus
                            Pending
                        FulfillmentChannel
                            MFN
                        SalesChannel
                            Amazon.it
                        ShipServiceLevel
                            IT PS Std Domestic
                        OrderTotal
                            CurrencyCode
                                EUR
                            Amount
                                0.00
                        NumberOfItemsShipped
                            0
                        NumberOfItemsUnshipped
                            1
                        MarketplaceId
                            APJ6JRA9NG5V4
                        ShipmentServiceLevelCategory
                            Standard
                        ShippedByAmazonTFM
                            false
                    Order
                        AmazonOrderId
                            402-6801277-4361911
                        PurchaseDate
                            2013-10-30T13:36:10Z
                        LastUpdateDate
                            2013-10-30T14:09:57Z
                        OrderStatus
                            Pending
                        FulfillmentChannel
                            MFN
                        SalesChannel
                            Amazon.it
                        ShipServiceLevel
                            IT PS Std Domestic
                        NumberOfItemsShipped
                            0
                        NumberOfItemsUnshipped
                            1
                        MarketplaceId
                            APJ6JRA9NG5V4
                        ShipmentServiceLevelCategory
                            Standard
                        ShippedByAmazonTFM
                            false
                    Order
                        AmazonOrderId
                            171-1826067-6469122
                        PurchaseDate
                            2013-10-30T17:38:01Z
                        LastUpdateDate
                            2013-10-30T17:38:18Z
                        OrderStatus
                            Pending
                        FulfillmentChannel
                            MFN
                        SalesChannel
                            Amazon.it
                        ShipServiceLevel
                            IT PS Std Domestic
                        NumberOfItemsShipped
                            0
                        NumberOfItemsUnshipped
                            1
                        MarketplaceId
                            APJ6JRA9NG5V4
                        ShipmentServiceLevelCategory
                            Standard
            ResponseMetadata
                RequestId
                    7d06a06b-858c-4b8d-80f6-a0b72bb909ba
            ResponseHeaderMetadata: RequestId: 7d06a06b-858c-4b8d-80f6-a0b72bb909ba, ResponseContext: yZe1bPdH/MZKjR+glOhDGF1J0dUOOyWvpVIRyZXD4t6vqC19xko9IGKMfDEMvB+U+Bpx2a/CA5zI 7vqGAQlLZA==, Timestamp: 2013-10-30T16:53:51.618Z
Service Response Sede 2
=============================================================================
        ListOrdersResponse
            ListOrdersResult
                CreatedBefore
                    2013-10-30T16:51:52Z
                Orders
                    Order
                        AmazonOrderId
                            402-9696794-9161147
                        PurchaseDate
                            2013-10-28T16:18:01Z
                        LastUpdateDate
                            2013-10-30T16:49:59Z
                        OrderStatus
                            Pending
                        FulfillmentChannel
                            MFN
                        SalesChannel
                            Amazon.it
                        ShipServiceLevel
                            IT PS Std Domestic
                        OrderTotal
                            CurrencyCode
                                EUR
                            Amount
                                0.00
                        NumberOfItemsShipped
                            0
                        NumberOfItemsUnshipped
                            1
                        MarketplaceId
                            APJ6JRA9NG5V4
                        ShipmentServiceLevelCategory
                            Standard
                        ShippedByAmazonTFM
                            false
                    Order
                        AmazonOrderId
                            171-5014556-9761911
                        PurchaseDate
                            2013-10-29T18:13:53Z
                        LastUpdateDate
                            2013-10-29T18:44:17Z
                        OrderStatus
                            Pending
                        FulfillmentChannel
                            MFN
                        SalesChannel
                            Amazon.it
                        ShipServiceLevel
                            IT PS Std Domestic
                        OrderTotal
                            CurrencyCode
                                EUR
                            Amount
                                0.00
                        NumberOfItemsShipped
                            0
                        NumberOfItemsUnshipped
                            1
                        PaymentMethod
                            Other
                        MarketplaceId
                            APJ6JRA9NG5V4
                        ShipmentServiceLevelCategory
                            Standard
                        ShippedByAmazonTFM
                            false
                    Order
                        AmazonOrderId
                            404-8806038-4449901
                        PurchaseDate
                            2013-10-30T08:34:53Z
                        LastUpdateDate
                            2013-10-30T09:05:12Z
                        OrderStatus
                            Pending
                        FulfillmentChannel
                            MFN
                        SalesChannel
                            Amazon.it
                        ShipServiceLevel
                            IT PS Std Domestic
                        NumberOfItemsShipped
                            0
                        NumberOfItemsUnshipped
                            1
                        MarketplaceId
                            APJ6JRA9NG5V4
                        ShipmentServiceLevelCategory
                            Standard
                        ShippedByAmazonTFM
                            false
                    Order
                        AmazonOrderId
                            404-0322817-8945938
                        PurchaseDate
                            2013-10-30T17:24:08Z
                        LastUpdateDate
                            2013-10-30T17:29:36Z
                        OrderStatus
                            Pending
                        FulfillmentChannel
                            MFN
                        SalesChannel
                            Amazon.it
                        ShipServiceLevel
                            IT PS Std Domestic
                        NumberOfItemsShipped
                            0
                        NumberOfItemsUnshipped
                            1
                        MarketplaceId
                            APJ6JRA9NG5V4
                        ShipmentServiceLevelCategory
                            Standard
            ResponseMetadata
                RequestId
                    d836298f-f2f3-41ef-b1a5-9dc51abde8dd
            ResponseHeaderMetadata: RequestId: d836298f-f2f3-41ef-b1a5-9dc51abde8dd, ResponseContext: Dr22Kxag8kvssKNKWBqq8Awd01bkREBbtBmKPlGpvxsi22FqP/lFqWuQsmzL3/sOuGKHLRMrvZ8g 6h2WEp8AqA==, Timestamp: 2013-10-30T16:53:52.498Z
Service Response Sede 3
=============================================================================
        ListOrdersResponse
            ListOrdersResult
                CreatedBefore
                    2013-10-30T16:51:53Z
                Orders
                    Order
                        AmazonOrderId
                            404-9968905-5211550
                        PurchaseDate
                            2013-10-28T10:31:31Z
                        LastUpdateDate
                            2013-10-30T11:24:15Z
                        OrderStatus
                            Pending
                        FulfillmentChannel
                            MFN
                        SalesChannel
                            Amazon.it
                        ShipServiceLevel
                            IT PS Std Domestic
                        OrderTotal
                            CurrencyCode
                                EUR
                            Amount
                                0.00
                        NumberOfItemsShipped
                            0
                        NumberOfItemsUnshipped
                            1
                        MarketplaceId
                            APJ6JRA9NG5V4
                        ShipmentServiceLevelCategory
                            Standard
                        ShippedByAmazonTFM
                            false
                    Order
                        AmazonOrderId
                            402-3743438-2729133
                        PurchaseDate
                            2013-10-28T14:04:50Z
                        LastUpdateDate
                            2013-10-30T14:36:47Z
                        OrderStatus
                            Pending
                        FulfillmentChannel
                            MFN
                        SalesChannel
                            Amazon.it
                        ShipServiceLevel
                            IT PS Std Domestic
                        NumberOfItemsShipped
                            0
                        NumberOfItemsUnshipped
                            1
                        MarketplaceId
                            APJ6JRA9NG5V4
                        ShipmentServiceLevelCategory
                            Standard
                        ShippedByAmazonTFM
                            false
                    Order
                        AmazonOrderId
                            403-3533480-5258728
                        PurchaseDate
                            2013-10-28T21:30:35Z
                        LastUpdateDate
                            2013-10-29T22:05:12Z
                        OrderStatus
                            Pending
                        FulfillmentChannel
                            MFN
                        SalesChannel
                            Amazon.it
                        ShipServiceLevel
                            IT PS Std Domestic
                        NumberOfItemsShipped
                            0
                        NumberOfItemsUnshipped
                            1
                        PaymentMethod
                            Other
                        MarketplaceId
                            APJ6JRA9NG5V4
                        ShipmentServiceLevelCategory
                            Standard
                        ShippedByAmazonTFM
                            false
                    Order
                        AmazonOrderId
                            402-5736939-3105156
                        PurchaseDate
                            2013-10-28T23:31:03Z
                        LastUpdateDate
                            2013-10-30T00:02:09Z
                        OrderStatus
                            Pending
                        FulfillmentChannel
                            MFN
                        SalesChannel
                            Amazon.it
                        ShipServiceLevel
                            IT PS Std Domestic
                        NumberOfItemsShipped
                            0
                        NumberOfItemsUnshipped
                            1
                        PaymentMethod
                            Other
                        MarketplaceId
                            APJ6JRA9NG5V4
                        ShipmentServiceLevelCategory
                            Standard
                        ShippedByAmazonTFM
                            false
                    Order
                        AmazonOrderId
                            402-4881764-3460311
                        PurchaseDate
                            2013-10-30T13:36:10Z
                        LastUpdateDate
                            2013-10-30T14:10:34Z
                        OrderStatus
                            Pending
                        FulfillmentChannel
                            MFN
                        SalesChannel
                            Amazon.it
                        ShipServiceLevel
                            IT PS Std Domestic
                        NumberOfItemsShipped
                            0
                        NumberOfItemsUnshipped
                            1
                        MarketplaceId
                            APJ6JRA9NG5V4
                        ShipmentServiceLevelCategory
                            Standard
                        ShippedByAmazonTFM
                            false
                    Order
                        AmazonOrderId
                            171-8305707-8794728
                        PurchaseDate
                            2013-10-30T13:59:50Z
                        LastUpdateDate
                            2013-10-30T14:30:09Z
                        OrderStatus
                            Pending
                        FulfillmentChannel
                            MFN
                        SalesChannel
                            Amazon.it
                        ShipServiceLevel
                            IT PS Std Domestic
                        NumberOfItemsShipped
                            0
                        NumberOfItemsUnshipped
                            1
                        MarketplaceId
                            APJ6JRA9NG5V4
                        ShipmentServiceLevelCategory
                            Standard
                        ShippedByAmazonTFM
                            false
                    Order
                        AmazonOrderId
                            171-4565576-4239552
                        PurchaseDate
                            2013-10-30T14:38:00Z
                        LastUpdateDate
                            2013-10-30T15:08:35Z
                        OrderStatus
                            Pending
                        FulfillmentChannel
                            MFN
                        SalesChannel
                            Amazon.it
                        ShipServiceLevel
                            IT PS Std Domestic
                        NumberOfItemsShipped
                            0
                        NumberOfItemsUnshipped
                            1
                        MarketplaceId
                            APJ6JRA9NG5V4
                        ShipmentServiceLevelCategory
                            Standard
                        ShippedByAmazonTFM
                            false
                    Order
                        AmazonOrderId
                            404-9284021-2240366
                        PurchaseDate
                            2013-10-30T17:24:08Z
                        LastUpdateDate
                            2013-10-30T17:29:38Z
                        OrderStatus
                            Pending
                        FulfillmentChannel
                            MFN
                        SalesChannel
                            Amazon.it
                        ShipServiceLevel
                            IT PS Std Domestic
                        NumberOfItemsShipped
                            0
                        NumberOfItemsUnshipped
                            3
                        MarketplaceId
                            APJ6JRA9NG5V4
                        ShipmentServiceLevelCategory
                            Standard
            ResponseMetadata
                RequestId
                    ebc4ae27-c5a8-4574-9b0e-ffcaf9786ebb
            ResponseHeaderMetadata: RequestId: ebc4ae27-c5a8-4574-9b0e-ffcaf9786ebb, ResponseContext: Qs6A4ix+qSkkvHmIfhmbVabiciUOhPxXxGNgAAoiHhaI2AN+D/zcmHK4B2DmiCY5tus5Z7aP1DY/ xO6XhXympQ==, Timestamp: 2013-10-30T16:53:53.179Z
Service Response Sede 4
=============================================================================
        ListOrdersResponse
            ListOrdersResult
                CreatedBefore
                    2013-10-30T16:51:54Z
                Orders
                    Order
                        AmazonOrderId
                            402-3374648-0890747
                        PurchaseDate
                            2013-10-28T16:26:34Z
                        LastUpdateDate
                            2013-10-30T16:58:29Z
                        OrderStatus
                            Pending
                        FulfillmentChannel
                            MFN
                        SalesChannel
                            Amazon.it
                        ShipServiceLevel
                            IT PS Std Domestic
                        NumberOfItemsShipped
                            0
                        NumberOfItemsUnshipped
                            1
                        MarketplaceId
                            APJ6JRA9NG5V4
                        ShipmentServiceLevelCategory
                            Standard
                        ShippedByAmazonTFM
                            false
            ResponseMetadata
                RequestId
                    7e846ddb-ddce-4d01-a5e0-bea7b8d6edbd
            ResponseHeaderMetadata: RequestId: 7e846ddb-ddce-4d01-a5e0-bea7b8d6edbd, ResponseContext: WXzuEmV5Fb+E/Y03zAkI4Um/OexLksjrDrIt7WLT1QXe7UFKpjMDXl5ppvjVn/VDDSmz8qnIW3HM cUG/CwWrcA==, Timestamp: 2013-10-30T16:53:54.029Z
