_POST_PRODUCT_DATA_:
<?xml version="1.0" encoding="utf-8"?>
<AmazonEnvelope xmlns:xsi="http://www.w3.org/2001/XMLSchema-instance"
  xsi:noNamespaceSchemaLocation="amzn-envelope.xsd">
  <Header>
    <DocumentVersion>1.01</DocumentVersion>
  </Header><MessageType>Product</MessageType><Message><MessageID>1</MessageID><OperationType>Update</OperationType><Product><SKU>32510</SKU><StandardProductID><Type>ISBN</Type><Value>9788878191365</Value></StandardProductID><Condition><ConditionType>UsedGood</ConditionType></Condition></Product></Message><Message><MessageID>2</MessageID><OperationType>Update</OperationType><Product><SKU>32509</SKU><StandardProductID><Type>ISBN</Type><Value>9788870789768</Value></StandardProductID><Condition><ConditionType>UsedGood</ConditionType></Condition></Product></Message><Message><MessageID>3</MessageID><OperationType>Update</OperationType><Product><SKU>32503</SKU><StandardProductID><Type>ISBN</Type><Value>9788877828521</Value></StandardProductID><Condition><ConditionType>UsedGood</ConditionType></Condition></Product></Message><Message><MessageID>4</MessageID><OperationType>Update</OperationType><Product><SKU>32508</SKU><StandardProductID><Type>ISBN</Type><Value>9788815063403</Value></StandardProductID><Condition><ConditionType>UsedGood</ConditionType></Condition></Product></Message><Message><MessageID>5</MessageID><OperationType>Update</OperationType><Product><SKU>32507</SKU><StandardProductID><Type>ISBN</Type><Value>9788842076704</Value></StandardProductID><Condition><ConditionType>UsedAcceptable</ConditionType></Condition></Product></Message><Message><MessageID>6</MessageID><OperationType>Update</OperationType><Product><SKU>32504</SKU><StandardProductID><Type>ISBN</Type><Value>9788878190948</Value></StandardProductID><Condition><ConditionType>UsedGood</ConditionType></Condition></Product></Message><Message><MessageID>7</MessageID><OperationType>Update</OperationType><Product><SKU>32505</SKU><StandardProductID><Type>ISBN</Type><Value>9788820044053</Value></StandardProductID><Condition><ConditionType>UsedGood</ConditionType></Condition></Product></Message><Message><MessageID>8</MessageID><OperationType>Update</OperationType><Product><SKU>32506</SKU><StandardProductID><Type>ISBN</Type><Value>9788815104946</Value></StandardProductID><Condition><ConditionType>UsedAcceptable</ConditionType></Condition></Product></Message><Message><MessageID>9</MessageID><OperationType>Update</OperationType><Product><SKU>32502</SKU><StandardProductID><Type>ISBN</Type><Value>9788878195820</Value></StandardProductID><Condition><ConditionType>UsedGood</ConditionType></Condition></Product></Message><Message><MessageID>10</MessageID><OperationType>Update</OperationType><Product><SKU>32499</SKU><StandardProductID><Type>ISBN</Type><Value>9788853804716</Value></StandardProductID></Product></Message><Message><MessageID>11</MessageID><OperationType>Update</OperationType><Product><SKU>32500</SKU><StandardProductID><Type>ISBN</Type><Value>9788817844130</Value></StandardProductID><Condition><ConditionType>UsedGood</ConditionType></Condition></Product></Message><Message><MessageID>12</MessageID><OperationType>Update</OperationType><Product><SKU>32501</SKU><StandardProductID><Type>ISBN</Type><Value>9788878194281</Value></StandardProductID><Condition><ConditionType>UsedGood</ConditionType></Condition></Product></Message></AmazonEnvelope>


Service Response
=============================================================================
        SubmitFeedResponse
            SubmitFeedResult
                FeedSubmissionInfo
                    FeedSubmissionId
                        6436596458
                    FeedType
                        _POST_PRODUCT_DATA_
                    SubmittedDate
                        2013-09-28T18:58:20Z
                    FeedProcessingStatus
                        _SUBMITTED_
            ResponseMetadata
                RequestId
                    1f003567-efec-42e0-a73b-4407177c173f
            ResponseHeaderMetadata: RequestId: 1f003567-efec-42e0-a73b-4407177c173f, ResponseContext: hD/2fMZBtJMTOR5jfrSvUemVttP1eb/hhGO3h9JVmXrrtiM0h1AlROEbupKeoz7P2Nf2lcCsCpz7 V59r7ydnYUVRjrDKNIgx,G75mi7/M0KzT9Xz2yGhWjJu1itDZnNLFI0A2P+6sMQ26F8mWGj6shee/d15giQnCmLmBOsyohz4=, Timestamp: 2013-09-28T18:58:19.967Z
_POST_INVENTORY_AVAILABILITY_DATA_:
<?xml version="1.0" encoding="utf-8"?>
<AmazonEnvelope xmlns:xsi="http://www.w3.org/2001/XMLSchema-instance"
  xsi:noNamespaceSchemaLocation="amzn-envelope.xsd">
  <Header>
    <DocumentVersion>1.01</DocumentVersion>
  </Header><MessageType>Inventory</MessageType><Message><MessageID>1</MessageID><OperationType>Update</OperationType><Inventory><SKU>32510</SKU><Quantity>1</Quantity><FulfillmentLatency>5</FulfillmentLatency></Inventory></Message><Message><MessageID>2</MessageID><OperationType>Update</OperationType><Inventory><SKU>32509</SKU><Quantity>1</Quantity><FulfillmentLatency>5</FulfillmentLatency></Inventory></Message><Message><MessageID>3</MessageID><OperationType>Update</OperationType><Inventory><SKU>32506</SKU><Quantity>1</Quantity><FulfillmentLatency>5</FulfillmentLatency></Inventory></Message><Message><MessageID>4</MessageID><OperationType>Update</OperationType><Inventory><SKU>32507</SKU><Quantity>1</Quantity><FulfillmentLatency>5</FulfillmentLatency></Inventory></Message><Message><MessageID>5</MessageID><OperationType>Update</OperationType><Inventory><SKU>32508</SKU><Quantity>1</Quantity><FulfillmentLatency>5</FulfillmentLatency></Inventory></Message><Message><MessageID>6</MessageID><OperationType>Update</OperationType><Inventory><SKU>32504</SKU><Quantity>1</Quantity><FulfillmentLatency>5</FulfillmentLatency></Inventory></Message><Message><MessageID>7</MessageID><OperationType>Update</OperationType><Inventory><SKU>32505</SKU><Quantity>1</Quantity><FulfillmentLatency>5</FulfillmentLatency></Inventory></Message><Message><MessageID>8</MessageID><OperationType>Update</OperationType><Inventory><SKU>32503</SKU><Quantity>1</Quantity><FulfillmentLatency>5</FulfillmentLatency></Inventory></Message><Message><MessageID>9</MessageID><OperationType>Update</OperationType><Inventory><SKU>32502</SKU><Quantity>1</Quantity><FulfillmentLatency>5</FulfillmentLatency></Inventory></Message><Message><MessageID>10</MessageID><OperationType>Update</OperationType><Inventory><SKU>32501</SKU><Quantity>1</Quantity><FulfillmentLatency>5</FulfillmentLatency></Inventory></Message><Message><MessageID>11</MessageID><OperationType>Update</OperationType><Inventory><SKU>32499</SKU><Quantity>1</Quantity><FulfillmentLatency>5</FulfillmentLatency></Inventory></Message><Message><MessageID>12</MessageID><OperationType>Update</OperationType><Inventory><SKU>32500</SKU><Quantity>1</Quantity><FulfillmentLatency>5</FulfillmentLatency></Inventory></Message></AmazonEnvelope>


Service Response
=============================================================================
        SubmitFeedResponse
            SubmitFeedResult
                FeedSubmissionInfo
                    FeedSubmissionId
                        6436597734
                    FeedType
                        _POST_INVENTORY_AVAILABILITY_DATA_
                    SubmittedDate
                        2013-09-28T18:58:30Z
                    FeedProcessingStatus
                        _SUBMITTED_
            ResponseMetadata
                RequestId
                    130f835c-d0ca-424e-a72a-d5c9e9573603
            ResponseHeaderMetadata: RequestId: 130f835c-d0ca-424e-a72a-d5c9e9573603, ResponseContext: t4+tSmvWHnJhi4TpcktYlxr2KFEolx6PYP+V1pKttQzUXGOf/3cll+FbartgtvxOEW5rqwaQ8SNp i+gsgrTzchG6/IpOLcYS,xs1jfjfubZBYgWJCVSlUQVFM6v/yEyrFICEyiX6JXttFYiP+CZxPrexXndJ49IHRgW20b981j3A=, Timestamp: 2013-09-28T18:58:30.643Z
_POST_PRODUCT_PRICING_DATA_:
<?xml version="1.0" encoding="utf-8"?>
<AmazonEnvelope xmlns:xsi="http://www.w3.org/2001/XMLSchema-instance"
  xsi:noNamespaceSchemaLocation="amzn-envelope.xsd">
  <Header>
    <DocumentVersion>1.01</DocumentVersion>
  </Header><MessageType>Price</MessageType><Message><MessageID>1</MessageID><OperationType>Update</OperationType><Price><SKU>32510</SKU><StandardPrice currency="EUR">4.45</StandardPrice></Price></Message><Message><MessageID>2</MessageID><OperationType>Update</OperationType><Price><SKU>32509</SKU><StandardPrice currency="EUR">9.90</StandardPrice></Price></Message><Message><MessageID>3</MessageID><OperationType>Update</OperationType><Price><SKU>32508</SKU><StandardPrice currency="EUR">15.00</StandardPrice></Price></Message><Message><MessageID>4</MessageID><OperationType>Update</OperationType><Price><SKU>32507</SKU><StandardPrice currency="EUR">7.00</StandardPrice></Price></Message><Message><MessageID>5</MessageID><OperationType>Update</OperationType><Price><SKU>32506</SKU><StandardPrice currency="EUR">9.50</StandardPrice></Price></Message><Message><MessageID>6</MessageID><OperationType>Update</OperationType><Price><SKU>32503</SKU><StandardPrice currency="EUR">9.25</StandardPrice></Price></Message><Message><MessageID>7</MessageID><OperationType>Update</OperationType><Price><SKU>32504</SKU><StandardPrice currency="EUR">3.88</StandardPrice></Price></Message><Message><MessageID>8</MessageID><OperationType>Update</OperationType><Price><SKU>32505</SKU><StandardPrice currency="EUR">9.00</StandardPrice></Price></Message><Message><MessageID>9</MessageID><OperationType>Update</OperationType><Price><SKU>32502</SKU><StandardPrice currency="EUR">4.25</StandardPrice></Price></Message><Message><MessageID>10</MessageID><OperationType>Update</OperationType><Price><SKU>32501</SKU><StandardPrice currency="EUR">4.00</StandardPrice></Price></Message><Message><MessageID>11</MessageID><OperationType>Update</OperationType><Price><SKU>32499</SKU><StandardPrice currency="EUR">14.35</StandardPrice></Price></Message><Message><MessageID>12</MessageID><OperationType>Update</OperationType><Price><SKU>32500</SKU><StandardPrice currency="EUR">7.75</StandardPrice></Price></Message></AmazonEnvelope>


Service Response
=============================================================================
        SubmitFeedResponse
            SubmitFeedResult
                FeedSubmissionInfo
                    FeedSubmissionId
                        6436598280
                    FeedType
                        _POST_PRODUCT_PRICING_DATA_
                    SubmittedDate
                        2013-09-28T18:58:41Z
                    FeedProcessingStatus
                        _SUBMITTED_
            ResponseMetadata
                RequestId
                    71a39405-b089-471f-a720-a6adb81f7157
            ResponseHeaderMetadata: RequestId: 71a39405-b089-471f-a720-a6adb81f7157, ResponseContext: m/uRHkmAhVB9IU6Ploz/qTigx0ol42eGxHjrQx0smKdS/l8m4W3vRqV9fcqUZKsPUES/1xixVIui QE+4B1TWxSX3p8aCeHzl,AcgCasNadrsYAIA02kt27HY+CIagpOUdNv6nBp90fRp5BMvJl73l2AJUGkjHP3TSCqsTYpkLUow=, Timestamp: 2013-09-28T18:58:41.261Z
