_POST_PRODUCT_DATA_:
<?xml version="1.0" encoding="utf-8"?>
<AmazonEnvelope xmlns:xsi="http://www.w3.org/2001/XMLSchema-instance"
  xsi:noNamespaceSchemaLocation="amzn-envelope.xsd">
  <Header>
    <DocumentVersion>1.01</DocumentVersion>
  </Header><MessageType>Product</MessageType><Message><MessageID>1</MessageID><OperationType>Update</OperationType><Product><SKU>39497</SKU><StandardProductID><Type>ISBN</Type><Value>9780194648851</Value></StandardProductID><Condition><ConditionType>UsedAcceptable</ConditionType></Condition></Product></Message><Message><MessageID>2</MessageID><OperationType>Update</OperationType><Product><SKU>39498</SKU><StandardProductID><Type>ISBN</Type><Value>9788808223586</Value></StandardProductID><Condition><ConditionType>UsedAcceptable</ConditionType></Condition></Product></Message><Message><MessageID>3</MessageID><OperationType>Update</OperationType><Product><SKU>39499</SKU><StandardProductID><Type>ISBN</Type><Value>9788805072903</Value></StandardProductID><Condition><ConditionType>UsedAcceptable</ConditionType></Condition></Product></Message><Message><MessageID>4</MessageID><OperationType>Update</OperationType><Product><SKU>39500</SKU><StandardProductID><Type>ISBN</Type><Value>9788853805287</Value></StandardProductID><Condition><ConditionType>UsedAcceptable</ConditionType></Condition></Product></Message><Message><MessageID>5</MessageID><OperationType>Update</OperationType><Product><SKU>39501</SKU><StandardProductID><Type>ISBN</Type><Value>9788839532206</Value></StandardProductID><Condition><ConditionType>UsedAcceptable</ConditionType></Condition></Product></Message><Message><MessageID>6</MessageID><OperationType>Update</OperationType><Product><SKU>39502</SKU><StandardProductID><Type>ISBN</Type><Value>9788800218764</Value></StandardProductID><Condition><ConditionType>UsedAcceptable</ConditionType></Condition></Product></Message><Message><MessageID>7</MessageID><OperationType>Update</OperationType><Product><SKU>39503</SKU><StandardProductID><Type>ISBN</Type><Value>9788853613240</Value></StandardProductID><Condition><ConditionType>UsedAcceptable</ConditionType></Condition></Product></Message><Message><MessageID>8</MessageID><OperationType>Update</OperationType><Product><SKU>39504</SKU><StandardProductID><Type>ISBN</Type><Value>9788845261701</Value></StandardProductID><Condition><ConditionType>UsedGood</ConditionType></Condition></Product></Message><Message><MessageID>9</MessageID><OperationType>Update</OperationType><Product><SKU>39505</SKU><StandardProductID><Type>ISBN</Type><Value>9788823434257</Value></StandardProductID><Condition><ConditionType>UsedAcceptable</ConditionType></Condition></Product></Message></AmazonEnvelope>


Service Response
=============================================================================
        SubmitFeedResponse
            SubmitFeedResult
                FeedSubmissionInfo
                    FeedSubmissionId
                        6762515324
                    FeedType
                        _POST_PRODUCT_DATA_
                    SubmittedDate
                        2013-11-04T17:02:50Z
                    FeedProcessingStatus
                        _SUBMITTED_
            ResponseMetadata
                RequestId
                    87845195-066c-4771-a805-ebfd0b4f6b23
            ResponseHeaderMetadata: RequestId: 87845195-066c-4771-a805-ebfd0b4f6b23, ResponseContext: UUx3CdRLrHcf1fszTQxU/G3fZWKMsybXJhKdVls99pturiBN64LD0CV8wBzDJrDA8idxr7f6mrPz lGFuMRt42gvoy6KOdVnS,GxmtFYQwas6LwEQaUuTmnDRxjAc5EgqoH2zQyRjnA8j29/kiyApMiWEnY/KsZu4U1Wg5Joz68Vcu u9DcboQdkw==, Timestamp: 2013-11-04T17:02:50.498Z
_POST_INVENTORY_AVAILABILITY_DATA_:
<?xml version="1.0" encoding="utf-8"?>
<AmazonEnvelope xmlns:xsi="http://www.w3.org/2001/XMLSchema-instance"
  xsi:noNamespaceSchemaLocation="amzn-envelope.xsd">
  <Header>
    <DocumentVersion>1.01</DocumentVersion>
  </Header><MessageType>Inventory</MessageType><Message><MessageID>1</MessageID><OperationType>Update</OperationType><Inventory><SKU>39497</SKU><Quantity>1</Quantity><FulfillmentLatency>5</FulfillmentLatency></Inventory></Message><Message><MessageID>2</MessageID><OperationType>Update</OperationType><Inventory><SKU>39498</SKU><Quantity>1</Quantity><FulfillmentLatency>5</FulfillmentLatency></Inventory></Message><Message><MessageID>3</MessageID><OperationType>Update</OperationType><Inventory><SKU>39499</SKU><Quantity>1</Quantity><FulfillmentLatency>5</FulfillmentLatency></Inventory></Message><Message><MessageID>4</MessageID><OperationType>Update</OperationType><Inventory><SKU>39500</SKU><Quantity>1</Quantity><FulfillmentLatency>5</FulfillmentLatency></Inventory></Message><Message><MessageID>5</MessageID><OperationType>Update</OperationType><Inventory><SKU>39501</SKU><Quantity>1</Quantity><FulfillmentLatency>5</FulfillmentLatency></Inventory></Message><Message><MessageID>6</MessageID><OperationType>Update</OperationType><Inventory><SKU>39502</SKU><Quantity>1</Quantity><FulfillmentLatency>5</FulfillmentLatency></Inventory></Message><Message><MessageID>7</MessageID><OperationType>Update</OperationType><Inventory><SKU>39503</SKU><Quantity>1</Quantity><FulfillmentLatency>5</FulfillmentLatency></Inventory></Message><Message><MessageID>8</MessageID><OperationType>Update</OperationType><Inventory><SKU>39504</SKU><Quantity>1</Quantity><FulfillmentLatency>5</FulfillmentLatency></Inventory></Message><Message><MessageID>9</MessageID><OperationType>Update</OperationType><Inventory><SKU>39505</SKU><Quantity>1</Quantity><FulfillmentLatency>5</FulfillmentLatency></Inventory></Message></AmazonEnvelope>


Service Response
=============================================================================
        SubmitFeedResponse
            SubmitFeedResult
                FeedSubmissionInfo
                    FeedSubmissionId
                        6762516502
                    FeedType
                        _POST_INVENTORY_AVAILABILITY_DATA_
                    SubmittedDate
                        2013-11-04T17:03:01Z
                    FeedProcessingStatus
                        _SUBMITTED_
            ResponseMetadata
                RequestId
                    42c7b237-2783-4e03-96e1-dfec8b5f4700
            ResponseHeaderMetadata: RequestId: 42c7b237-2783-4e03-96e1-dfec8b5f4700, ResponseContext: iaDzSJQ356jCAKO3xYrd2TZt8ldE+4D2syi55P0v5mRnMHvCY8orZRtt4U5DAxDDdstvV7Uo5Zbe aoKCof2wK+cOL8gGDRy4,PQ302U6XpDvcXSNF60Q8b0ttjzX1Uj2dUST8+TIerqfZee+NKgD12ZfKuo1ILW+SUggkFzkUe2XU u1lnIZH5kA==, Timestamp: 2013-11-04T17:03:01.190Z
_POST_PRODUCT_PRICING_DATA_:
<?xml version="1.0" encoding="utf-8"?>
<AmazonEnvelope xmlns:xsi="http://www.w3.org/2001/XMLSchema-instance"
  xsi:noNamespaceSchemaLocation="amzn-envelope.xsd">
  <Header>
    <DocumentVersion>1.01</DocumentVersion>
  </Header><MessageType>Price</MessageType><Message><MessageID>1</MessageID><OperationType>Update</OperationType><Price><SKU>39497</SKU><StandardPrice currency="EUR">13.50</StandardPrice></Price></Message><Message><MessageID>2</MessageID><OperationType>Update</OperationType><Price><SKU>39498</SKU><StandardPrice currency="EUR">18.00</StandardPrice></Price></Message><Message><MessageID>3</MessageID><OperationType>Update</OperationType><Price><SKU>39499</SKU><StandardPrice currency="EUR">20.88</StandardPrice></Price></Message><Message><MessageID>4</MessageID><OperationType>Update</OperationType><Price><SKU>39500</SKU><StandardPrice currency="EUR">14.35</StandardPrice></Price></Message><Message><MessageID>5</MessageID><OperationType>Update</OperationType><Price><SKU>39501</SKU><StandardPrice currency="EUR">20.34</StandardPrice></Price></Message><Message><MessageID>6</MessageID><OperationType>Update</OperationType><Price><SKU>39502</SKU><StandardPrice currency="EUR">19.02</StandardPrice></Price></Message><Message><MessageID>7</MessageID><OperationType>Update</OperationType><Price><SKU>39503</SKU><StandardPrice currency="EUR">11.70</StandardPrice></Price></Message><Message><MessageID>8</MessageID><OperationType>Update</OperationType><Price><SKU>39504</SKU><StandardPrice currency="EUR">9.00</StandardPrice></Price></Message><Message><MessageID>9</MessageID><OperationType>Update</OperationType><Price><SKU>39505</SKU><StandardPrice currency="EUR">15.48</StandardPrice></Price></Message></AmazonEnvelope>


Service Response
=============================================================================
        SubmitFeedResponse
            SubmitFeedResult
                FeedSubmissionInfo
                    FeedSubmissionId
                        6762518032
                    FeedType
                        _POST_PRODUCT_PRICING_DATA_
                    SubmittedDate
                        2013-11-04T17:03:12Z
                    FeedProcessingStatus
                        _SUBMITTED_
            ResponseMetadata
                RequestId
                    3df5217e-5fde-411b-9459-24b58d0fc811
            ResponseHeaderMetadata: RequestId: 3df5217e-5fde-411b-9459-24b58d0fc811, ResponseContext: UUx3CdRLrHcf1fszTQxU/G3fZWKMsybXJhKdVls99pturiBN64LD0CV8wBzDJrDA8idxr7f6mrPz lGFuMRt42gvoy6KOdVnS,ve8Tjsi79OsGc1oRDkV81pz0NWf6CBuy4WZHRWkrYVnMwa1ghpxxOyMeBjFtBI5ubrzLqaWguVvV jiOn7q9zuw==, Timestamp: 2013-11-04T17:03:11.871Z
