_POST_PRODUCT_DATA_:
<?xml version="1.0" encoding="utf-8"?>
<AmazonEnvelope xmlns:xsi="http://www.w3.org/2001/XMLSchema-instance"
  xsi:noNamespaceSchemaLocation="amzn-envelope.xsd">
  <Header>
    <DocumentVersion>1.01</DocumentVersion>
  </Header><MessageType>Product</MessageType><Message><MessageID>1</MessageID><OperationType>Update</OperationType><Product><SKU>39013</SKU><StandardProductID><Type>ISBN</Type><Value>9788861610804</Value></StandardProductID></Product></Message><Message><MessageID>2</MessageID><OperationType>Update</OperationType><Product><SKU>39014</SKU><StandardProductID><Type>ISBN</Type><Value>9788811362968</Value></StandardProductID><Condition><ConditionType>UsedGood</ConditionType></Condition></Product></Message><Message><MessageID>3</MessageID><OperationType>Update</OperationType><Product><SKU>39015</SKU><StandardProductID><Type>ISBN</Type><Value>9788878137943</Value></StandardProductID><Condition><ConditionType>UsedGood</ConditionType></Condition></Product></Message><Message><MessageID>4</MessageID><OperationType>Update</OperationType><Product><SKU>39016</SKU><StandardProductID><Type>ISBN</Type><Value>9788815065537</Value></StandardProductID><Condition><ConditionType>UsedAcceptable</ConditionType></Condition></Product></Message><Message><MessageID>5</MessageID><OperationType>Update</OperationType><Product><SKU>39017</SKU><StandardProductID><Type>ISBN</Type><Value>9788807016233</Value></StandardProductID><Condition><ConditionType>UsedGood</ConditionType></Condition></Product></Message><Message><MessageID>6</MessageID><OperationType>Update</OperationType><Product><SKU>39018</SKU><StandardProductID><Type>ISBN</Type><Value>9788882461898</Value></StandardProductID><Condition><ConditionType>UsedGood</ConditionType></Condition></Product></Message><Message><MessageID>7</MessageID><OperationType>Update</OperationType><Product><SKU>39019</SKU><StandardProductID><Type>ISBN</Type><Value>9788806170189</Value></StandardProductID><Condition><ConditionType>UsedGood</ConditionType></Condition></Product></Message><Message><MessageID>8</MessageID><OperationType>Update</OperationType><Product><SKU>39020</SKU><StandardProductID><Type>ISBN</Type><Value>9780521627122</Value></StandardProductID><Condition><ConditionType>UsedAcceptable</ConditionType></Condition></Product></Message><Message><MessageID>9</MessageID><OperationType>Update</OperationType><Product><SKU>39021</SKU><StandardProductID><Type>ISBN</Type><Value>9788820047580</Value></StandardProductID><Condition><ConditionType>UsedGood</ConditionType></Condition></Product></Message><Message><MessageID>10</MessageID><OperationType>Update</OperationType><Product><SKU>39022</SKU><StandardProductID><Type>ISBN</Type><Value>9788888320502</Value></StandardProductID><Condition><ConditionType>UsedGood</ConditionType></Condition></Product></Message><Message><MessageID>11</MessageID><OperationType>Update</OperationType><Product><SKU>39023</SKU><StandardProductID><Type>ISBN</Type><Value>9788804526971</Value></StandardProductID><Condition><ConditionType>UsedGood</ConditionType></Condition></Product></Message><Message><MessageID>12</MessageID><OperationType>Update</OperationType><Product><SKU>39024</SKU><StandardProductID><Type>ISBN</Type><Value>9788804592723</Value></StandardProductID><Condition><ConditionType>UsedGood</ConditionType></Condition></Product></Message><Message><MessageID>13</MessageID><OperationType>Update</OperationType><Product><SKU>39025</SKU><StandardProductID><Type>ISBN</Type><Value>9788804588139</Value></StandardProductID><Condition><ConditionType>UsedGood</ConditionType></Condition></Product></Message><Message><MessageID>14</MessageID><OperationType>Update</OperationType><Product><SKU>39026</SKU><StandardProductID><Type>ISBN</Type><Value>9788815114099</Value></StandardProductID><Condition><ConditionType>UsedAcceptable</ConditionType></Condition></Product></Message><Message><MessageID>15</MessageID><OperationType>Update</OperationType><Product><SKU>39027</SKU><StandardProductID><Type>ISBN</Type><Value>9788842085744</Value></StandardProductID><Condition><ConditionType>UsedGood</ConditionType></Condition></Product></Message><Message><MessageID>16</MessageID><OperationType>Update</OperationType><Product><SKU>39028</SKU><StandardProductID><Type>ISBN</Type><Value>9788856620597</Value></StandardProductID><Condition><ConditionType>UsedGood</ConditionType></Condition></Product></Message><Message><MessageID>17</MessageID><OperationType>Update</OperationType><Product><SKU>39029</SKU><StandardProductID><Type>ISBN</Type><Value>9788850208623</Value></StandardProductID><Condition><ConditionType>UsedGood</ConditionType></Condition></Product></Message><Message><MessageID>18</MessageID><OperationType>Update</OperationType><Product><SKU>39030</SKU><StandardProductID><Type>ISBN</Type><Value>9788806197674</Value></StandardProductID><Condition><ConditionType>UsedGood</ConditionType></Condition></Product></Message><Message><MessageID>19</MessageID><OperationType>Update</OperationType><Product><SKU>39031</SKU><StandardProductID><Type>ISBN</Type><Value>9788871642680</Value></StandardProductID><Condition><ConditionType>UsedGood</ConditionType></Condition></Product></Message><Message><MessageID>20</MessageID><OperationType>Update</OperationType><Product><SKU>39032</SKU><StandardProductID><Type>ISBN</Type><Value>9788845189869</Value></StandardProductID><Condition><ConditionType>UsedAcceptable</ConditionType></Condition></Product></Message><Message><MessageID>21</MessageID><OperationType>Update</OperationType><Product><SKU>39033</SKU><StandardProductID><Type>ISBN</Type><Value>9788817062688</Value></StandardProductID><Condition><ConditionType>UsedGood</ConditionType></Condition></Product></Message><Message><MessageID>22</MessageID><OperationType>Update</OperationType><Product><SKU>39034</SKU><StandardProductID><Type>ISBN</Type><Value>9780521724579</Value></StandardProductID><Condition><ConditionType>UsedAcceptable</ConditionType></Condition></Product></Message><Message><MessageID>23</MessageID><OperationType>Update</OperationType><Product><SKU>39035</SKU><StandardProductID><Type>ISBN</Type><Value>9788820054915</Value></StandardProductID><Condition><ConditionType>UsedGood</ConditionType></Condition></Product></Message><Message><MessageID>24</MessageID><OperationType>Update</OperationType><Product><SKU>39036</SKU><StandardProductID><Type>ISBN</Type><Value>9788820041304</Value></StandardProductID><Condition><ConditionType>UsedGood</ConditionType></Condition></Product></Message><Message><MessageID>25</MessageID><OperationType>Update</OperationType><Product><SKU>39037</SKU><StandardProductID><Type>ISBN</Type><Value>9788860880086</Value></StandardProductID><Condition><ConditionType>UsedGood</ConditionType></Condition></Product></Message><Message><MessageID>26</MessageID><OperationType>Update</OperationType><Product><SKU>39038</SKU><StandardProductID><Type>ISBN</Type><Value>9788807018145</Value></StandardProductID><Condition><ConditionType>UsedGood</ConditionType></Condition></Product></Message><Message><MessageID>27</MessageID><OperationType>Update</OperationType><Product><SKU>39039</SKU><StandardProductID><Type>ISBN</Type><Value>9788854154803</Value></StandardProductID><Condition><ConditionType>UsedGood</ConditionType></Condition></Product></Message><Message><MessageID>28</MessageID><OperationType>Update</OperationType><Product><SKU>39040</SKU><StandardProductID><Type>ISBN</Type><Value>9788854152328</Value></StandardProductID><Condition><ConditionType>UsedGood</ConditionType></Condition></Product></Message></AmazonEnvelope>


Service Response
=============================================================================
        SubmitFeedResponse
            SubmitFeedResult
                FeedSubmissionInfo
                    FeedSubmissionId
                        6664071278
                    FeedType
                        _POST_PRODUCT_DATA_
                    SubmittedDate
                        2013-10-24T16:00:38Z
                    FeedProcessingStatus
                        _SUBMITTED_
            ResponseMetadata
                RequestId
                    7d908313-fef7-444f-ac17-327576d37e43
            ResponseHeaderMetadata: RequestId: 7d908313-fef7-444f-ac17-327576d37e43, ResponseContext: W5lZprL2ejHrX1wm8kd0R7laSuu8SN9JOUMmuvFoRWWmqr4dLlGxrRdhLNaYuc7WzPr0vTPYP+YK D7wMgQzBCdlNrdgNGL1D,w7kVaaKDQapTE+WNPoGuV9yhpYRHZ2MOQvPJuh+uGCIQQ2SQhWv4MKm8AnGlP78cvf4XKuRgoYes ycmyafJzHQ==, Timestamp: 2013-10-24T16:00:37.950Z
_POST_INVENTORY_AVAILABILITY_DATA_:
<?xml version="1.0" encoding="utf-8"?>
<AmazonEnvelope xmlns:xsi="http://www.w3.org/2001/XMLSchema-instance"
  xsi:noNamespaceSchemaLocation="amzn-envelope.xsd">
  <Header>
    <DocumentVersion>1.01</DocumentVersion>
  </Header><MessageType>Inventory</MessageType><Message><MessageID>1</MessageID><OperationType>Update</OperationType><Inventory><SKU>39013</SKU><Quantity>1</Quantity><FulfillmentLatency>5</FulfillmentLatency></Inventory></Message><Message><MessageID>2</MessageID><OperationType>Update</OperationType><Inventory><SKU>39014</SKU><Quantity>1</Quantity><FulfillmentLatency>5</FulfillmentLatency></Inventory></Message><Message><MessageID>3</MessageID><OperationType>Update</OperationType><Inventory><SKU>39015</SKU><Quantity>1</Quantity><FulfillmentLatency>5</FulfillmentLatency></Inventory></Message><Message><MessageID>4</MessageID><OperationType>Update</OperationType><Inventory><SKU>39016</SKU><Quantity>1</Quantity><FulfillmentLatency>5</FulfillmentLatency></Inventory></Message><Message><MessageID>5</MessageID><OperationType>Update</OperationType><Inventory><SKU>39017</SKU><Quantity>1</Quantity><FulfillmentLatency>5</FulfillmentLatency></Inventory></Message><Message><MessageID>6</MessageID><OperationType>Update</OperationType><Inventory><SKU>39018</SKU><Quantity>1</Quantity><FulfillmentLatency>5</FulfillmentLatency></Inventory></Message><Message><MessageID>7</MessageID><OperationType>Update</OperationType><Inventory><SKU>39019</SKU><Quantity>1</Quantity><FulfillmentLatency>5</FulfillmentLatency></Inventory></Message><Message><MessageID>8</MessageID><OperationType>Update</OperationType><Inventory><SKU>39020</SKU><Quantity>1</Quantity><FulfillmentLatency>5</FulfillmentLatency></Inventory></Message><Message><MessageID>9</MessageID><OperationType>Update</OperationType><Inventory><SKU>39021</SKU><Quantity>1</Quantity><FulfillmentLatency>5</FulfillmentLatency></Inventory></Message><Message><MessageID>10</MessageID><OperationType>Update</OperationType><Inventory><SKU>39022</SKU><Quantity>1</Quantity><FulfillmentLatency>5</FulfillmentLatency></Inventory></Message><Message><MessageID>11</MessageID><OperationType>Update</OperationType><Inventory><SKU>39023</SKU><Quantity>1</Quantity><FulfillmentLatency>5</FulfillmentLatency></Inventory></Message><Message><MessageID>12</MessageID><OperationType>Update</OperationType><Inventory><SKU>39024</SKU><Quantity>1</Quantity><FulfillmentLatency>5</FulfillmentLatency></Inventory></Message><Message><MessageID>13</MessageID><OperationType>Update</OperationType><Inventory><SKU>39025</SKU><Quantity>1</Quantity><FulfillmentLatency>5</FulfillmentLatency></Inventory></Message><Message><MessageID>14</MessageID><OperationType>Update</OperationType><Inventory><SKU>39026</SKU><Quantity>1</Quantity><FulfillmentLatency>5</FulfillmentLatency></Inventory></Message><Message><MessageID>15</MessageID><OperationType>Update</OperationType><Inventory><SKU>39027</SKU><Quantity>1</Quantity><FulfillmentLatency>5</FulfillmentLatency></Inventory></Message><Message><MessageID>16</MessageID><OperationType>Update</OperationType><Inventory><SKU>39028</SKU><Quantity>1</Quantity><FulfillmentLatency>5</FulfillmentLatency></Inventory></Message><Message><MessageID>17</MessageID><OperationType>Update</OperationType><Inventory><SKU>39029</SKU><Quantity>1</Quantity><FulfillmentLatency>5</FulfillmentLatency></Inventory></Message><Message><MessageID>18</MessageID><OperationType>Update</OperationType><Inventory><SKU>39030</SKU><Quantity>1</Quantity><FulfillmentLatency>5</FulfillmentLatency></Inventory></Message><Message><MessageID>19</MessageID><OperationType>Update</OperationType><Inventory><SKU>39031</SKU><Quantity>1</Quantity><FulfillmentLatency>5</FulfillmentLatency></Inventory></Message><Message><MessageID>20</MessageID><OperationType>Update</OperationType><Inventory><SKU>39032</SKU><Quantity>1</Quantity><FulfillmentLatency>5</FulfillmentLatency></Inventory></Message><Message><MessageID>21</MessageID><OperationType>Update</OperationType><Inventory><SKU>39033</SKU><Quantity>1</Quantity><FulfillmentLatency>5</FulfillmentLatency></Inventory></Message><Message><MessageID>22</MessageID><OperationType>Update</OperationType><Inventory><SKU>39034</SKU><Quantity>1</Quantity><FulfillmentLatency>5</FulfillmentLatency></Inventory></Message><Message><MessageID>23</MessageID><OperationType>Update</OperationType><Inventory><SKU>39035</SKU><Quantity>1</Quantity><FulfillmentLatency>5</FulfillmentLatency></Inventory></Message><Message><MessageID>24</MessageID><OperationType>Update</OperationType><Inventory><SKU>39036</SKU><Quantity>1</Quantity><FulfillmentLatency>5</FulfillmentLatency></Inventory></Message><Message><MessageID>25</MessageID><OperationType>Update</OperationType><Inventory><SKU>39037</SKU><Quantity>1</Quantity><FulfillmentLatency>5</FulfillmentLatency></Inventory></Message><Message><MessageID>26</MessageID><OperationType>Update</OperationType><Inventory><SKU>39038</SKU><Quantity>1</Quantity><FulfillmentLatency>5</FulfillmentLatency></Inventory></Message><Message><MessageID>27</MessageID><OperationType>Update</OperationType><Inventory><SKU>39039</SKU><Quantity>1</Quantity><FulfillmentLatency>5</FulfillmentLatency></Inventory></Message><Message><MessageID>28</MessageID><OperationType>Update</OperationType><Inventory><SKU>39040</SKU><Quantity>1</Quantity><FulfillmentLatency>5</FulfillmentLatency></Inventory></Message></AmazonEnvelope>


Service Response
=============================================================================
        SubmitFeedResponse
            SubmitFeedResult
                FeedSubmissionInfo
                    FeedSubmissionId
                        6664074414
                    FeedType
                        _POST_INVENTORY_AVAILABILITY_DATA_
                    SubmittedDate
                        2013-10-24T16:00:49Z
                    FeedProcessingStatus
                        _SUBMITTED_
            ResponseMetadata
                RequestId
                    bdf73be0-42e5-41fd-8691-810802408b94
            ResponseHeaderMetadata: RequestId: bdf73be0-42e5-41fd-8691-810802408b94, ResponseContext: W5lZprL2ejHrX1wm8kd0R7laSuu8SN9JOUMmuvFoRWWmqr4dLlGxrRdhLNaYuc7WzPr0vTPYP+YK D7wMgQzBCdlNrdgNGL1D,m6KETG14KnyqLCsha7thsiPk+evqUesMJFmOMwA6jOh8h0ndtAX9xjQLPFxXkiaSH/VMqXsRhLWo 1NOLGuHTKQ==, Timestamp: 2013-10-24T16:00:49.203Z
_POST_PRODUCT_PRICING_DATA_:
<?xml version="1.0" encoding="utf-8"?>
<AmazonEnvelope xmlns:xsi="http://www.w3.org/2001/XMLSchema-instance"
  xsi:noNamespaceSchemaLocation="amzn-envelope.xsd">
  <Header>
    <DocumentVersion>1.01</DocumentVersion>
  </Header><MessageType>Price</MessageType><Message><MessageID>1</MessageID><OperationType>Update</OperationType><Price><SKU>39013</SKU><StandardPrice currency="EUR">22.20</StandardPrice></Price></Message><Message><MessageID>2</MessageID><OperationType>Update</OperationType><Price><SKU>39014</SKU><StandardPrice currency="EUR">4.00</StandardPrice></Price></Message><Message><MessageID>3</MessageID><OperationType>Update</OperationType><Price><SKU>39015</SKU><StandardPrice currency="EUR">20.00</StandardPrice></Price></Message><Message><MessageID>4</MessageID><OperationType>Update</OperationType><Price><SKU>39016</SKU><StandardPrice currency="EUR">7.25</StandardPrice></Price></Message><Message><MessageID>5</MessageID><OperationType>Update</OperationType><Price><SKU>39017</SKU><StandardPrice currency="EUR">7.00</StandardPrice></Price></Message><Message><MessageID>6</MessageID><OperationType>Update</OperationType><Price><SKU>39018</SKU><StandardPrice currency="EUR">7.23</StandardPrice></Price></Message><Message><MessageID>7</MessageID><OperationType>Update</OperationType><Price><SKU>39019</SKU><StandardPrice currency="EUR">7.75</StandardPrice></Price></Message><Message><MessageID>8</MessageID><OperationType>Update</OperationType><Price><SKU>39020</SKU><StandardPrice currency="EUR">18.36</StandardPrice></Price></Message><Message><MessageID>9</MessageID><OperationType>Update</OperationType><Price><SKU>39021</SKU><StandardPrice currency="EUR">8.25</StandardPrice></Price></Message><Message><MessageID>10</MessageID><OperationType>Update</OperationType><Price><SKU>39022</SKU><StandardPrice currency="EUR">8.75</StandardPrice></Price></Message><Message><MessageID>11</MessageID><OperationType>Update</OperationType><Price><SKU>39023</SKU><StandardPrice currency="EUR">8.25</StandardPrice></Price></Message><Message><MessageID>12</MessageID><OperationType>Update</OperationType><Price><SKU>39024</SKU><StandardPrice currency="EUR">4.50</StandardPrice></Price></Message><Message><MessageID>13</MessageID><OperationType>Update</OperationType><Price><SKU>39025</SKU><StandardPrice currency="EUR">9.25</StandardPrice></Price></Message><Message><MessageID>14</MessageID><OperationType>Update</OperationType><Price><SKU>39026</SKU><StandardPrice currency="EUR">7.00</StandardPrice></Price></Message><Message><MessageID>15</MessageID><OperationType>Update</OperationType><Price><SKU>39027</SKU><StandardPrice currency="EUR">4.75</StandardPrice></Price></Message><Message><MessageID>16</MessageID><OperationType>Update</OperationType><Price><SKU>39028</SKU><StandardPrice currency="EUR">5.50</StandardPrice></Price></Message><Message><MessageID>17</MessageID><OperationType>Update</OperationType><Price><SKU>39029</SKU><StandardPrice currency="EUR">4.00</StandardPrice></Price></Message><Message><MessageID>18</MessageID><OperationType>Update</OperationType><Price><SKU>39030</SKU><StandardPrice currency="EUR">5.50</StandardPrice></Price></Message><Message><MessageID>19</MessageID><OperationType>Update</OperationType><Price><SKU>39031</SKU><StandardPrice currency="EUR">6.00</StandardPrice></Price></Message><Message><MessageID>20</MessageID><OperationType>Update</OperationType><Price><SKU>39032</SKU><StandardPrice currency="EUR">5.28</StandardPrice></Price></Message><Message><MessageID>21</MessageID><OperationType>Update</OperationType><Price><SKU>39033</SKU><StandardPrice currency="EUR">8.50</StandardPrice></Price></Message><Message><MessageID>22</MessageID><OperationType>Update</OperationType><Price><SKU>39034</SKU><StandardPrice currency="EUR">13.32</StandardPrice></Price></Message><Message><MessageID>23</MessageID><OperationType>Update</OperationType><Price><SKU>39035</SKU><StandardPrice currency="EUR">9.95</StandardPrice></Price></Message><Message><MessageID>24</MessageID><OperationType>Update</OperationType><Price><SKU>39036</SKU><StandardPrice currency="EUR">9.50</StandardPrice></Price></Message><Message><MessageID>25</MessageID><OperationType>Update</OperationType><Price><SKU>39037</SKU><StandardPrice currency="EUR">8.25</StandardPrice></Price></Message><Message><MessageID>26</MessageID><OperationType>Update</OperationType><Price><SKU>39038</SKU><StandardPrice currency="EUR">7.00</StandardPrice></Price></Message><Message><MessageID>27</MessageID><OperationType>Update</OperationType><Price><SKU>39039</SKU><StandardPrice currency="EUR">4.95</StandardPrice></Price></Message><Message><MessageID>28</MessageID><OperationType>Update</OperationType><Price><SKU>39040</SKU><StandardPrice currency="EUR">4.95</StandardPrice></Price></Message></AmazonEnvelope>


Service Response
=============================================================================
        SubmitFeedResponse
            SubmitFeedResult
                FeedSubmissionInfo
                    FeedSubmissionId
                        6664076248
                    FeedType
                        _POST_PRODUCT_PRICING_DATA_
                    SubmittedDate
                        2013-10-24T16:01:00Z
                    FeedProcessingStatus
                        _SUBMITTED_
            ResponseMetadata
                RequestId
                    a8220a74-1a38-462b-97e0-55feee802fc4
            ResponseHeaderMetadata: RequestId: a8220a74-1a38-462b-97e0-55feee802fc4, ResponseContext: m/uRHkmAhVB9IU6Ploz/qTigx0ol42eGxHjrQx0smKdS/l8m4W3vRqV9fcqUZKsPUES/1xixVIui QE+4B1TWxSX3p8aCeHzl,BQfHpQjYP6shBu3oHXpK3ucBETCJ7ZSRDvaR6ohPjrRHhyX502ALUJNbBc1KrF90RDMAMK7NZOhg Cnvjql8X3g==, Timestamp: 2013-10-24T16:00:59.981Z
