_POST_PRODUCT_DATA_:
<?xml version="1.0" encoding="utf-8"?>
<AmazonEnvelope xmlns:xsi="http://www.w3.org/2001/XMLSchema-instance"
  xsi:noNamespaceSchemaLocation="amzn-envelope.xsd">
  <Header>
    <DocumentVersion>1.01</DocumentVersion>
  </Header><MessageType>Product</MessageType><Message><MessageID>1</MessageID><OperationType>Update</OperationType><Product><SKU>38102</SKU><StandardProductID><Type>ISBN</Type><Value>9788820329563</Value></StandardProductID><Condition><ConditionType>UsedAcceptable</ConditionType></Condition></Product></Message><Message><MessageID>2</MessageID><OperationType>Update</OperationType><Product><SKU>38103</SKU><StandardProductID><Type>ISBN</Type><Value>9788842064367</Value></StandardProductID><Condition><ConditionType>UsedAcceptable</ConditionType></Condition></Product></Message><Message><MessageID>3</MessageID><OperationType>Update</OperationType><Product><SKU>38104</SKU><StandardProductID><Type>ISBN</Type><Value>9788834309773</Value></StandardProductID><Condition><ConditionType>UsedGood</ConditionType></Condition></Product></Message><Message><MessageID>4</MessageID><OperationType>Update</OperationType><Product><SKU>38105</SKU><StandardProductID><Type>ISBN</Type><Value>9788845314209</Value></StandardProductID><Condition><ConditionType>UsedAcceptable</ConditionType></Condition></Product></Message><Message><MessageID>5</MessageID><OperationType>Update</OperationType><Product><SKU>38106</SKU><StandardProductID><Type>ISBN</Type><Value>9788834316610</Value></StandardProductID><Condition><ConditionType>UsedAcceptable</ConditionType></Condition></Product></Message></AmazonEnvelope>


Service Response
=============================================================================
        SubmitFeedResponse
            SubmitFeedResult
                FeedSubmissionInfo
                    FeedSubmissionId
                        6559814006
                    FeedType
                        _POST_PRODUCT_DATA_
                    SubmittedDate
                        2013-10-12T19:00:56Z
                    FeedProcessingStatus
                        _SUBMITTED_
            ResponseMetadata
                RequestId
                    d9991921-b048-43c7-92b5-b344f8e4bcef
            ResponseHeaderMetadata: RequestId: d9991921-b048-43c7-92b5-b344f8e4bcef, ResponseContext: W5lZprL2ejHrX1wm8kd0R7laSuu8SN9JOUMmuvFoRWWmqr4dLlGxrRdhLNaYuc7WzPr0vTPYP+YK D7wMgQzBCdlNrdgNGL1D,MsCJcBc/e6pK9F/JsF3WeCWwbXzn9eBjYjhde1X36JjMPx0Vy+tUKkZH/jbrR2earIR/PjwW9HaX 15yrtRyWxw==, Timestamp: 2013-10-12T19:00:56.597Z
_POST_INVENTORY_AVAILABILITY_DATA_:
<?xml version="1.0" encoding="utf-8"?>
<AmazonEnvelope xmlns:xsi="http://www.w3.org/2001/XMLSchema-instance"
  xsi:noNamespaceSchemaLocation="amzn-envelope.xsd">
  <Header>
    <DocumentVersion>1.01</DocumentVersion>
  </Header><MessageType>Inventory</MessageType><Message><MessageID>1</MessageID><OperationType>Update</OperationType><Inventory><SKU>38102</SKU><Quantity>1</Quantity><FulfillmentLatency>5</FulfillmentLatency></Inventory></Message><Message><MessageID>2</MessageID><OperationType>Update</OperationType><Inventory><SKU>38103</SKU><Quantity>1</Quantity><FulfillmentLatency>5</FulfillmentLatency></Inventory></Message><Message><MessageID>3</MessageID><OperationType>Update</OperationType><Inventory><SKU>38104</SKU><Quantity>1</Quantity><FulfillmentLatency>5</FulfillmentLatency></Inventory></Message><Message><MessageID>4</MessageID><OperationType>Update</OperationType><Inventory><SKU>38105</SKU><Quantity>1</Quantity><FulfillmentLatency>5</FulfillmentLatency></Inventory></Message><Message><MessageID>5</MessageID><OperationType>Update</OperationType><Inventory><SKU>38106</SKU><Quantity>1</Quantity><FulfillmentLatency>5</FulfillmentLatency></Inventory></Message></AmazonEnvelope>


Service Response
=============================================================================
        SubmitFeedResponse
            SubmitFeedResult
                FeedSubmissionInfo
                    FeedSubmissionId
                        6559815838
                    FeedType
                        _POST_INVENTORY_AVAILABILITY_DATA_
                    SubmittedDate
                        2013-10-12T19:01:07Z
                    FeedProcessingStatus
                        _SUBMITTED_
            ResponseMetadata
                RequestId
                    c5a20c40-0919-47fe-b8ed-e23dbb1543d2
            ResponseHeaderMetadata: RequestId: c5a20c40-0919-47fe-b8ed-e23dbb1543d2, ResponseContext: 9oJ7eooHN4lNptmZ6buwa/P2n2RAw2MeeGzOiBJKu3csMvv8VqiiSGkJFfdjNHkdvJDrT7iFx2m9 2ETmnqLUlD7gv7z5x+Ew,i/ecLe7GuXQERO4Gv4Myebs6EX4btjZWYbbS0Hntlg87+yNQK5KT5KfXiq4oTXVDITpoFcjcG2vO M7rwCkAmRQ==, Timestamp: 2013-10-12T19:01:07.279Z
_POST_PRODUCT_PRICING_DATA_:
<?xml version="1.0" encoding="utf-8"?>
<AmazonEnvelope xmlns:xsi="http://www.w3.org/2001/XMLSchema-instance"
  xsi:noNamespaceSchemaLocation="amzn-envelope.xsd">
  <Header>
    <DocumentVersion>1.01</DocumentVersion>
  </Header><MessageType>Price</MessageType><Message><MessageID>1</MessageID><OperationType>Update</OperationType><Price><SKU>38102</SKU><StandardPrice currency="EUR">23.94</StandardPrice></Price></Message><Message><MessageID>2</MessageID><OperationType>Update</OperationType><Price><SKU>38103</SKU><StandardPrice currency="EUR">5.00</StandardPrice></Price></Message><Message><MessageID>3</MessageID><OperationType>Update</OperationType><Price><SKU>38104</SKU><StandardPrice currency="EUR">14.00</StandardPrice></Price></Message><Message><MessageID>4</MessageID><OperationType>Update</OperationType><Price><SKU>38105</SKU><StandardPrice currency="EUR">10.00</StandardPrice></Price></Message><Message><MessageID>5</MessageID><OperationType>Update</OperationType><Price><SKU>38106</SKU><StandardPrice currency="EUR">10.00</StandardPrice></Price></Message></AmazonEnvelope>


Service Response
=============================================================================
        SubmitFeedResponse
            SubmitFeedResult
                FeedSubmissionInfo
                    FeedSubmissionId
                        6559817112
                    FeedType
                        _POST_PRODUCT_PRICING_DATA_
                    SubmittedDate
                        2013-10-12T19:01:18Z
                    FeedProcessingStatus
                        _SUBMITTED_
            ResponseMetadata
                RequestId
                    bd5c473d-f2cb-4d12-b513-b6c395aaf3da
            ResponseHeaderMetadata: RequestId: bd5c473d-f2cb-4d12-b513-b6c395aaf3da, ResponseContext: 9oJ7eooHN4lNptmZ6buwa/P2n2RAw2MeeGzOiBJKu3csMvv8VqiiSGkJFfdjNHkdvJDrT7iFx2m9 2ETmnqLUlD7gv7z5x+Ew,rOjmamrGEkfCnl8ToaK5TgYJdH5HmezPhXLFOdyhBy7evSR+aG4gUQBfA+37lSQSZlyI7jbrt3ES ny7/VS5IoQ==, Timestamp: 2013-10-12T19:01:18.306Z
