_POST_PRODUCT_DATA_:
<?xml version="1.0" encoding="utf-8"?>
<AmazonEnvelope xmlns:xsi="http://www.w3.org/2001/XMLSchema-instance"
  xsi:noNamespaceSchemaLocation="amzn-envelope.xsd">
  <Header>
    <DocumentVersion>1.01</DocumentVersion>
  </Header><MessageType>Product</MessageType><Message><MessageID>1</MessageID><OperationType>Update</OperationType><Product><SKU>32436</SKU><StandardProductID><Type>ISBN</Type><Value>9788842628262</Value></StandardProductID></Product></Message><Message><MessageID>2</MessageID><OperationType>Update</OperationType><Product><SKU>32437</SKU><StandardProductID><Type>ISBN</Type><Value>9788842628279</Value></StandardProductID></Product></Message><Message><MessageID>3</MessageID><OperationType>Update</OperationType><Product><SKU>32438</SKU><StandardProductID><Type>ISBN</Type><Value>9788808258144</Value></StandardProductID></Product></Message><Message><MessageID>4</MessageID><OperationType>Update</OperationType><Product><SKU>32439</SKU><StandardProductID><Type>ISBN</Type><Value>9788801047547</Value></StandardProductID></Product></Message><Message><MessageID>5</MessageID><OperationType>Update</OperationType><Product><SKU>32440</SKU><StandardProductID><Type>ISBN</Type><Value>9788820346584</Value></StandardProductID></Product></Message><Message><MessageID>6</MessageID><OperationType>Update</OperationType><Product><SKU>32441</SKU><StandardProductID><Type>ISBN</Type><Value>9788857602516</Value></StandardProductID></Product></Message><Message><MessageID>7</MessageID><OperationType>Update</OperationType><Product><SKU>32442</SKU><StandardProductID><Type>ISBN</Type><Value>9788880396192</Value></StandardProductID></Product></Message><Message><MessageID>8</MessageID><OperationType>Update</OperationType><Product><SKU>32443</SKU><StandardProductID><Type>ISBN</Type><Value>9788860524553</Value></StandardProductID></Product></Message><Message><MessageID>9</MessageID><OperationType>Update</OperationType><Product><SKU>32444</SKU><StandardProductID><Type>ISBN</Type><Value>9788804628262</Value></StandardProductID></Product></Message><Message><MessageID>10</MessageID><OperationType>Update</OperationType><Product><SKU>32445</SKU><StandardProductID><Type>ISBN</Type><Value>9788804621126</Value></StandardProductID></Product></Message><Message><MessageID>11</MessageID><OperationType>Update</OperationType><Product><SKU>32446</SKU><StandardProductID><Type>ISBN</Type><Value>9788854147928</Value></StandardProductID></Product></Message><Message><MessageID>12</MessageID><OperationType>Update</OperationType><Product><SKU>32447</SKU><StandardProductID><Type>ISBN</Type><Value>9788824437165</Value></StandardProductID></Product></Message><Message><MessageID>13</MessageID><OperationType>Update</OperationType><Product><SKU>32448</SKU><StandardProductID><Type>ISBN</Type><Value>9788845273285</Value></StandardProductID></Product></Message><Message><MessageID>14</MessageID><OperationType>Update</OperationType><Product><SKU>32451</SKU><StandardProductID><Type>ISBN</Type><Value>9788817032094</Value></StandardProductID><Condition><ConditionType>UsedGood</ConditionType></Condition></Product></Message><Message><MessageID>15</MessageID><OperationType>Update</OperationType><Product><SKU>32452</SKU><StandardProductID><Type>ISBN</Type><Value>9788842098690</Value></StandardProductID><Condition><ConditionType>UsedGood</ConditionType></Condition></Product></Message><Message><MessageID>16</MessageID><OperationType>Update</OperationType><Product><SKU>32453</SKU><StandardProductID><Type>ISBN</Type><Value>9788806114916</Value></StandardProductID><Condition><ConditionType>UsedGood</ConditionType></Condition></Product></Message><Message><MessageID>17</MessageID><OperationType>Update</OperationType><Product><SKU>32454</SKU><StandardProductID><Type>ISBN</Type><Value>9788856602289</Value></StandardProductID><Condition><ConditionType>UsedGood</ConditionType></Condition></Product></Message><Message><MessageID>18</MessageID><OperationType>Update</OperationType><Product><SKU>32455</SKU><StandardProductID><Type>ISBN</Type><Value>9788879662888</Value></StandardProductID><Condition><ConditionType>UsedGood</ConditionType></Condition></Product></Message><Message><MessageID>19</MessageID><OperationType>Update</OperationType><Product><SKU>32456</SKU><StandardProductID><Type>ISBN</Type><Value>9788854117402</Value></StandardProductID><Condition><ConditionType>UsedGood</ConditionType></Condition></Product></Message><Message><MessageID>20</MessageID><OperationType>Update</OperationType><Product><SKU>32457</SKU><StandardProductID><Type>ISBN</Type><Value>9788870788785</Value></StandardProductID><Condition><ConditionType>UsedAcceptable</ConditionType></Condition></Product></Message><Message><MessageID>21</MessageID><OperationType>Update</OperationType><Product><SKU>32458</SKU><StandardProductID><Type>ISBN</Type><Value>9788837037857</Value></StandardProductID><Condition><ConditionType>UsedGood</ConditionType></Condition></Product></Message><Message><MessageID>22</MessageID><OperationType>Update</OperationType><Product><SKU>32459</SKU><StandardProductID><Type>ISBN</Type><Value>9788862312004</Value></StandardProductID><Condition><ConditionType>UsedGood</ConditionType></Condition></Product></Message><Message><MessageID>23</MessageID><OperationType>Update</OperationType><Product><SKU>32460</SKU><StandardProductID><Type>ISBN</Type><Value>9788807018350</Value></StandardProductID><Condition><ConditionType>UsedGood</ConditionType></Condition></Product></Message><Message><MessageID>24</MessageID><OperationType>Update</OperationType><Product><SKU>32461</SKU><StandardProductID><Type>ISBN</Type><Value>9788856615616</Value></StandardProductID><Condition><ConditionType>UsedGood</ConditionType></Condition></Product></Message></AmazonEnvelope>


Service Response
=============================================================================
        SubmitFeedResponse
            SubmitFeedResult
                FeedSubmissionInfo
                    FeedSubmissionId
                        6427516246
                    FeedType
                        _POST_PRODUCT_DATA_
                    SubmittedDate
                        2013-09-27T15:58:21Z
                    FeedProcessingStatus
                        _SUBMITTED_
            ResponseMetadata
                RequestId
                    0c0283fc-4d03-45cc-9a56-b00dec01c4b5
            ResponseHeaderMetadata: RequestId: 0c0283fc-4d03-45cc-9a56-b00dec01c4b5, ResponseContext: m/uRHkmAhVB9IU6Ploz/qTigx0ol42eGxHjrQx0smKdS/l8m4W3vRqV9fcqUZKsPUES/1xixVIui QE+4B1TWxSX3p8aCeHzl,NXbx8o2/N6rD8fE72RvgA6/Tk2ErPwGjoDymqWBlfages8Ap9sHB4CzgEbHrRQ1GTdrgY82/hy4=, Timestamp: 2013-09-27T15:58:21.605Z
_POST_INVENTORY_AVAILABILITY_DATA_:
<?xml version="1.0" encoding="utf-8"?>
<AmazonEnvelope xmlns:xsi="http://www.w3.org/2001/XMLSchema-instance"
  xsi:noNamespaceSchemaLocation="amzn-envelope.xsd">
  <Header>
    <DocumentVersion>1.01</DocumentVersion>
  </Header><MessageType>Inventory</MessageType><Message><MessageID>1</MessageID><OperationType>Update</OperationType><Inventory><SKU>32436</SKU><Quantity>1</Quantity><FulfillmentLatency>5</FulfillmentLatency></Inventory></Message><Message><MessageID>2</MessageID><OperationType>Update</OperationType><Inventory><SKU>32437</SKU><Quantity>1</Quantity><FulfillmentLatency>5</FulfillmentLatency></Inventory></Message><Message><MessageID>3</MessageID><OperationType>Update</OperationType><Inventory><SKU>32438</SKU><Quantity>1</Quantity><FulfillmentLatency>5</FulfillmentLatency></Inventory></Message><Message><MessageID>4</MessageID><OperationType>Update</OperationType><Inventory><SKU>32439</SKU><Quantity>1</Quantity><FulfillmentLatency>5</FulfillmentLatency></Inventory></Message><Message><MessageID>5</MessageID><OperationType>Update</OperationType><Inventory><SKU>32440</SKU><Quantity>1</Quantity><FulfillmentLatency>5</FulfillmentLatency></Inventory></Message><Message><MessageID>6</MessageID><OperationType>Update</OperationType><Inventory><SKU>32441</SKU><Quantity>1</Quantity><FulfillmentLatency>5</FulfillmentLatency></Inventory></Message><Message><MessageID>7</MessageID><OperationType>Update</OperationType><Inventory><SKU>32442</SKU><Quantity>1</Quantity><FulfillmentLatency>5</FulfillmentLatency></Inventory></Message><Message><MessageID>8</MessageID><OperationType>Update</OperationType><Inventory><SKU>32443</SKU><Quantity>1</Quantity><FulfillmentLatency>5</FulfillmentLatency></Inventory></Message><Message><MessageID>9</MessageID><OperationType>Update</OperationType><Inventory><SKU>32444</SKU><Quantity>1</Quantity><FulfillmentLatency>5</FulfillmentLatency></Inventory></Message><Message><MessageID>10</MessageID><OperationType>Update</OperationType><Inventory><SKU>32445</SKU><Quantity>1</Quantity><FulfillmentLatency>5</FulfillmentLatency></Inventory></Message><Message><MessageID>11</MessageID><OperationType>Update</OperationType><Inventory><SKU>32446</SKU><Quantity>1</Quantity><FulfillmentLatency>5</FulfillmentLatency></Inventory></Message><Message><MessageID>12</MessageID><OperationType>Update</OperationType><Inventory><SKU>32447</SKU><Quantity>1</Quantity><FulfillmentLatency>5</FulfillmentLatency></Inventory></Message><Message><MessageID>13</MessageID><OperationType>Update</OperationType><Inventory><SKU>32448</SKU><Quantity>1</Quantity><FulfillmentLatency>5</FulfillmentLatency></Inventory></Message><Message><MessageID>14</MessageID><OperationType>Update</OperationType><Inventory><SKU>32451</SKU><Quantity>1</Quantity><FulfillmentLatency>5</FulfillmentLatency></Inventory></Message><Message><MessageID>15</MessageID><OperationType>Update</OperationType><Inventory><SKU>32452</SKU><Quantity>1</Quantity><FulfillmentLatency>5</FulfillmentLatency></Inventory></Message><Message><MessageID>16</MessageID><OperationType>Update</OperationType><Inventory><SKU>32453</SKU><Quantity>1</Quantity><FulfillmentLatency>5</FulfillmentLatency></Inventory></Message><Message><MessageID>17</MessageID><OperationType>Update</OperationType><Inventory><SKU>32454</SKU><Quantity>1</Quantity><FulfillmentLatency>5</FulfillmentLatency></Inventory></Message><Message><MessageID>18</MessageID><OperationType>Update</OperationType><Inventory><SKU>32455</SKU><Quantity>1</Quantity><FulfillmentLatency>5</FulfillmentLatency></Inventory></Message><Message><MessageID>19</MessageID><OperationType>Update</OperationType><Inventory><SKU>32456</SKU><Quantity>1</Quantity><FulfillmentLatency>5</FulfillmentLatency></Inventory></Message><Message><MessageID>20</MessageID><OperationType>Update</OperationType><Inventory><SKU>32457</SKU><Quantity>1</Quantity><FulfillmentLatency>5</FulfillmentLatency></Inventory></Message><Message><MessageID>21</MessageID><OperationType>Update</OperationType><Inventory><SKU>32458</SKU><Quantity>1</Quantity><FulfillmentLatency>5</FulfillmentLatency></Inventory></Message><Message><MessageID>22</MessageID><OperationType>Update</OperationType><Inventory><SKU>32459</SKU><Quantity>1</Quantity><FulfillmentLatency>5</FulfillmentLatency></Inventory></Message><Message><MessageID>23</MessageID><OperationType>Update</OperationType><Inventory><SKU>32460</SKU><Quantity>1</Quantity><FulfillmentLatency>5</FulfillmentLatency></Inventory></Message><Message><MessageID>24</MessageID><OperationType>Update</OperationType><Inventory><SKU>32461</SKU><Quantity>1</Quantity><FulfillmentLatency>5</FulfillmentLatency></Inventory></Message><Message><MessageID>25</MessageID><OperationType>Update</OperationType><Inventory><SKU>26596</SKU><Quantity>1</Quantity><FulfillmentLatency>5</FulfillmentLatency></Inventory></Message><Message><MessageID>26</MessageID><OperationType>Update</OperationType><Inventory><SKU>32345</SKU><Quantity>0</Quantity><FulfillmentLatency>5</FulfillmentLatency></Inventory></Message></AmazonEnvelope>


Service Response
=============================================================================
        SubmitFeedResponse
            SubmitFeedResult
                FeedSubmissionInfo
                    FeedSubmissionId
                        6427517484
                    FeedType
                        _POST_INVENTORY_AVAILABILITY_DATA_
                    SubmittedDate
                        2013-09-27T15:58:32Z
                    FeedProcessingStatus
                        _SUBMITTED_
            ResponseMetadata
                RequestId
                    215ee6ca-b4db-4c86-b4ba-d94ca64b6691
            ResponseHeaderMetadata: RequestId: 215ee6ca-b4db-4c86-b4ba-d94ca64b6691, ResponseContext: W5lZprL2ejHrX1wm8kd0R7laSuu8SN9JOUMmuvFoRWWmqr4dLlGxrRdhLNaYuc7WzPr0vTPYP+YK D7wMgQzBCdlNrdgNGL1D,mSBejAWc5uN9NoOlV6drBn719pXVQfUzKAMVFyDgJid/D1oliUWqof5E7ChJWD1yK/Z/5vuDG88=, Timestamp: 2013-09-27T15:58:32.427Z
_POST_PRODUCT_PRICING_DATA_:
<?xml version="1.0" encoding="utf-8"?>
<AmazonEnvelope xmlns:xsi="http://www.w3.org/2001/XMLSchema-instance"
  xsi:noNamespaceSchemaLocation="amzn-envelope.xsd">
  <Header>
    <DocumentVersion>1.01</DocumentVersion>
  </Header><MessageType>Price</MessageType><Message><MessageID>1</MessageID><OperationType>Update</OperationType><Price><SKU>32436</SKU><StandardPrice currency="EUR">8.10</StandardPrice></Price></Message><Message><MessageID>2</MessageID><OperationType>Update</OperationType><Price><SKU>32437</SKU><StandardPrice currency="EUR">8.10</StandardPrice></Price></Message><Message><MessageID>3</MessageID><OperationType>Update</OperationType><Price><SKU>32438</SKU><StandardPrice currency="EUR">27.60</StandardPrice></Price></Message><Message><MessageID>4</MessageID><OperationType>Update</OperationType><Price><SKU>32439</SKU><StandardPrice currency="EUR">6.25</StandardPrice></Price></Message><Message><MessageID>5</MessageID><OperationType>Update</OperationType><Price><SKU>32440</SKU><StandardPrice currency="EUR">17.90</StandardPrice></Price></Message><Message><MessageID>6</MessageID><OperationType>Update</OperationType><Price><SKU>32441</SKU><StandardPrice currency="EUR">49.95</StandardPrice></Price></Message><Message><MessageID>7</MessageID><OperationType>Update</OperationType><Price><SKU>32442</SKU><StandardPrice currency="EUR">14.90</StandardPrice></Price></Message><Message><MessageID>8</MessageID><OperationType>Update</OperationType><Price><SKU>32443</SKU><StandardPrice currency="EUR">14.00</StandardPrice></Price></Message><Message><MessageID>9</MessageID><OperationType>Update</OperationType><Price><SKU>32444</SKU><StandardPrice currency="EUR">39.90</StandardPrice></Price></Message><Message><MessageID>10</MessageID><OperationType>Update</OperationType><Price><SKU>32445</SKU><StandardPrice currency="EUR">17.00</StandardPrice></Price></Message><Message><MessageID>11</MessageID><OperationType>Update</OperationType><Price><SKU>32446</SKU><StandardPrice currency="EUR">9.90</StandardPrice></Price></Message><Message><MessageID>12</MessageID><OperationType>Update</OperationType><Price><SKU>32447</SKU><StandardPrice currency="EUR">36.00</StandardPrice></Price></Message><Message><MessageID>13</MessageID><OperationType>Update</OperationType><Price><SKU>32448</SKU><StandardPrice currency="EUR">19.50</StandardPrice></Price></Message><Message><MessageID>14</MessageID><OperationType>Update</OperationType><Price><SKU>32451</SKU><StandardPrice currency="EUR">4.45</StandardPrice></Price></Message><Message><MessageID>15</MessageID><OperationType>Update</OperationType><Price><SKU>32452</SKU><StandardPrice currency="EUR">5.25</StandardPrice></Price></Message><Message><MessageID>16</MessageID><OperationType>Update</OperationType><Price><SKU>32453</SKU><StandardPrice currency="EUR">8.78</StandardPrice></Price></Message><Message><MessageID>17</MessageID><OperationType>Update</OperationType><Price><SKU>32454</SKU><StandardPrice currency="EUR">9.50</StandardPrice></Price></Message><Message><MessageID>18</MessageID><OperationType>Update</OperationType><Price><SKU>32455</SKU><StandardPrice currency="EUR">7.50</StandardPrice></Price></Message><Message><MessageID>19</MessageID><OperationType>Update</OperationType><Price><SKU>32456</SKU><StandardPrice currency="EUR">3.45</StandardPrice></Price></Message><Message><MessageID>20</MessageID><OperationType>Update</OperationType><Price><SKU>32457</SKU><StandardPrice currency="EUR">12.00</StandardPrice></Price></Message><Message><MessageID>21</MessageID><OperationType>Update</OperationType><Price><SKU>32458</SKU><StandardPrice currency="EUR">12.25</StandardPrice></Price></Message><Message><MessageID>22</MessageID><OperationType>Update</OperationType><Price><SKU>32459</SKU><StandardPrice currency="EUR">9.00</StandardPrice></Price></Message><Message><MessageID>23</MessageID><OperationType>Update</OperationType><Price><SKU>32460</SKU><StandardPrice currency="EUR">7.00</StandardPrice></Price></Message><Message><MessageID>24</MessageID><OperationType>Update</OperationType><Price><SKU>32461</SKU><StandardPrice currency="EUR">7.50</StandardPrice></Price></Message></AmazonEnvelope>


Service Response
=============================================================================
        SubmitFeedResponse
            SubmitFeedResult
                FeedSubmissionInfo
                    FeedSubmissionId
                        6427518242
                    FeedType
                        _POST_PRODUCT_PRICING_DATA_
                    SubmittedDate
                        2013-09-27T15:58:43Z
                    FeedProcessingStatus
                        _SUBMITTED_
            ResponseMetadata
                RequestId
                    d43f719b-5b5d-4c52-a788-e64c3e4a803c
            ResponseHeaderMetadata: RequestId: d43f719b-5b5d-4c52-a788-e64c3e4a803c, ResponseContext: hD/2fMZBtJMTOR5jfrSvUemVttP1eb/hhGO3h9JVmXrrtiM0h1AlROEbupKeoz7P2Nf2lcCsCpz7 V59r7ydnYUVRjrDKNIgx,aXaQsrI5x4DSpLeozHn2ZgIcrt6JUumQVAcBqM6bZZ0dGDn0FPcy1d49p/Ns4F9c4jH/W57VCik=, Timestamp: 2013-09-27T15:58:43.044Z
