_POST_PRODUCT_DATA_:
<?xml version="1.0" encoding="utf-8"?>
<AmazonEnvelope xmlns:xsi="http://www.w3.org/2001/XMLSchema-instance"
  xsi:noNamespaceSchemaLocation="amzn-envelope.xsd">
  <Header>
    <DocumentVersion>1.01</DocumentVersion>
  </Header><MessageType>Product</MessageType><Message><MessageID>1</MessageID><OperationType>Update</OperationType><Product><SKU>32515</SKU><StandardProductID><Type>ISBN</Type><Value>9788804492962</Value></StandardProductID><Condition><ConditionType>UsedGood</ConditionType></Condition></Product></Message><Message><MessageID>2</MessageID><OperationType>Update</OperationType><Product><SKU>32516</SKU><StandardProductID><Type>ISBN</Type><Value>9788818018134</Value></StandardProductID><Condition><ConditionType>UsedGood</ConditionType></Condition></Product></Message><Message><MessageID>3</MessageID><OperationType>Update</OperationType><Product><SKU>32517</SKU><StandardProductID><Type>ISBN</Type><Value>9788817035910</Value></StandardProductID><Condition><ConditionType>UsedGood</ConditionType></Condition></Product></Message><Message><MessageID>4</MessageID><OperationType>Update</OperationType><Product><SKU>32518</SKU><StandardProductID><Type>ISBN</Type><Value>9788804595298</Value></StandardProductID><Condition><ConditionType>UsedGood</ConditionType></Condition></Product></Message><Message><MessageID>5</MessageID><OperationType>Update</OperationType><Product><SKU>32519</SKU><StandardProductID><Type>ISBN</Type><Value>9788830427570</Value></StandardProductID><Condition><ConditionType>UsedGood</ConditionType></Condition></Product></Message><Message><MessageID>6</MessageID><OperationType>Update</OperationType><Product><SKU>32520</SKU><StandardProductID><Type>ISBN</Type><Value>9788854123779</Value></StandardProductID><Condition><ConditionType>UsedGood</ConditionType></Condition></Product></Message><Message><MessageID>7</MessageID><OperationType>Update</OperationType><Product><SKU>32521</SKU><StandardProductID><Type>ISBN</Type><Value>9788863802214</Value></StandardProductID><Condition><ConditionType>UsedGood</ConditionType></Condition></Product></Message><Message><MessageID>8</MessageID><OperationType>Update</OperationType><Product><SKU>32522</SKU><StandardProductID><Type>ISBN</Type><Value>9788860731524</Value></StandardProductID><Condition><ConditionType>UsedGood</ConditionType></Condition></Product></Message><Message><MessageID>9</MessageID><OperationType>Update</OperationType><Product><SKU>32523</SKU><StandardProductID><Type>ISBN</Type><Value>9788856613537</Value></StandardProductID><Condition><ConditionType>UsedGood</ConditionType></Condition></Product></Message><Message><MessageID>10</MessageID><OperationType>Update</OperationType><Product><SKU>32524</SKU><StandardProductID><Type>ISBN</Type><Value>9788854136519</Value></StandardProductID><Condition><ConditionType>UsedGood</ConditionType></Condition></Product></Message><Message><MessageID>11</MessageID><OperationType>Update</OperationType><Product><SKU>32525</SKU><StandardProductID><Type>ISBN</Type><Value>9788804620204</Value></StandardProductID><Condition><ConditionType>UsedGood</ConditionType></Condition></Product></Message><Message><MessageID>12</MessageID><OperationType>Update</OperationType><Product><SKU>32526</SKU><StandardProductID><Type>ISBN</Type><Value>9788804614869</Value></StandardProductID><Condition><ConditionType>UsedGood</ConditionType></Condition></Product></Message><Message><MessageID>13</MessageID><OperationType>Update</OperationType><Product><SKU>32527</SKU><StandardProductID><Type>ISBN</Type><Value>9788830428072</Value></StandardProductID><Condition><ConditionType>UsedGood</ConditionType></Condition></Product></Message><Message><MessageID>14</MessageID><OperationType>Update</OperationType><Product><SKU>32528</SKU><StandardProductID><Type>ISBN</Type><Value>9788854136151</Value></StandardProductID><Condition><ConditionType>UsedGood</ConditionType></Condition></Product></Message><Message><MessageID>15</MessageID><OperationType>Update</OperationType><Product><SKU>32529</SKU><StandardProductID><Type>ISBN</Type><Value>9788854139787</Value></StandardProductID><Condition><ConditionType>UsedGood</ConditionType></Condition></Product></Message><Message><MessageID>16</MessageID><OperationType>Update</OperationType><Product><SKU>32530</SKU><StandardProductID><Type>ISBN</Type><Value>9788854137332</Value></StandardProductID><Condition><ConditionType>UsedGood</ConditionType></Condition></Product></Message><Message><MessageID>17</MessageID><OperationType>Update</OperationType><Product><SKU>32531</SKU><StandardProductID><Type>ISBN</Type><Value>9788804616771</Value></StandardProductID><Condition><ConditionType>UsedGood</ConditionType></Condition></Product></Message><Message><MessageID>18</MessageID><OperationType>Update</OperationType><Product><SKU>32532</SKU><StandardProductID><Type>ISBN</Type><Value>9788804628477</Value></StandardProductID><Condition><ConditionType>UsedGood</ConditionType></Condition></Product></Message><Message><MessageID>19</MessageID><OperationType>Update</OperationType><Product><SKU>32533</SKU><StandardProductID><Type>ISBN</Type><Value>9788809768925</Value></StandardProductID><Condition><ConditionType>UsedGood</ConditionType></Condition></Product></Message><Message><MessageID>20</MessageID><OperationType>Update</OperationType><Product><SKU>32534</SKU><StandardProductID><Type>ISBN</Type><Value>9788830432192</Value></StandardProductID><Condition><ConditionType>UsedGood</ConditionType></Condition></Product></Message></AmazonEnvelope>


Service Response
=============================================================================
        SubmitFeedResponse
            SubmitFeedResult
                FeedSubmissionInfo
                    FeedSubmissionId
                        6451501968
                    FeedType
                        _POST_PRODUCT_DATA_
                    SubmittedDate
                        2013-09-30T16:01:16Z
                    FeedProcessingStatus
                        _SUBMITTED_
            ResponseMetadata
                RequestId
                    30c884bc-14ef-4a4a-bae8-196fb336b966
            ResponseHeaderMetadata: RequestId: 30c884bc-14ef-4a4a-bae8-196fb336b966, ResponseContext: wTeNctiT/Dof+hGMfRt5Cqvt8MYCarwSv6tXAcl1JEFQEYFY5s5fDiilR4tjtqblG28oDuELWPC6 xfdEtlJbtBjUS0V5zVlZ,Z5HHiBLHJvMGxvDGhPTrn8teSBQW0SYQgCDpLLUt6HQ2itqHWl/PGxT9javhqGZ+Veh+BioJYSs=, Timestamp: 2013-09-30T16:01:16.515Z
_POST_INVENTORY_AVAILABILITY_DATA_:
<?xml version="1.0" encoding="utf-8"?>
<AmazonEnvelope xmlns:xsi="http://www.w3.org/2001/XMLSchema-instance"
  xsi:noNamespaceSchemaLocation="amzn-envelope.xsd">
  <Header>
    <DocumentVersion>1.01</DocumentVersion>
  </Header><MessageType>Inventory</MessageType><Message><MessageID>1</MessageID><OperationType>Update</OperationType><Inventory><SKU>32515</SKU><Quantity>1</Quantity><FulfillmentLatency>5</FulfillmentLatency></Inventory></Message><Message><MessageID>2</MessageID><OperationType>Update</OperationType><Inventory><SKU>32516</SKU><Quantity>1</Quantity><FulfillmentLatency>5</FulfillmentLatency></Inventory></Message><Message><MessageID>3</MessageID><OperationType>Update</OperationType><Inventory><SKU>32517</SKU><Quantity>1</Quantity><FulfillmentLatency>5</FulfillmentLatency></Inventory></Message><Message><MessageID>4</MessageID><OperationType>Update</OperationType><Inventory><SKU>32518</SKU><Quantity>1</Quantity><FulfillmentLatency>5</FulfillmentLatency></Inventory></Message><Message><MessageID>5</MessageID><OperationType>Update</OperationType><Inventory><SKU>32519</SKU><Quantity>1</Quantity><FulfillmentLatency>5</FulfillmentLatency></Inventory></Message><Message><MessageID>6</MessageID><OperationType>Update</OperationType><Inventory><SKU>32520</SKU><Quantity>1</Quantity><FulfillmentLatency>5</FulfillmentLatency></Inventory></Message><Message><MessageID>7</MessageID><OperationType>Update</OperationType><Inventory><SKU>32521</SKU><Quantity>1</Quantity><FulfillmentLatency>5</FulfillmentLatency></Inventory></Message><Message><MessageID>8</MessageID><OperationType>Update</OperationType><Inventory><SKU>32522</SKU><Quantity>1</Quantity><FulfillmentLatency>5</FulfillmentLatency></Inventory></Message><Message><MessageID>9</MessageID><OperationType>Update</OperationType><Inventory><SKU>32523</SKU><Quantity>1</Quantity><FulfillmentLatency>5</FulfillmentLatency></Inventory></Message><Message><MessageID>10</MessageID><OperationType>Update</OperationType><Inventory><SKU>32524</SKU><Quantity>1</Quantity><FulfillmentLatency>5</FulfillmentLatency></Inventory></Message><Message><MessageID>11</MessageID><OperationType>Update</OperationType><Inventory><SKU>32525</SKU><Quantity>1</Quantity><FulfillmentLatency>5</FulfillmentLatency></Inventory></Message><Message><MessageID>12</MessageID><OperationType>Update</OperationType><Inventory><SKU>32526</SKU><Quantity>1</Quantity><FulfillmentLatency>5</FulfillmentLatency></Inventory></Message><Message><MessageID>13</MessageID><OperationType>Update</OperationType><Inventory><SKU>32527</SKU><Quantity>1</Quantity><FulfillmentLatency>5</FulfillmentLatency></Inventory></Message><Message><MessageID>14</MessageID><OperationType>Update</OperationType><Inventory><SKU>32528</SKU><Quantity>1</Quantity><FulfillmentLatency>5</FulfillmentLatency></Inventory></Message><Message><MessageID>15</MessageID><OperationType>Update</OperationType><Inventory><SKU>32529</SKU><Quantity>1</Quantity><FulfillmentLatency>5</FulfillmentLatency></Inventory></Message><Message><MessageID>16</MessageID><OperationType>Update</OperationType><Inventory><SKU>32530</SKU><Quantity>1</Quantity><FulfillmentLatency>5</FulfillmentLatency></Inventory></Message><Message><MessageID>17</MessageID><OperationType>Update</OperationType><Inventory><SKU>32531</SKU><Quantity>1</Quantity><FulfillmentLatency>5</FulfillmentLatency></Inventory></Message><Message><MessageID>18</MessageID><OperationType>Update</OperationType><Inventory><SKU>32532</SKU><Quantity>1</Quantity><FulfillmentLatency>5</FulfillmentLatency></Inventory></Message><Message><MessageID>19</MessageID><OperationType>Update</OperationType><Inventory><SKU>32533</SKU><Quantity>1</Quantity><FulfillmentLatency>5</FulfillmentLatency></Inventory></Message><Message><MessageID>20</MessageID><OperationType>Update</OperationType><Inventory><SKU>32534</SKU><Quantity>1</Quantity><FulfillmentLatency>5</FulfillmentLatency></Inventory></Message></AmazonEnvelope>


Service Response
=============================================================================
        SubmitFeedResponse
            SubmitFeedResult
                FeedSubmissionInfo
                    FeedSubmissionId
                        6451504426
                    FeedType
                        _POST_INVENTORY_AVAILABILITY_DATA_
                    SubmittedDate
                        2013-09-30T16:01:28Z
                    FeedProcessingStatus
                        _SUBMITTED_
            ResponseMetadata
                RequestId
                    47955f20-7182-46b7-9a5b-751d7ab80c99
            ResponseHeaderMetadata: RequestId: 47955f20-7182-46b7-9a5b-751d7ab80c99, ResponseContext: t4+tSmvWHnJhi4TpcktYlxr2KFEolx6PYP+V1pKttQzUXGOf/3cll+FbartgtvxOEW5rqwaQ8SNp i+gsgrTzchG6/IpOLcYS,tXlInwYKd/MTYgjrgLFFzrlWYsKcmLIAuJrIJ+Owbs0X1jeKf78vUqkQqE7F5bPa09zu7M+eCOo=, Timestamp: 2013-09-30T16:01:28.003Z
_POST_PRODUCT_PRICING_DATA_:
<?xml version="1.0" encoding="utf-8"?>
<AmazonEnvelope xmlns:xsi="http://www.w3.org/2001/XMLSchema-instance"
  xsi:noNamespaceSchemaLocation="amzn-envelope.xsd">
  <Header>
    <DocumentVersion>1.01</DocumentVersion>
  </Header><MessageType>Price</MessageType><Message><MessageID>1</MessageID><OperationType>Update</OperationType><Price><SKU>32515</SKU><StandardPrice currency="EUR">4.50</StandardPrice></Price></Message><Message><MessageID>2</MessageID><OperationType>Update</OperationType><Price><SKU>32516</SKU><StandardPrice currency="EUR">2.95</StandardPrice></Price></Message><Message><MessageID>3</MessageID><OperationType>Update</OperationType><Price><SKU>32517</SKU><StandardPrice currency="EUR">9.75</StandardPrice></Price></Message><Message><MessageID>4</MessageID><OperationType>Update</OperationType><Price><SKU>32518</SKU><StandardPrice currency="EUR">10.00</StandardPrice></Price></Message><Message><MessageID>5</MessageID><OperationType>Update</OperationType><Price><SKU>32519</SKU><StandardPrice currency="EUR">9.80</StandardPrice></Price></Message><Message><MessageID>6</MessageID><OperationType>Update</OperationType><Price><SKU>32520</SKU><StandardPrice currency="EUR">4.95</StandardPrice></Price></Message><Message><MessageID>7</MessageID><OperationType>Update</OperationType><Price><SKU>32521</SKU><StandardPrice currency="EUR">9.30</StandardPrice></Price></Message><Message><MessageID>8</MessageID><OperationType>Update</OperationType><Price><SKU>32522</SKU><StandardPrice currency="EUR">5.45</StandardPrice></Price></Message><Message><MessageID>9</MessageID><OperationType>Update</OperationType><Price><SKU>32523</SKU><StandardPrice currency="EUR">9.25</StandardPrice></Price></Message><Message><MessageID>10</MessageID><OperationType>Update</OperationType><Price><SKU>32524</SKU><StandardPrice currency="EUR">4.95</StandardPrice></Price></Message><Message><MessageID>11</MessageID><OperationType>Update</OperationType><Price><SKU>32525</SKU><StandardPrice currency="EUR">8.50</StandardPrice></Price></Message><Message><MessageID>12</MessageID><OperationType>Update</OperationType><Price><SKU>32526</SKU><StandardPrice currency="EUR">9.50</StandardPrice></Price></Message><Message><MessageID>13</MessageID><OperationType>Update</OperationType><Price><SKU>32527</SKU><StandardPrice currency="EUR">8.20</StandardPrice></Price></Message><Message><MessageID>14</MessageID><OperationType>Update</OperationType><Price><SKU>32528</SKU><StandardPrice currency="EUR">4.95</StandardPrice></Price></Message><Message><MessageID>15</MessageID><OperationType>Update</OperationType><Price><SKU>32529</SKU><StandardPrice currency="EUR">2.95</StandardPrice></Price></Message><Message><MessageID>16</MessageID><OperationType>Update</OperationType><Price><SKU>32530</SKU><StandardPrice currency="EUR">4.95</StandardPrice></Price></Message><Message><MessageID>17</MessageID><OperationType>Update</OperationType><Price><SKU>32531</SKU><StandardPrice currency="EUR">8.00</StandardPrice></Price></Message><Message><MessageID>18</MessageID><OperationType>Update</OperationType><Price><SKU>32532</SKU><StandardPrice currency="EUR">9.50</StandardPrice></Price></Message><Message><MessageID>19</MessageID><OperationType>Update</OperationType><Price><SKU>32533</SKU><StandardPrice currency="EUR">6.45</StandardPrice></Price></Message><Message><MessageID>20</MessageID><OperationType>Update</OperationType><Price><SKU>32534</SKU><StandardPrice currency="EUR">8.20</StandardPrice></Price></Message></AmazonEnvelope>


Service Response
=============================================================================
        SubmitFeedResponse
            SubmitFeedResult
                FeedSubmissionInfo
                    FeedSubmissionId
                        6451505636
                    FeedType
                        _POST_PRODUCT_PRICING_DATA_
                    SubmittedDate
                        2013-09-30T16:01:48Z
                    FeedProcessingStatus
                        _SUBMITTED_
            ResponseMetadata
                RequestId
                    4278f60e-caaa-4c7c-90d8-e211b74d7ea2
            ResponseHeaderMetadata: RequestId: 4278f60e-caaa-4c7c-90d8-e211b74d7ea2, ResponseContext: u6CoDEpY0BHHoa5c+6bf+ztAeCx5Tp+FJSQ5bPfiNzOG2ptGqXXSJRDD3rn59DPM6CNwqc5bV7y2 +A74Kcq1R7M9ddxgGa9J,o7dv9mjyMa9no0/VBQGgiQyzm2JFprr/cX7oU0Fhq2+X544AtMtkISBKLyeueFmO5mtvgnlgxDE=, Timestamp: 2013-09-30T16:01:48.895Z
