_POST_PRODUCT_DATA_:
<?xml version="1.0" encoding="utf-8"?>
<AmazonEnvelope xmlns:xsi="http://www.w3.org/2001/XMLSchema-instance"
  xsi:noNamespaceSchemaLocation="amzn-envelope.xsd">
  <Header>
    <DocumentVersion>1.01</DocumentVersion>
  </Header><MessageType>Product</MessageType><Message><MessageID>1</MessageID><OperationType>Update</OperationType><Product><SKU>32599</SKU><StandardProductID><Type>ISBN</Type><Value>9788848121613</Value></StandardProductID></Product></Message><Message><MessageID>2</MessageID><OperationType>Update</OperationType><Product><SKU>32600</SKU><StandardProductID><Type>ISBN</Type><Value>9788871927572</Value></StandardProductID></Product></Message><Message><MessageID>3</MessageID><OperationType>Update</OperationType><Product><SKU>32603</SKU><StandardProductID><Type>ISBN</Type><Value>9788848315272</Value></StandardProductID><Condition><ConditionType>UsedGood</ConditionType></Condition></Product></Message><Message><MessageID>4</MessageID><OperationType>Update</OperationType><Product><SKU>32604</SKU><StandardProductID><Type>ISBN</Type><Value>9788848315289</Value></StandardProductID><Condition><ConditionType>UsedGood</ConditionType></Condition></Product></Message><Message><MessageID>5</MessageID><OperationType>Update</OperationType><Product><SKU>32598</SKU><StandardProductID><Type>ISBN</Type><Value>9788842916673</Value></StandardProductID></Product></Message><Message><MessageID>6</MessageID><OperationType>Update</OperationType><Product><SKU>32596</SKU><StandardProductID><Type>ISBN</Type><Value>9788889777145</Value></StandardProductID></Product></Message><Message><MessageID>7</MessageID><OperationType>Update</OperationType><Product><SKU>32597</SKU><StandardProductID><Type>ISBN</Type><Value>9788883621420</Value></StandardProductID></Product></Message></AmazonEnvelope>


Service Response
=============================================================================
        SubmitFeedResponse
            SubmitFeedResult
                FeedSubmissionInfo
                    FeedSubmissionId
                        6461312490
                    FeedType
                        _POST_PRODUCT_DATA_
                    SubmittedDate
                        2013-10-01T19:01:14Z
                    FeedProcessingStatus
                        _SUBMITTED_
            ResponseMetadata
                RequestId
                    3b6f1656-a360-4469-a4c2-018f3fd609a1
            ResponseHeaderMetadata: RequestId: 3b6f1656-a360-4469-a4c2-018f3fd609a1, ResponseContext: hD/2fMZBtJMTOR5jfrSvUemVttP1eb/hhGO3h9JVmXrrtiM0h1AlROEbupKeoz7P2Nf2lcCsCpz7 V59r7ydnYUVRjrDKNIgx,4W3XqdO08m7nInr7sJfo87cuYFRC5xpZKAtkMUmurTC3heTm8ZSdyuThqZMJ5VFBic7HXptW3Js=, Timestamp: 2013-10-01T19:01:14.403Z
_POST_INVENTORY_AVAILABILITY_DATA_:
<?xml version="1.0" encoding="utf-8"?>
<AmazonEnvelope xmlns:xsi="http://www.w3.org/2001/XMLSchema-instance"
  xsi:noNamespaceSchemaLocation="amzn-envelope.xsd">
  <Header>
    <DocumentVersion>1.01</DocumentVersion>
  </Header><MessageType>Inventory</MessageType><Message><MessageID>1</MessageID><OperationType>Update</OperationType><Inventory><SKU>32599</SKU><Quantity>1</Quantity><FulfillmentLatency>5</FulfillmentLatency></Inventory></Message><Message><MessageID>2</MessageID><OperationType>Update</OperationType><Inventory><SKU>32600</SKU><Quantity>1</Quantity><FulfillmentLatency>5</FulfillmentLatency></Inventory></Message><Message><MessageID>3</MessageID><OperationType>Update</OperationType><Inventory><SKU>32603</SKU><Quantity>1</Quantity><FulfillmentLatency>5</FulfillmentLatency></Inventory></Message><Message><MessageID>4</MessageID><OperationType>Update</OperationType><Inventory><SKU>32604</SKU><Quantity>1</Quantity><FulfillmentLatency>5</FulfillmentLatency></Inventory></Message><Message><MessageID>5</MessageID><OperationType>Update</OperationType><Inventory><SKU>32598</SKU><Quantity>1</Quantity><FulfillmentLatency>5</FulfillmentLatency></Inventory></Message><Message><MessageID>6</MessageID><OperationType>Update</OperationType><Inventory><SKU>32596</SKU><Quantity>1</Quantity><FulfillmentLatency>5</FulfillmentLatency></Inventory></Message><Message><MessageID>7</MessageID><OperationType>Update</OperationType><Inventory><SKU>32597</SKU><Quantity>1</Quantity><FulfillmentLatency>5</FulfillmentLatency></Inventory></Message></AmazonEnvelope>


Service Response
=============================================================================
        SubmitFeedResponse
            SubmitFeedResult
                FeedSubmissionInfo
                    FeedSubmissionId
                        6461313698
                    FeedType
                        _POST_INVENTORY_AVAILABILITY_DATA_
                    SubmittedDate
                        2013-10-01T19:01:25Z
                    FeedProcessingStatus
                        _SUBMITTED_
            ResponseMetadata
                RequestId
                    fd53b967-da61-4e9c-8e20-1ee46a26facd
            ResponseHeaderMetadata: RequestId: fd53b967-da61-4e9c-8e20-1ee46a26facd, ResponseContext: zPjMLZvuTxkwx6aIRkO6wf8hWH+q55rjeYU5oetiIjaRR9jcr2DwTBSliNAwflcFlBVrzv4iNB43 jjVlNtkeYdbit+0tJOuP,86bnrOk408et4rs+c8FStQJVi1Ssm0V+5E+ZTkj9UfSb2/D7dnRuMEv+QPfztIngBS7h1sxr358=, Timestamp: 2013-10-01T19:01:25.368Z
_POST_PRODUCT_PRICING_DATA_:
<?xml version="1.0" encoding="utf-8"?>
<AmazonEnvelope xmlns:xsi="http://www.w3.org/2001/XMLSchema-instance"
  xsi:noNamespaceSchemaLocation="amzn-envelope.xsd">
  <Header>
    <DocumentVersion>1.01</DocumentVersion>
  </Header><MessageType>Price</MessageType><Message><MessageID>1</MessageID><OperationType>Update</OperationType><Price><SKU>32599</SKU><StandardPrice currency="EUR">15.50</StandardPrice></Price></Message><Message><MessageID>2</MessageID><OperationType>Update</OperationType><Price><SKU>32600</SKU><StandardPrice currency="EUR">23.00</StandardPrice></Price></Message><Message><MessageID>3</MessageID><OperationType>Update</OperationType><Price><SKU>32603</SKU><StandardPrice currency="EUR">21.45</StandardPrice></Price></Message><Message><MessageID>4</MessageID><OperationType>Update</OperationType><Price><SKU>32604</SKU><StandardPrice currency="EUR">9.95</StandardPrice></Price></Message><Message><MessageID>5</MessageID><OperationType>Update</OperationType><Price><SKU>32598</SKU><StandardPrice currency="EUR">18.60</StandardPrice></Price></Message><Message><MessageID>6</MessageID><OperationType>Update</OperationType><Price><SKU>32597</SKU><StandardPrice currency="EUR">12.50</StandardPrice></Price></Message><Message><MessageID>7</MessageID><OperationType>Update</OperationType><Price><SKU>32596</SKU><StandardPrice currency="EUR">10.90</StandardPrice></Price></Message></AmazonEnvelope>


Service Response
=============================================================================
        SubmitFeedResponse
            SubmitFeedResult
                FeedSubmissionInfo
                    FeedSubmissionId
                        6461314836
                    FeedType
                        _POST_PRODUCT_PRICING_DATA_
                    SubmittedDate
                        2013-10-01T19:01:36Z
                    FeedProcessingStatus
                        _SUBMITTED_
            ResponseMetadata
                RequestId
                    45d694e8-9963-4730-a56c-c52c1d2187a0
            ResponseHeaderMetadata: RequestId: 45d694e8-9963-4730-a56c-c52c1d2187a0, ResponseContext: wTeNctiT/Dof+hGMfRt5Cqvt8MYCarwSv6tXAcl1JEFQEYFY5s5fDiilR4tjtqblG28oDuELWPC6 xfdEtlJbtBjUS0V5zVlZ,QX2u/1AGSrJAzlE6EozrMM7bjXQWeoxulsfviEVK92BmfA7rxj9NfY2IwBckcKSbVQYCzxihpOY=, Timestamp: 2013-10-01T19:01:36.031Z
