_POST_PRODUCT_DATA_:
<?xml version="1.0" encoding="utf-8"?>
<AmazonEnvelope xmlns:xsi="http://www.w3.org/2001/XMLSchema-instance"
  xsi:noNamespaceSchemaLocation="amzn-envelope.xsd">
  <Header>
    <DocumentVersion>1.01</DocumentVersion>
  </Header><MessageType>Product</MessageType><Message><MessageID>1</MessageID><OperationType>Update</OperationType><Product><SKU>43027</SKU><StandardProductID><Type>ISBN</Type><Value>9788838454615</Value></StandardProductID><Condition><ConditionType>UsedGood</ConditionType></Condition></Product></Message><Message><MessageID>2</MessageID><OperationType>Update</OperationType><Product><SKU>43031</SKU><StandardProductID><Type>ISBN</Type><Value>9788804437857</Value></StandardProductID><Condition><ConditionType>UsedGood</ConditionType></Condition></Product></Message><Message><MessageID>3</MessageID><OperationType>Update</OperationType><Product><SKU>43030</SKU><StandardProductID><Type>ISBN</Type><Value>9788804510888</Value></StandardProductID><Condition><ConditionType>UsedGood</ConditionType></Condition></Product></Message><Message><MessageID>4</MessageID><OperationType>Update</OperationType><Product><SKU>43026</SKU><StandardProductID><Type>ISBN</Type><Value>9788817026369</Value></StandardProductID><Condition><ConditionType>UsedGood</ConditionType></Condition></Product></Message><Message><MessageID>5</MessageID><OperationType>Update</OperationType><Product><SKU>43035</SKU><StandardProductID><Type>ISBN</Type><Value>9788806142254</Value></StandardProductID><Condition><ConditionType>UsedGood</ConditionType></Condition></Product></Message><Message><MessageID>6</MessageID><OperationType>Update</OperationType><Product><SKU>43029</SKU><StandardProductID><Type>ISBN</Type><Value>9788817016346</Value></StandardProductID><Condition><ConditionType>UsedGood</ConditionType></Condition></Product></Message><Message><MessageID>7</MessageID><OperationType>Update</OperationType><Product><SKU>43034</SKU><StandardProductID><Type>ISBN</Type><Value>9788817005722</Value></StandardProductID><Condition><ConditionType>UsedGood</ConditionType></Condition></Product></Message><Message><MessageID>8</MessageID><OperationType>Update</OperationType><Product><SKU>43033</SKU><StandardProductID><Type>ISBN</Type><Value>9788848810227</Value></StandardProductID><Condition><ConditionType>UsedGood</ConditionType></Condition></Product></Message><Message><MessageID>9</MessageID><OperationType>Update</OperationType><Product><SKU>43028</SKU><StandardProductID><Type>ISBN</Type><Value>9788860520364</Value></StandardProductID><Condition><ConditionType>UsedGood</ConditionType></Condition></Product></Message><Message><MessageID>10</MessageID><OperationType>Update</OperationType><Product><SKU>43025</SKU><StandardProductID><Type>ISBN</Type><Value>9788830425651</Value></StandardProductID><Condition><ConditionType>UsedGood</ConditionType></Condition></Product></Message><Message><MessageID>11</MessageID><OperationType>Update</OperationType><Product><SKU>43032</SKU><StandardProductID><Type>ISBN</Type><Value>9788830410633</Value></StandardProductID><Condition><ConditionType>UsedGood</ConditionType></Condition></Product></Message><Message><MessageID>12</MessageID><OperationType>Update</OperationType><Product><SKU>43020</SKU><StandardProductID><Type>ISBN</Type><Value>9788817863780</Value></StandardProductID><Condition><ConditionType>UsedGood</ConditionType></Condition></Product></Message><Message><MessageID>13</MessageID><OperationType>Update</OperationType><Product><SKU>43021</SKU><StandardProductID><Type>ISBN</Type><Value>9788804575115</Value></StandardProductID><Condition><ConditionType>UsedGood</ConditionType></Condition></Product></Message><Message><MessageID>14</MessageID><OperationType>Update</OperationType><Product><SKU>43022</SKU><StandardProductID><Type>ISBN</Type><Value>9788817662802</Value></StandardProductID><Condition><ConditionType>UsedGood</ConditionType></Condition></Product></Message><Message><MessageID>15</MessageID><OperationType>Update</OperationType><Product><SKU>43024</SKU><StandardProductID><Type>ISBN</Type><Value>9788845213281</Value></StandardProductID><Condition><ConditionType>UsedGood</ConditionType></Condition></Product></Message><Message><MessageID>16</MessageID><OperationType>Update</OperationType><Product><SKU>43023</SKU><StandardProductID><Type>ISBN</Type><Value>9788804573210</Value></StandardProductID><Condition><ConditionType>UsedGood</ConditionType></Condition></Product></Message><Message><MessageID>17</MessageID><OperationType>Update</OperationType><Product><SKU>43019</SKU><StandardProductID><Type>ISBN</Type><Value>9788817863766</Value></StandardProductID><Condition><ConditionType>UsedGood</ConditionType></Condition></Product></Message><Message><MessageID>18</MessageID><OperationType>Update</OperationType><Product><SKU>43017</SKU><StandardProductID><Type>ISBN</Type><Value>9788804554349</Value></StandardProductID><Condition><ConditionType>UsedGood</ConditionType></Condition></Product></Message><Message><MessageID>19</MessageID><OperationType>Update</OperationType><Product><SKU>43018</SKU><StandardProductID><Type>ISBN</Type><Value>9788835955719</Value></StandardProductID><Condition><ConditionType>UsedGood</ConditionType></Condition></Product></Message><Message><MessageID>20</MessageID><OperationType>Update</OperationType><Product><SKU>43016</SKU><StandardProductID><Type>ISBN</Type><Value>9788820033484</Value></StandardProductID><Condition><ConditionType>UsedGood</ConditionType></Condition></Product></Message><Message><MessageID>21</MessageID><OperationType>Update</OperationType><Product><SKU>43015</SKU><StandardProductID><Type>ISBN</Type><Value>9788817003810</Value></StandardProductID><Condition><ConditionType>UsedGood</ConditionType></Condition></Product></Message><Message><MessageID>22</MessageID><OperationType>Update</OperationType><Product><SKU>43014</SKU><StandardProductID><Type>ISBN</Type><Value>9788820029081</Value></StandardProductID><Condition><ConditionType>UsedGood</ConditionType></Condition></Product></Message><Message><MessageID>23</MessageID><OperationType>Update</OperationType><Product><SKU>43013</SKU><StandardProductID><Type>ISBN</Type><Value>9788817674058</Value></StandardProductID><Condition><ConditionType>UsedGood</ConditionType></Condition></Product></Message><Message><MessageID>24</MessageID><OperationType>Update</OperationType><Product><SKU>43012</SKU><StandardProductID><Type>ISBN</Type><Value>9788817428033</Value></StandardProductID><Condition><ConditionType>UsedGood</ConditionType></Condition></Product></Message><Message><MessageID>25</MessageID><OperationType>Update</OperationType><Product><SKU>43008</SKU><StandardProductID><Type>ISBN</Type><Value>9788845237836</Value></StandardProductID><Condition><ConditionType>UsedGood</ConditionType></Condition></Product></Message><Message><MessageID>26</MessageID><OperationType>Update</OperationType><Product><SKU>43009</SKU><StandardProductID><Type>ISBN</Type><Value>9788830414419</Value></StandardProductID><Condition><ConditionType>UsedGood</ConditionType></Condition></Product></Message><Message><MessageID>27</MessageID><OperationType>Update</OperationType><Product><SKU>43010</SKU><StandardProductID><Type>ISBN</Type><Value>9788830415225</Value></StandardProductID><Condition><ConditionType>UsedGood</ConditionType></Condition></Product></Message><Message><MessageID>28</MessageID><OperationType>Update</OperationType><Product><SKU>43011</SKU><StandardProductID><Type>ISBN</Type><Value>9788817679008</Value></StandardProductID><Condition><ConditionType>UsedGood</ConditionType></Condition></Product></Message></AmazonEnvelope>


Service Response
=============================================================================
        SubmitFeedResponse
            SubmitFeedResult
                FeedSubmissionInfo
                    FeedSubmissionId
                        7391798318
                    FeedType
                        _POST_PRODUCT_DATA_
                    SubmittedDate
                        2014-01-09T14:01:10Z
                    FeedProcessingStatus
                        _SUBMITTED_
            ResponseMetadata
                RequestId
                    84acf84a-767f-4a1a-9641-571c99155a04
            ResponseHeaderMetadata: RequestId: 84acf84a-767f-4a1a-9641-571c99155a04, ResponseContext: xStyffJSunysdV+jI7a9IqVWfupTtNAUDLKE1PZvD4ZizRmwukByYT1mv+6Jf9CrZ2jx/HU7+NHQ qCHEltkOTc30HGq6SU9j,3gZ1g8q5D+SEJ+cU1kgOSUxY5ot5SqVb8hDkepdJ2tfs58DCDYjL921mWxoUb34MXpJtlcYpM5Le QoFmHuG3jA==, Timestamp: 2014-01-09T14:01:09.198Z
_POST_INVENTORY_AVAILABILITY_DATA_:
<?xml version="1.0" encoding="utf-8"?>
<AmazonEnvelope xmlns:xsi="http://www.w3.org/2001/XMLSchema-instance"
  xsi:noNamespaceSchemaLocation="amzn-envelope.xsd">
  <Header>
    <DocumentVersion>1.01</DocumentVersion>
  </Header><MessageType>Inventory</MessageType><Message><MessageID>1</MessageID><OperationType>Update</OperationType><Inventory><SKU>43029</SKU><Quantity>1</Quantity><FulfillmentLatency>5</FulfillmentLatency></Inventory></Message><Message><MessageID>2</MessageID><OperationType>Update</OperationType><Inventory><SKU>43032</SKU><Quantity>1</Quantity><FulfillmentLatency>5</FulfillmentLatency></Inventory></Message><Message><MessageID>3</MessageID><OperationType>Update</OperationType><Inventory><SKU>43031</SKU><Quantity>1</Quantity><FulfillmentLatency>5</FulfillmentLatency></Inventory></Message><Message><MessageID>4</MessageID><OperationType>Update</OperationType><Inventory><SKU>43030</SKU><Quantity>1</Quantity><FulfillmentLatency>5</FulfillmentLatency></Inventory></Message><Message><MessageID>5</MessageID><OperationType>Update</OperationType><Inventory><SKU>43022</SKU><Quantity>1</Quantity><FulfillmentLatency>5</FulfillmentLatency></Inventory></Message><Message><MessageID>6</MessageID><OperationType>Update</OperationType><Inventory><SKU>43025</SKU><Quantity>1</Quantity><FulfillmentLatency>5</FulfillmentLatency></Inventory></Message><Message><MessageID>7</MessageID><OperationType>Update</OperationType><Inventory><SKU>43026</SKU><Quantity>1</Quantity><FulfillmentLatency>5</FulfillmentLatency></Inventory></Message><Message><MessageID>8</MessageID><OperationType>Update</OperationType><Inventory><SKU>43028</SKU><Quantity>1</Quantity><FulfillmentLatency>5</FulfillmentLatency></Inventory></Message><Message><MessageID>9</MessageID><OperationType>Update</OperationType><Inventory><SKU>43035</SKU><Quantity>1</Quantity><FulfillmentLatency>5</FulfillmentLatency></Inventory></Message><Message><MessageID>10</MessageID><OperationType>Update</OperationType><Inventory><SKU>43034</SKU><Quantity>1</Quantity><FulfillmentLatency>5</FulfillmentLatency></Inventory></Message><Message><MessageID>11</MessageID><OperationType>Update</OperationType><Inventory><SKU>43033</SKU><Quantity>1</Quantity><FulfillmentLatency>5</FulfillmentLatency></Inventory></Message><Message><MessageID>12</MessageID><OperationType>Update</OperationType><Inventory><SKU>43027</SKU><Quantity>1</Quantity><FulfillmentLatency>5</FulfillmentLatency></Inventory></Message><Message><MessageID>13</MessageID><OperationType>Update</OperationType><Inventory><SKU>43024</SKU><Quantity>1</Quantity><FulfillmentLatency>5</FulfillmentLatency></Inventory></Message><Message><MessageID>14</MessageID><OperationType>Update</OperationType><Inventory><SKU>43023</SKU><Quantity>1</Quantity><FulfillmentLatency>5</FulfillmentLatency></Inventory></Message><Message><MessageID>15</MessageID><OperationType>Update</OperationType><Inventory><SKU>43020</SKU><Quantity>1</Quantity><FulfillmentLatency>5</FulfillmentLatency></Inventory></Message><Message><MessageID>16</MessageID><OperationType>Update</OperationType><Inventory><SKU>43021</SKU><Quantity>1</Quantity><FulfillmentLatency>5</FulfillmentLatency></Inventory></Message><Message><MessageID>17</MessageID><OperationType>Update</OperationType><Inventory><SKU>43019</SKU><Quantity>1</Quantity><FulfillmentLatency>5</FulfillmentLatency></Inventory></Message><Message><MessageID>18</MessageID><OperationType>Update</OperationType><Inventory><SKU>43018</SKU><Quantity>1</Quantity><FulfillmentLatency>5</FulfillmentLatency></Inventory></Message><Message><MessageID>19</MessageID><OperationType>Update</OperationType><Inventory><SKU>43016</SKU><Quantity>1</Quantity><FulfillmentLatency>5</FulfillmentLatency></Inventory></Message><Message><MessageID>20</MessageID><OperationType>Update</OperationType><Inventory><SKU>43017</SKU><Quantity>1</Quantity><FulfillmentLatency>5</FulfillmentLatency></Inventory></Message><Message><MessageID>21</MessageID><OperationType>Update</OperationType><Inventory><SKU>43015</SKU><Quantity>1</Quantity><FulfillmentLatency>5</FulfillmentLatency></Inventory></Message><Message><MessageID>22</MessageID><OperationType>Update</OperationType><Inventory><SKU>43014</SKU><Quantity>1</Quantity><FulfillmentLatency>5</FulfillmentLatency></Inventory></Message><Message><MessageID>23</MessageID><OperationType>Update</OperationType><Inventory><SKU>43013</SKU><Quantity>1</Quantity><FulfillmentLatency>5</FulfillmentLatency></Inventory></Message><Message><MessageID>24</MessageID><OperationType>Update</OperationType><Inventory><SKU>43012</SKU><Quantity>1</Quantity><FulfillmentLatency>5</FulfillmentLatency></Inventory></Message><Message><MessageID>25</MessageID><OperationType>Update</OperationType><Inventory><SKU>43011</SKU><Quantity>1</Quantity><FulfillmentLatency>5</FulfillmentLatency></Inventory></Message><Message><MessageID>26</MessageID><OperationType>Update</OperationType><Inventory><SKU>43008</SKU><Quantity>1</Quantity><FulfillmentLatency>5</FulfillmentLatency></Inventory></Message><Message><MessageID>27</MessageID><OperationType>Update</OperationType><Inventory><SKU>43009</SKU><Quantity>1</Quantity><FulfillmentLatency>5</FulfillmentLatency></Inventory></Message><Message><MessageID>28</MessageID><OperationType>Update</OperationType><Inventory><SKU>43010</SKU><Quantity>1</Quantity><FulfillmentLatency>5</FulfillmentLatency></Inventory></Message></AmazonEnvelope>


Service Response
=============================================================================
        SubmitFeedResponse
            SubmitFeedResult
                FeedSubmissionInfo
                    FeedSubmissionId
                        7391800072
                    FeedType
                        _POST_INVENTORY_AVAILABILITY_DATA_
                    SubmittedDate
                        2014-01-09T14:01:17Z
                    FeedProcessingStatus
                        _SUBMITTED_
            ResponseMetadata
                RequestId
                    9e889ce3-af6c-454a-954d-492319dc9c7e
            ResponseHeaderMetadata: RequestId: 9e889ce3-af6c-454a-954d-492319dc9c7e, ResponseContext: 6GzMm8SsEbz0fIDV9VYFh4IfgIVtuk6rnPDjBvy5RhOFmq2SGrKSTEcoU7Q7fpbmBwNNq5+T65lQ o/EXYL2xFpLyjPnDp+P5,me76r3pZCALz9xX/ZVqNZb/zJCUGUoFYuFxq67Ii/O1AFTG6gqqoyYC7OkYSwUCBVfEruz4Zpf7m Abzt7HI6jQ==, Timestamp: 2014-01-09T14:01:15.806Z
_POST_PRODUCT_PRICING_DATA_:
<?xml version="1.0" encoding="utf-8"?>
<AmazonEnvelope xmlns:xsi="http://www.w3.org/2001/XMLSchema-instance"
  xsi:noNamespaceSchemaLocation="amzn-envelope.xsd">
  <Header>
    <DocumentVersion>1.01</DocumentVersion>
  </Header><MessageType>Price</MessageType><Message><MessageID>1</MessageID><OperationType>Update</OperationType><Price><SKU>43032</SKU><StandardPrice currency="EUR">7.75</StandardPrice></Price></Message><Message><MessageID>2</MessageID><OperationType>Update</OperationType><Price><SKU>43019</SKU><StandardPrice currency="EUR">4.50</StandardPrice></Price></Message><Message><MessageID>3</MessageID><OperationType>Update</OperationType><Price><SKU>43027</SKU><StandardPrice currency="EUR">9.45</StandardPrice></Price></Message><Message><MessageID>4</MessageID><OperationType>Update</OperationType><Price><SKU>43031</SKU><StandardPrice currency="EUR">9.04</StandardPrice></Price></Message><Message><MessageID>5</MessageID><OperationType>Update</OperationType><Price><SKU>43030</SKU><StandardPrice currency="EUR">4.40</StandardPrice></Price></Message><Message><MessageID>6</MessageID><OperationType>Update</OperationType><Price><SKU>43029</SKU><StandardPrice currency="EUR">6.25</StandardPrice></Price></Message><Message><MessageID>7</MessageID><OperationType>Update</OperationType><Price><SKU>43025</SKU><StandardPrice currency="EUR">8.30</StandardPrice></Price></Message><Message><MessageID>8</MessageID><OperationType>Update</OperationType><Price><SKU>43026</SKU><StandardPrice currency="EUR">5.75</StandardPrice></Price></Message><Message><MessageID>9</MessageID><OperationType>Update</OperationType><Price><SKU>43028</SKU><StandardPrice currency="EUR">7.00</StandardPrice></Price></Message><Message><MessageID>10</MessageID><OperationType>Update</OperationType><Price><SKU>43035</SKU><StandardPrice currency="EUR">5.68</StandardPrice></Price></Message><Message><MessageID>11</MessageID><OperationType>Update</OperationType><Price><SKU>43034</SKU><StandardPrice currency="EUR">4.75</StandardPrice></Price></Message><Message><MessageID>12</MessageID><OperationType>Update</OperationType><Price><SKU>43033</SKU><StandardPrice currency="EUR">6.00</StandardPrice></Price></Message><Message><MessageID>13</MessageID><OperationType>Update</OperationType><Price><SKU>43024</SKU><StandardPrice currency="EUR">7.23</StandardPrice></Price></Message><Message><MessageID>14</MessageID><OperationType>Update</OperationType><Price><SKU>43023</SKU><StandardPrice currency="EUR">11.00</StandardPrice></Price></Message><Message><MessageID>15</MessageID><OperationType>Update</OperationType><Price><SKU>43022</SKU><StandardPrice currency="EUR">8.00</StandardPrice></Price></Message><Message><MessageID>16</MessageID><OperationType>Update</OperationType><Price><SKU>43020</SKU><StandardPrice currency="EUR">4.50</StandardPrice></Price></Message><Message><MessageID>17</MessageID><OperationType>Update</OperationType><Price><SKU>43021</SKU><StandardPrice currency="EUR">8.50</StandardPrice></Price></Message><Message><MessageID>18</MessageID><OperationType>Update</OperationType><Price><SKU>43018</SKU><StandardPrice currency="EUR">9.00</StandardPrice></Price></Message><Message><MessageID>19</MessageID><OperationType>Update</OperationType><Price><SKU>43016</SKU><StandardPrice currency="EUR">4.50</StandardPrice></Price></Message><Message><MessageID>20</MessageID><OperationType>Update</OperationType><Price><SKU>43017</SKU><StandardPrice currency="EUR">7.00</StandardPrice></Price></Message><Message><MessageID>21</MessageID><OperationType>Update</OperationType><Price><SKU>43015</SKU><StandardPrice currency="EUR">8.75</StandardPrice></Price></Message><Message><MessageID>22</MessageID><OperationType>Update</OperationType><Price><SKU>43014</SKU><StandardPrice currency="EUR">7.36</StandardPrice></Price></Message><Message><MessageID>23</MessageID><OperationType>Update</OperationType><Price><SKU>43013</SKU><StandardPrice currency="EUR">8.27</StandardPrice></Price></Message><Message><MessageID>24</MessageID><OperationType>Update</OperationType><Price><SKU>43012</SKU><StandardPrice currency="EUR">6.97</StandardPrice></Price></Message><Message><MessageID>25</MessageID><OperationType>Update</OperationType><Price><SKU>43011</SKU><StandardPrice currency="EUR">8.52</StandardPrice></Price></Message><Message><MessageID>26</MessageID><OperationType>Update</OperationType><Price><SKU>43008</SKU><StandardPrice currency="EUR">3.33</StandardPrice></Price></Message><Message><MessageID>27</MessageID><OperationType>Update</OperationType><Price><SKU>43009</SKU><StandardPrice currency="EUR">6.72</StandardPrice></Price></Message><Message><MessageID>28</MessageID><OperationType>Update</OperationType><Price><SKU>43010</SKU><StandardPrice currency="EUR">9.25</StandardPrice></Price></Message></AmazonEnvelope>


Service Response
=============================================================================
        SubmitFeedResponse
            SubmitFeedResult
                FeedSubmissionInfo
                    FeedSubmissionId
                        7391800704
                    FeedType
                        _POST_PRODUCT_PRICING_DATA_
                    SubmittedDate
                        2014-01-09T14:01:23Z
                    FeedProcessingStatus
                        _SUBMITTED_
            ResponseMetadata
                RequestId
                    a5d65279-2663-49b2-8da6-04fd221f64d1
            ResponseHeaderMetadata: RequestId: a5d65279-2663-49b2-8da6-04fd221f64d1, ResponseContext: 05zr2coTFLMhroyEp0rSuSeBGaGSv/dIm6pioMRfZGArU6gbNoHhnIFjpiIf2aR/ZUFC+DmYAUqG vCG36qxgC2sYH9ABDKkd,An+j0yER6Bf73sPgXtGWXZmgMAgUQDlYTUE6RlXFwOpVMVKuzy0vF5WCHdr7KV4jI3GPeqJtl65h lWJW2yxGnA==, Timestamp: 2014-01-09T14:01:22.274Z
