_POST_PRODUCT_DATA_:
<?xml version="1.0" encoding="utf-8"?>
<AmazonEnvelope xmlns:xsi="http://www.w3.org/2001/XMLSchema-instance"
  xsi:noNamespaceSchemaLocation="amzn-envelope.xsd">
  <Header>
    <DocumentVersion>1.01</DocumentVersion>
  </Header><MessageType>Product</MessageType><Message><MessageID>1</MessageID><OperationType>Update</OperationType><Product><SKU>33592</SKU><StandardProductID><Type>ISBN</Type><Value>9788884909855</Value></StandardProductID><Condition><ConditionType>UsedGood</ConditionType></Condition></Product></Message><Message><MessageID>2</MessageID><OperationType>Update</OperationType><Product><SKU>33593</SKU><StandardProductID><Type>ISBN</Type><Value>9788860731654</Value></StandardProductID><Condition><ConditionType>UsedGood</ConditionType></Condition></Product></Message><Message><MessageID>3</MessageID><OperationType>Update</OperationType><Product><SKU>33594</SKU><StandardProductID><Type>ISBN</Type><Value>9788811666127</Value></StandardProductID><Condition><ConditionType>UsedGood</ConditionType></Condition></Product></Message><Message><MessageID>4</MessageID><OperationType>Update</OperationType><Product><SKU>33595</SKU><StandardProductID><Type>ISBN</Type><Value>9788860730114</Value></StandardProductID><Condition><ConditionType>UsedGood</ConditionType></Condition></Product></Message><Message><MessageID>5</MessageID><OperationType>Update</OperationType><Product><SKU>33596</SKU><StandardProductID><Type>ISBN</Type><Value>9788834419113</Value></StandardProductID><Condition><ConditionType>UsedGood</ConditionType></Condition></Product></Message><Message><MessageID>6</MessageID><OperationType>Update</OperationType><Product><SKU>33597</SKU><StandardProductID><Type>ISBN</Type><Value>9788806115609</Value></StandardProductID><Condition><ConditionType>UsedGood</ConditionType></Condition></Product></Message><Message><MessageID>7</MessageID><OperationType>Update</OperationType><Product><SKU>33598</SKU><StandardProductID><Type>ISBN</Type><Value>9788804597315</Value></StandardProductID><Condition><ConditionType>UsedGood</ConditionType></Condition></Product></Message><Message><MessageID>8</MessageID><OperationType>Update</OperationType><Product><SKU>33599</SKU><StandardProductID><Type>ISBN</Type><Value>9788841868751</Value></StandardProductID><Condition><ConditionType>UsedGood</ConditionType></Condition></Product></Message><Message><MessageID>9</MessageID><OperationType>Update</OperationType><Product><SKU>33600</SKU><StandardProductID><Type>ISBN</Type><Value>9788811681793</Value></StandardProductID><Condition><ConditionType>UsedGood</ConditionType></Condition></Product></Message><Message><MessageID>10</MessageID><OperationType>Update</OperationType><Product><SKU>33591</SKU><StandardProductID><Type>ISBN</Type><Value>9788845914768</Value></StandardProductID><Condition><ConditionType>UsedGood</ConditionType></Condition></Product></Message><Message><MessageID>11</MessageID><OperationType>Update</OperationType><Product><SKU>33590</SKU><StandardProductID><Type>ISBN</Type><Value>9788817670425</Value></StandardProductID><Condition><ConditionType>UsedGood</ConditionType></Condition></Product></Message><Message><MessageID>12</MessageID><OperationType>Update</OperationType><Product><SKU>33589</SKU><StandardProductID><Type>ISBN</Type><Value>9788806160944</Value></StandardProductID><Condition><ConditionType>UsedGood</ConditionType></Condition></Product></Message><Message><MessageID>13</MessageID><OperationType>Update</OperationType><Product><SKU>33588</SKU><StandardProductID><Type>ISBN</Type><Value>9788884902238</Value></StandardProductID><Condition><ConditionType>UsedGood</ConditionType></Condition></Product></Message><Message><MessageID>14</MessageID><OperationType>Update</OperationType><Product><SKU>33587</SKU><StandardProductID><Type>ISBN</Type><Value>9788884905666</Value></StandardProductID><Condition><ConditionType>UsedGood</ConditionType></Condition></Product></Message><Message><MessageID>15</MessageID><OperationType>Update</OperationType><Product><SKU>33586</SKU><StandardProductID><Type>ISBN</Type><Value>9788817002967</Value></StandardProductID><Condition><ConditionType>UsedGood</ConditionType></Condition></Product></Message><Message><MessageID>16</MessageID><OperationType>Update</OperationType><Product><SKU>33585</SKU><StandardProductID><Type>ISBN</Type><Value>9788884907912</Value></StandardProductID><Condition><ConditionType>UsedGood</ConditionType></Condition></Product></Message><Message><MessageID>17</MessageID><OperationType>Update</OperationType><Product><SKU>33584</SKU><StandardProductID><Type>ISBN</Type><Value>9788817154444</Value></StandardProductID><Condition><ConditionType>UsedGood</ConditionType></Condition></Product></Message><Message><MessageID>18</MessageID><OperationType>Update</OperationType><Product><SKU>33583</SKU><StandardProductID><Type>ISBN</Type><Value>9788878190191</Value></StandardProductID><Condition><ConditionType>UsedGood</ConditionType></Condition></Product></Message><Message><MessageID>19</MessageID><OperationType>Update</OperationType><Product><SKU>33582</SKU><StandardProductID><Type>ISBN</Type><Value>9788817150101</Value></StandardProductID><Condition><ConditionType>UsedGood</ConditionType></Condition></Product></Message><Message><MessageID>20</MessageID><OperationType>Update</OperationType><Product><SKU>33581</SKU><StandardProductID><Type>ISBN</Type><Value>9788815063021</Value></StandardProductID><Condition><ConditionType>UsedAcceptable</ConditionType></Condition></Product></Message><Message><MessageID>21</MessageID><OperationType>Update</OperationType><Product><SKU>33580</SKU><StandardProductID><Type>ISBN</Type><Value>9788811661115</Value></StandardProductID><Condition><ConditionType>UsedGood</ConditionType></Condition></Product></Message><Message><MessageID>22</MessageID><OperationType>Update</OperationType><Product><SKU>33579</SKU><StandardProductID><Type>ISBN</Type><Value>9788811661122</Value></StandardProductID><Condition><ConditionType>UsedGood</ConditionType></Condition></Product></Message><Message><MessageID>23</MessageID><OperationType>Update</OperationType><Product><SKU>33578</SKU><StandardProductID><Type>ISBN</Type><Value>9788806150303</Value></StandardProductID><Condition><ConditionType>UsedGood</ConditionType></Condition></Product></Message><Message><MessageID>24</MessageID><OperationType>Update</OperationType><Product><SKU>33577</SKU><StandardProductID><Type>ISBN</Type><Value>9788830401075</Value></StandardProductID><Condition><ConditionType>UsedGood</ConditionType></Condition></Product></Message></AmazonEnvelope>


Service Response
=============================================================================
        SubmitFeedResponse
            SubmitFeedResult
                FeedSubmissionInfo
                    FeedSubmissionId
                        6520624312
                    FeedType
                        _POST_PRODUCT_DATA_
                    SubmittedDate
                        2013-10-08T13:01:04Z
                    FeedProcessingStatus
                        _SUBMITTED_
            ResponseMetadata
                RequestId
                    17292cb7-df5a-496a-90c0-976249977768
            ResponseHeaderMetadata: RequestId: 17292cb7-df5a-496a-90c0-976249977768, ResponseContext: zPjMLZvuTxkwx6aIRkO6wf8hWH+q55rjeYU5oetiIjaRR9jcr2DwTBSliNAwflcFlBVrzv4iNB43 jjVlNtkeYdbit+0tJOuP,5bxyTvmgoJycAnjlpRqI2jbKgTwbRqYgx43lzwy4v3fypxkL/g654UkTlHkxN4gOluUB7uqV8pRz lZpDjAdsLQ==, Timestamp: 2013-10-08T13:01:04.169Z
_POST_INVENTORY_AVAILABILITY_DATA_:
<?xml version="1.0" encoding="utf-8"?>
<AmazonEnvelope xmlns:xsi="http://www.w3.org/2001/XMLSchema-instance"
  xsi:noNamespaceSchemaLocation="amzn-envelope.xsd">
  <Header>
    <DocumentVersion>1.01</DocumentVersion>
  </Header><MessageType>Inventory</MessageType><Message><MessageID>1</MessageID><OperationType>Update</OperationType><Inventory><SKU>33592</SKU><Quantity>1</Quantity><FulfillmentLatency>5</FulfillmentLatency></Inventory></Message><Message><MessageID>2</MessageID><OperationType>Update</OperationType><Inventory><SKU>33593</SKU><Quantity>1</Quantity><FulfillmentLatency>5</FulfillmentLatency></Inventory></Message><Message><MessageID>3</MessageID><OperationType>Update</OperationType><Inventory><SKU>33594</SKU><Quantity>1</Quantity><FulfillmentLatency>5</FulfillmentLatency></Inventory></Message><Message><MessageID>4</MessageID><OperationType>Update</OperationType><Inventory><SKU>33595</SKU><Quantity>1</Quantity><FulfillmentLatency>5</FulfillmentLatency></Inventory></Message><Message><MessageID>5</MessageID><OperationType>Update</OperationType><Inventory><SKU>33596</SKU><Quantity>1</Quantity><FulfillmentLatency>5</FulfillmentLatency></Inventory></Message><Message><MessageID>6</MessageID><OperationType>Update</OperationType><Inventory><SKU>33597</SKU><Quantity>1</Quantity><FulfillmentLatency>5</FulfillmentLatency></Inventory></Message><Message><MessageID>7</MessageID><OperationType>Update</OperationType><Inventory><SKU>33598</SKU><Quantity>1</Quantity><FulfillmentLatency>5</FulfillmentLatency></Inventory></Message><Message><MessageID>8</MessageID><OperationType>Update</OperationType><Inventory><SKU>33599</SKU><Quantity>1</Quantity><FulfillmentLatency>5</FulfillmentLatency></Inventory></Message><Message><MessageID>9</MessageID><OperationType>Update</OperationType><Inventory><SKU>33600</SKU><Quantity>1</Quantity><FulfillmentLatency>5</FulfillmentLatency></Inventory></Message><Message><MessageID>10</MessageID><OperationType>Update</OperationType><Inventory><SKU>33591</SKU><Quantity>1</Quantity><FulfillmentLatency>5</FulfillmentLatency></Inventory></Message><Message><MessageID>11</MessageID><OperationType>Update</OperationType><Inventory><SKU>33590</SKU><Quantity>1</Quantity><FulfillmentLatency>5</FulfillmentLatency></Inventory></Message><Message><MessageID>12</MessageID><OperationType>Update</OperationType><Inventory><SKU>33589</SKU><Quantity>1</Quantity><FulfillmentLatency>5</FulfillmentLatency></Inventory></Message><Message><MessageID>13</MessageID><OperationType>Update</OperationType><Inventory><SKU>33588</SKU><Quantity>1</Quantity><FulfillmentLatency>5</FulfillmentLatency></Inventory></Message><Message><MessageID>14</MessageID><OperationType>Update</OperationType><Inventory><SKU>33587</SKU><Quantity>1</Quantity><FulfillmentLatency>5</FulfillmentLatency></Inventory></Message><Message><MessageID>15</MessageID><OperationType>Update</OperationType><Inventory><SKU>33586</SKU><Quantity>1</Quantity><FulfillmentLatency>5</FulfillmentLatency></Inventory></Message><Message><MessageID>16</MessageID><OperationType>Update</OperationType><Inventory><SKU>33585</SKU><Quantity>1</Quantity><FulfillmentLatency>5</FulfillmentLatency></Inventory></Message><Message><MessageID>17</MessageID><OperationType>Update</OperationType><Inventory><SKU>33584</SKU><Quantity>1</Quantity><FulfillmentLatency>5</FulfillmentLatency></Inventory></Message><Message><MessageID>18</MessageID><OperationType>Update</OperationType><Inventory><SKU>33583</SKU><Quantity>1</Quantity><FulfillmentLatency>5</FulfillmentLatency></Inventory></Message><Message><MessageID>19</MessageID><OperationType>Update</OperationType><Inventory><SKU>33582</SKU><Quantity>1</Quantity><FulfillmentLatency>5</FulfillmentLatency></Inventory></Message><Message><MessageID>20</MessageID><OperationType>Update</OperationType><Inventory><SKU>33581</SKU><Quantity>1</Quantity><FulfillmentLatency>5</FulfillmentLatency></Inventory></Message><Message><MessageID>21</MessageID><OperationType>Update</OperationType><Inventory><SKU>33580</SKU><Quantity>1</Quantity><FulfillmentLatency>5</FulfillmentLatency></Inventory></Message><Message><MessageID>22</MessageID><OperationType>Update</OperationType><Inventory><SKU>33579</SKU><Quantity>1</Quantity><FulfillmentLatency>5</FulfillmentLatency></Inventory></Message><Message><MessageID>23</MessageID><OperationType>Update</OperationType><Inventory><SKU>33578</SKU><Quantity>1</Quantity><FulfillmentLatency>5</FulfillmentLatency></Inventory></Message><Message><MessageID>24</MessageID><OperationType>Update</OperationType><Inventory><SKU>33577</SKU><Quantity>1</Quantity><FulfillmentLatency>5</FulfillmentLatency></Inventory></Message></AmazonEnvelope>


Service Response
=============================================================================
        SubmitFeedResponse
            SubmitFeedResult
                FeedSubmissionInfo
                    FeedSubmissionId
                        6520625850
                    FeedType
                        _POST_INVENTORY_AVAILABILITY_DATA_
                    SubmittedDate
                        2013-10-08T13:01:14Z
                    FeedProcessingStatus
                        _SUBMITTED_
            ResponseMetadata
                RequestId
                    cea0e7b1-86ca-48de-9c2c-51919ec30e47
            ResponseHeaderMetadata: RequestId: cea0e7b1-86ca-48de-9c2c-51919ec30e47, ResponseContext: t4+tSmvWHnJhi4TpcktYlxr2KFEolx6PYP+V1pKttQzUXGOf/3cll+FbartgtvxOEW5rqwaQ8SNp i+gsgrTzchG6/IpOLcYS,4quDK3pNvhAkYDgCzNcrrLljOJgIqsbLx8M0Zx9VSurVsK1d27iKb5JNFrF1iWeh3LDxImPUw4Av +GlARTf2cw==, Timestamp: 2013-10-08T13:01:14.878Z
_POST_PRODUCT_PRICING_DATA_:
<?xml version="1.0" encoding="utf-8"?>
<AmazonEnvelope xmlns:xsi="http://www.w3.org/2001/XMLSchema-instance"
  xsi:noNamespaceSchemaLocation="amzn-envelope.xsd">
  <Header>
    <DocumentVersion>1.01</DocumentVersion>
  </Header><MessageType>Price</MessageType><Message><MessageID>1</MessageID><OperationType>Update</OperationType><Price><SKU>33592</SKU><StandardPrice currency="EUR">9.45</StandardPrice></Price></Message><Message><MessageID>2</MessageID><OperationType>Update</OperationType><Price><SKU>33593</SKU><StandardPrice currency="EUR">5.95</StandardPrice></Price></Message><Message><MessageID>3</MessageID><OperationType>Update</OperationType><Price><SKU>33594</SKU><StandardPrice currency="EUR">7.80</StandardPrice></Price></Message><Message><MessageID>4</MessageID><OperationType>Update</OperationType><Price><SKU>33595</SKU><StandardPrice currency="EUR">2.70</StandardPrice></Price></Message><Message><MessageID>5</MessageID><OperationType>Update</OperationType><Price><SKU>33596</SKU><StandardPrice currency="EUR">8.95</StandardPrice></Price></Message><Message><MessageID>6</MessageID><OperationType>Update</OperationType><Price><SKU>33597</SKU><StandardPrice currency="EUR">3.10</StandardPrice></Price></Message><Message><MessageID>7</MessageID><OperationType>Update</OperationType><Price><SKU>33598</SKU><StandardPrice currency="EUR">5.00</StandardPrice></Price></Message><Message><MessageID>8</MessageID><OperationType>Update</OperationType><Price><SKU>33599</SKU><StandardPrice currency="EUR">8.00</StandardPrice></Price></Message><Message><MessageID>9</MessageID><OperationType>Update</OperationType><Price><SKU>33600</SKU><StandardPrice currency="EUR">8.45</StandardPrice></Price></Message><Message><MessageID>10</MessageID><OperationType>Update</OperationType><Price><SKU>33591</SKU><StandardPrice currency="EUR">8.00</StandardPrice></Price></Message><Message><MessageID>11</MessageID><OperationType>Update</OperationType><Price><SKU>33590</SKU><StandardPrice currency="EUR">8.27</StandardPrice></Price></Message><Message><MessageID>12</MessageID><OperationType>Update</OperationType><Price><SKU>33589</SKU><StandardPrice currency="EUR">4.50</StandardPrice></Price></Message><Message><MessageID>13</MessageID><OperationType>Update</OperationType><Price><SKU>33588</SKU><StandardPrice currency="EUR">9.30</StandardPrice></Price></Message><Message><MessageID>14</MessageID><OperationType>Update</OperationType><Price><SKU>33587</SKU><StandardPrice currency="EUR">2.70</StandardPrice></Price></Message><Message><MessageID>15</MessageID><OperationType>Update</OperationType><Price><SKU>33586</SKU><StandardPrice currency="EUR">7.50</StandardPrice></Price></Message><Message><MessageID>16</MessageID><OperationType>Update</OperationType><Price><SKU>33585</SKU><StandardPrice currency="EUR">5.95</StandardPrice></Price></Message><Message><MessageID>17</MessageID><OperationType>Update</OperationType><Price><SKU>33584</SKU><StandardPrice currency="EUR">4.25</StandardPrice></Price></Message><Message><MessageID>18</MessageID><OperationType>Update</OperationType><Price><SKU>33583</SKU><StandardPrice currency="EUR">4.30</StandardPrice></Price></Message><Message><MessageID>19</MessageID><OperationType>Update</OperationType><Price><SKU>33582</SKU><StandardPrice currency="EUR">3.00</StandardPrice></Price></Message><Message><MessageID>20</MessageID><OperationType>Update</OperationType><Price><SKU>33581</SKU><StandardPrice currency="EUR">4.65</StandardPrice></Price></Message><Message><MessageID>21</MessageID><OperationType>Update</OperationType><Price><SKU>33580</SKU><StandardPrice currency="EUR">9.04</StandardPrice></Price></Message><Message><MessageID>22</MessageID><OperationType>Update</OperationType><Price><SKU>33579</SKU><StandardPrice currency="EUR">7.75</StandardPrice></Price></Message><Message><MessageID>23</MessageID><OperationType>Update</OperationType><Price><SKU>33578</SKU><StandardPrice currency="EUR">5.10</StandardPrice></Price></Message><Message><MessageID>24</MessageID><OperationType>Update</OperationType><Price><SKU>33577</SKU><StandardPrice currency="EUR">8.80</StandardPrice></Price></Message></AmazonEnvelope>


Service Response
=============================================================================
        SubmitFeedResponse
            SubmitFeedResult
                FeedSubmissionInfo
                    FeedSubmissionId
                        6520626556
                    FeedType
                        _POST_PRODUCT_PRICING_DATA_
                    SubmittedDate
                        2013-10-08T13:01:26Z
                    FeedProcessingStatus
                        _SUBMITTED_
            ResponseMetadata
                RequestId
                    3e046b66-64c4-4421-a4cb-977b643ec159
            ResponseHeaderMetadata: RequestId: 3e046b66-64c4-4421-a4cb-977b643ec159, ResponseContext: 9oJ7eooHN4lNptmZ6buwa/P2n2RAw2MeeGzOiBJKu3csMvv8VqiiSGkJFfdjNHkdvJDrT7iFx2m9 2ETmnqLUlD7gv7z5x+Ew,+z7UYoBVzrrF0IqUA8bhmMb3PRBv2yapGOd27iLctzFxj1Ad08xSAhWtIOVzcpVsnJdiIXydyAs=, Timestamp: 2013-10-08T13:01:26.049Z
