_POST_PRODUCT_DATA_:
<?xml version="1.0" encoding="utf-8"?>
<AmazonEnvelope xmlns:xsi="http://www.w3.org/2001/XMLSchema-instance"
  xsi:noNamespaceSchemaLocation="amzn-envelope.xsd">
  <Header>
    <DocumentVersion>1.01</DocumentVersion>
  </Header><MessageType>Product</MessageType><Message><MessageID>1</MessageID><OperationType>Update</OperationType><Product><SKU>39381</SKU><StandardProductID><Type>ISBN</Type><Value>9788833956848</Value></StandardProductID></Product></Message><Message><MessageID>2</MessageID><OperationType>Update</OperationType><Product><SKU>39382</SKU><StandardProductID><Type>ISBN</Type><Value>9788889950098</Value></StandardProductID><Condition><ConditionType>UsedAcceptable</ConditionType></Condition></Product></Message></AmazonEnvelope>


Service Response
=============================================================================
        SubmitFeedResponse
            SubmitFeedResult
                FeedSubmissionInfo
                    FeedSubmissionId
                        6710305708
                    FeedType
                        _POST_PRODUCT_DATA_
                    SubmittedDate
                        2013-10-29T20:02:59Z
                    FeedProcessingStatus
                        _SUBMITTED_
            ResponseMetadata
                RequestId
                    81d68fc1-1ab7-426c-8627-5d94aefcd9f3
            ResponseHeaderMetadata: RequestId: 81d68fc1-1ab7-426c-8627-5d94aefcd9f3, ResponseContext: u6CoDEpY0BHHoa5c+6bf+ztAeCx5Tp+FJSQ5bPfiNzOG2ptGqXXSJRDD3rn59DPM6CNwqc5bV7y2 +A74Kcq1R7M9ddxgGa9J,o7aFpzFomgsi3sKxl97fEqcppBl/A0dZmOwZijFmfO3SzxGQlHnoKRjAWbb3Xr8bGA0QCTKooyCn Gu6WcuYazQ==, Timestamp: 2013-10-29T20:02:59.418Z
_POST_INVENTORY_AVAILABILITY_DATA_:
<?xml version="1.0" encoding="utf-8"?>
<AmazonEnvelope xmlns:xsi="http://www.w3.org/2001/XMLSchema-instance"
  xsi:noNamespaceSchemaLocation="amzn-envelope.xsd">
  <Header>
    <DocumentVersion>1.01</DocumentVersion>
  </Header><MessageType>Inventory</MessageType><Message><MessageID>1</MessageID><OperationType>Update</OperationType><Inventory><SKU>39381</SKU><Quantity>1</Quantity><FulfillmentLatency>5</FulfillmentLatency></Inventory></Message><Message><MessageID>2</MessageID><OperationType>Update</OperationType><Inventory><SKU>39382</SKU><Quantity>1</Quantity><FulfillmentLatency>5</FulfillmentLatency></Inventory></Message></AmazonEnvelope>


Service Response
=============================================================================
        SubmitFeedResponse
            SubmitFeedResult
                FeedSubmissionInfo
                    FeedSubmissionId
                        6710308078
                    FeedType
                        _POST_INVENTORY_AVAILABILITY_DATA_
                    SubmittedDate
                        2013-10-29T20:03:10Z
                    FeedProcessingStatus
                        _SUBMITTED_
            ResponseMetadata
                RequestId
                    831dbc5d-0272-47df-a73c-3151d082ddb6
            ResponseHeaderMetadata: RequestId: 831dbc5d-0272-47df-a73c-3151d082ddb6, ResponseContext: m/uRHkmAhVB9IU6Ploz/qTigx0ol42eGxHjrQx0smKdS/l8m4W3vRqV9fcqUZKsPUES/1xixVIui QE+4B1TWxSX3p8aCeHzl,/fM0OmkaF+RY8sCWFe9qfuoQZmyLvWRZena69kqXJZZQA4qorAdNnWbJllJsqC8rvop/ACa7CKP0 LJ6xs97GQQ==, Timestamp: 2013-10-29T20:03:10.107Z
_POST_PRODUCT_PRICING_DATA_:
<?xml version="1.0" encoding="utf-8"?>
<AmazonEnvelope xmlns:xsi="http://www.w3.org/2001/XMLSchema-instance"
  xsi:noNamespaceSchemaLocation="amzn-envelope.xsd">
  <Header>
    <DocumentVersion>1.01</DocumentVersion>
  </Header><MessageType>Price</MessageType><Message><MessageID>1</MessageID><OperationType>Update</OperationType><Price><SKU>39381</SKU><StandardPrice currency="EUR">38.00</StandardPrice></Price></Message><Message><MessageID>2</MessageID><OperationType>Update</OperationType><Price><SKU>39382</SKU><StandardPrice currency="EUR">13.20</StandardPrice></Price></Message></AmazonEnvelope>


Service Response
=============================================================================
        SubmitFeedResponse
            SubmitFeedResult
                FeedSubmissionInfo
                    FeedSubmissionId
                        6710308690
                    FeedType
                        _POST_PRODUCT_PRICING_DATA_
                    SubmittedDate
                        2013-10-29T20:03:30Z
                    FeedProcessingStatus
                        _SUBMITTED_
            ResponseMetadata
                RequestId
                    3635a32e-2071-42df-8970-07512d556ef9
            ResponseHeaderMetadata: RequestId: 3635a32e-2071-42df-8970-07512d556ef9, ResponseContext: W5lZprL2ejHrX1wm8kd0R7laSuu8SN9JOUMmuvFoRWWmqr4dLlGxrRdhLNaYuc7WzPr0vTPYP+YK D7wMgQzBCdlNrdgNGL1D,6QkTVqmyjMgra8mbj8o94R1RENVHVxd1gECNKUjChnH9bLGkHbYFwdkNIyaNWVreqzKEagUiNCOK sxG8zZE2DA==, Timestamp: 2013-10-29T20:03:30.580Z
