_POST_PRODUCT_DATA_:
<?xml version="1.0" encoding="utf-8"?>
<AmazonEnvelope xmlns:xsi="http://www.w3.org/2001/XMLSchema-instance"
  xsi:noNamespaceSchemaLocation="amzn-envelope.xsd">
  <Header>
    <DocumentVersion>1.01</DocumentVersion>
  </Header><MessageType>Product</MessageType><Message><MessageID>1</MessageID><OperationType>Update</OperationType><Product><SKU>39113</SKU><StandardProductID><Type>ISBN</Type><Value>9788854023192</Value></StandardProductID></Product></Message><Message><MessageID>2</MessageID><OperationType>Update</OperationType><Product><SKU>39114</SKU><StandardProductID><Type>ISBN</Type><Value>9788854202078</Value></StandardProductID></Product></Message><Message><MessageID>3</MessageID><OperationType>Update</OperationType><Product><SKU>39115</SKU><StandardProductID><Type>ISBN</Type><Value>9788855615075</Value></StandardProductID></Product></Message><Message><MessageID>4</MessageID><OperationType>Update</OperationType><Product><SKU>39116</SKU><StandardProductID><Type>ISBN</Type><Value>9788855614467</Value></StandardProductID></Product></Message><Message><MessageID>5</MessageID><OperationType>Update</OperationType><Product><SKU>39108</SKU><StandardProductID><Type>ISBN</Type><Value>9788876384974</Value></StandardProductID></Product></Message><Message><MessageID>6</MessageID><OperationType>Update</OperationType><Product><SKU>39109</SKU><StandardProductID><Type>ISBN</Type><Value>9788854016125</Value></StandardProductID></Product></Message><Message><MessageID>7</MessageID><OperationType>Update</OperationType><Product><SKU>39110</SKU><StandardProductID><Type>ISBN</Type><Value>9788866399988</Value></StandardProductID></Product></Message><Message><MessageID>8</MessageID><OperationType>Update</OperationType><Product><SKU>39111</SKU><StandardProductID><Type>ISBN</Type><Value>9788842920014</Value></StandardProductID></Product></Message><Message><MessageID>9</MessageID><OperationType>Update</OperationType><Product><SKU>39112</SKU><StandardProductID><Type>ISBN</Type><Value>9788809787582</Value></StandardProductID></Product></Message><Message><MessageID>10</MessageID><OperationType>Update</OperationType><Product><SKU>39107</SKU><StandardProductID><Type>ISBN</Type><Value>9788811678700</Value></StandardProductID></Product></Message><Message><MessageID>11</MessageID><OperationType>Update</OperationType><Product><SKU>39105</SKU><StandardProductID><Type>ISBN</Type><Value>9788841897546</Value></StandardProductID></Product></Message><Message><MessageID>12</MessageID><OperationType>Update</OperationType><Product><SKU>39104</SKU><StandardProductID><Type>ISBN</Type><Value>9788807921988</Value></StandardProductID></Product></Message><Message><MessageID>13</MessageID><OperationType>Update</OperationType><Product><SKU>39103</SKU><StandardProductID><Type>ISBN</Type><Value>9788817056243</Value></StandardProductID></Product></Message><Message><MessageID>14</MessageID><OperationType>Update</OperationType><Product><SKU>39102</SKU><StandardProductID><Type>ISBN</Type><Value>9788800740654</Value></StandardProductID></Product></Message><Message><MessageID>15</MessageID><OperationType>Update</OperationType><Product><SKU>39101</SKU><StandardProductID><Type>ISBN</Type><Value>9788848314343</Value></StandardProductID></Product></Message><Message><MessageID>16</MessageID><OperationType>Update</OperationType><Product><SKU>39100</SKU><StandardProductID><Type>ISBN</Type><Value>9788884837110</Value></StandardProductID></Product></Message><Message><MessageID>17</MessageID><OperationType>Update</OperationType><Product><SKU>39099</SKU><StandardProductID><Type>ISBN</Type><Value>9788879597777</Value></StandardProductID></Product></Message><Message><MessageID>18</MessageID><OperationType>Update</OperationType><Product><SKU>39098</SKU><StandardProductID><Type>ISBN</Type><Value>9788806156756</Value></StandardProductID></Product></Message><Message><MessageID>19</MessageID><OperationType>Update</OperationType><Product><SKU>39097</SKU><StandardProductID><Type>ISBN</Type><Value>9788841854129</Value></StandardProductID></Product></Message><Message><MessageID>20</MessageID><OperationType>Update</OperationType><Product><SKU>39095</SKU><StandardProductID><Type>ISBN</Type><Value>9788828605225</Value></StandardProductID></Product></Message><Message><MessageID>21</MessageID><OperationType>Update</OperationType><Product><SKU>39096</SKU><StandardProductID><Type>ISBN</Type><Value>9788848202398</Value></StandardProductID></Product></Message><Message><MessageID>22</MessageID><OperationType>Update</OperationType><Product><SKU>39106</SKU><StandardProductID><Type>ISBN</Type><Value>9788817068581</Value></StandardProductID></Product></Message><Message><MessageID>23</MessageID><OperationType>Update</OperationType><Product><SKU>39126</SKU><StandardProductID><Type>ISBN</Type><Value>9788800211222</Value></StandardProductID><Condition><ConditionType>UsedAcceptable</ConditionType></Condition></Product></Message></AmazonEnvelope>


Service Response
=============================================================================
        SubmitFeedResponse
            SubmitFeedResult
                FeedSubmissionInfo
                    FeedSubmissionId
                        6673310002
                    FeedType
                        _POST_PRODUCT_DATA_
                    SubmittedDate
                        2013-10-25T16:03:07Z
                    FeedProcessingStatus
                        _SUBMITTED_
            ResponseMetadata
                RequestId
                    d70a0f30-49cb-4a5e-a982-f3d48f6caa71
            ResponseHeaderMetadata: RequestId: d70a0f30-49cb-4a5e-a982-f3d48f6caa71, ResponseContext: 9oJ7eooHN4lNptmZ6buwa/P2n2RAw2MeeGzOiBJKu3csMvv8VqiiSGkJFfdjNHkdvJDrT7iFx2m9 2ETmnqLUlD7gv7z5x+Ew,mB4hkxZPYxtlg9zHbRJuO83FE/xGAoil0yxRHMHnWF/AmAqp6G7+D2mjxDxgBxAOqgJ2gJDqS9bw bcRTdIvDww==, Timestamp: 2013-10-25T16:03:06.924Z
_POST_INVENTORY_AVAILABILITY_DATA_:
<?xml version="1.0" encoding="utf-8"?>
<AmazonEnvelope xmlns:xsi="http://www.w3.org/2001/XMLSchema-instance"
  xsi:noNamespaceSchemaLocation="amzn-envelope.xsd">
  <Header>
    <DocumentVersion>1.01</DocumentVersion>
  </Header><MessageType>Inventory</MessageType><Message><MessageID>1</MessageID><OperationType>Update</OperationType><Inventory><SKU>39113</SKU><Quantity>1</Quantity><FulfillmentLatency>5</FulfillmentLatency></Inventory></Message><Message><MessageID>2</MessageID><OperationType>Update</OperationType><Inventory><SKU>39114</SKU><Quantity>1</Quantity><FulfillmentLatency>5</FulfillmentLatency></Inventory></Message><Message><MessageID>3</MessageID><OperationType>Update</OperationType><Inventory><SKU>39115</SKU><Quantity>1</Quantity><FulfillmentLatency>5</FulfillmentLatency></Inventory></Message><Message><MessageID>4</MessageID><OperationType>Update</OperationType><Inventory><SKU>39116</SKU><Quantity>1</Quantity><FulfillmentLatency>5</FulfillmentLatency></Inventory></Message><Message><MessageID>5</MessageID><OperationType>Update</OperationType><Inventory><SKU>39107</SKU><Quantity>1</Quantity><FulfillmentLatency>5</FulfillmentLatency></Inventory></Message><Message><MessageID>6</MessageID><OperationType>Update</OperationType><Inventory><SKU>39108</SKU><Quantity>1</Quantity><FulfillmentLatency>5</FulfillmentLatency></Inventory></Message><Message><MessageID>7</MessageID><OperationType>Update</OperationType><Inventory><SKU>39109</SKU><Quantity>1</Quantity><FulfillmentLatency>5</FulfillmentLatency></Inventory></Message><Message><MessageID>8</MessageID><OperationType>Update</OperationType><Inventory><SKU>39110</SKU><Quantity>1</Quantity><FulfillmentLatency>5</FulfillmentLatency></Inventory></Message><Message><MessageID>9</MessageID><OperationType>Update</OperationType><Inventory><SKU>39111</SKU><Quantity>1</Quantity><FulfillmentLatency>5</FulfillmentLatency></Inventory></Message><Message><MessageID>10</MessageID><OperationType>Update</OperationType><Inventory><SKU>39112</SKU><Quantity>1</Quantity><FulfillmentLatency>5</FulfillmentLatency></Inventory></Message><Message><MessageID>11</MessageID><OperationType>Update</OperationType><Inventory><SKU>39104</SKU><Quantity>1</Quantity><FulfillmentLatency>5</FulfillmentLatency></Inventory></Message><Message><MessageID>12</MessageID><OperationType>Update</OperationType><Inventory><SKU>39103</SKU><Quantity>1</Quantity><FulfillmentLatency>5</FulfillmentLatency></Inventory></Message><Message><MessageID>13</MessageID><OperationType>Update</OperationType><Inventory><SKU>39102</SKU><Quantity>1</Quantity><FulfillmentLatency>5</FulfillmentLatency></Inventory></Message><Message><MessageID>14</MessageID><OperationType>Update</OperationType><Inventory><SKU>39101</SKU><Quantity>1</Quantity><FulfillmentLatency>5</FulfillmentLatency></Inventory></Message><Message><MessageID>15</MessageID><OperationType>Update</OperationType><Inventory><SKU>39100</SKU><Quantity>1</Quantity><FulfillmentLatency>5</FulfillmentLatency></Inventory></Message><Message><MessageID>16</MessageID><OperationType>Update</OperationType><Inventory><SKU>39099</SKU><Quantity>1</Quantity><FulfillmentLatency>5</FulfillmentLatency></Inventory></Message><Message><MessageID>17</MessageID><OperationType>Update</OperationType><Inventory><SKU>39098</SKU><Quantity>1</Quantity><FulfillmentLatency>5</FulfillmentLatency></Inventory></Message><Message><MessageID>18</MessageID><OperationType>Update</OperationType><Inventory><SKU>39097</SKU><Quantity>1</Quantity><FulfillmentLatency>5</FulfillmentLatency></Inventory></Message><Message><MessageID>19</MessageID><OperationType>Update</OperationType><Inventory><SKU>39095</SKU><Quantity>1</Quantity><FulfillmentLatency>5</FulfillmentLatency></Inventory></Message><Message><MessageID>20</MessageID><OperationType>Update</OperationType><Inventory><SKU>39096</SKU><Quantity>1</Quantity><FulfillmentLatency>5</FulfillmentLatency></Inventory></Message><Message><MessageID>21</MessageID><OperationType>Update</OperationType><Inventory><SKU>39105</SKU><Quantity>1</Quantity><FulfillmentLatency>5</FulfillmentLatency></Inventory></Message><Message><MessageID>22</MessageID><OperationType>Update</OperationType><Inventory><SKU>39106</SKU><Quantity>1</Quantity><FulfillmentLatency>5</FulfillmentLatency></Inventory></Message><Message><MessageID>23</MessageID><OperationType>Update</OperationType><Inventory><SKU>39126</SKU><Quantity>1</Quantity><FulfillmentLatency>5</FulfillmentLatency></Inventory></Message></AmazonEnvelope>


Service Response
=============================================================================
        SubmitFeedResponse
            SubmitFeedResult
                FeedSubmissionInfo
                    FeedSubmissionId
                        6673311164
                    FeedType
                        _POST_INVENTORY_AVAILABILITY_DATA_
                    SubmittedDate
                        2013-10-25T16:03:27Z
                    FeedProcessingStatus
                        _SUBMITTED_
            ResponseMetadata
                RequestId
                    0aa90b3c-8df4-451e-8e2c-107e1d734f92
            ResponseHeaderMetadata: RequestId: 0aa90b3c-8df4-451e-8e2c-107e1d734f92, ResponseContext: MQiob7CNsS4FRUvfHkU1pPDTFqDk7db1ngQ0IgYlurJtQkLSmgCqH0QIxKV+Pt1OdLCoPcYIiL6P EY5RCDTqKUjPiKT0Opx+,V8tPoQxE3ktEYRvRY2RlCrh5PllG7UhbGsXtod7dycGyUYKaW2VmQi7bdOGW6aAoS/2xcI+cS3gc Uecw/vISeg==, Timestamp: 2013-10-25T16:03:27.368Z
_POST_PRODUCT_PRICING_DATA_:
<?xml version="1.0" encoding="utf-8"?>
<AmazonEnvelope xmlns:xsi="http://www.w3.org/2001/XMLSchema-instance"
  xsi:noNamespaceSchemaLocation="amzn-envelope.xsd">
  <Header>
    <DocumentVersion>1.01</DocumentVersion>
  </Header><MessageType>Price</MessageType><Message><MessageID>1</MessageID><OperationType>Update</OperationType><Price><SKU>39112</SKU><StandardPrice currency="EUR">7.90</StandardPrice></Price></Message><Message><MessageID>2</MessageID><OperationType>Update</OperationType><Price><SKU>39113</SKU><StandardPrice currency="EUR">29.90</StandardPrice></Price></Message><Message><MessageID>3</MessageID><OperationType>Update</OperationType><Price><SKU>39114</SKU><StandardPrice currency="EUR">7.90</StandardPrice></Price></Message><Message><MessageID>4</MessageID><OperationType>Update</OperationType><Price><SKU>39115</SKU><StandardPrice currency="EUR">5.00</StandardPrice></Price></Message><Message><MessageID>5</MessageID><OperationType>Update</OperationType><Price><SKU>39116</SKU><StandardPrice currency="EUR">9.90</StandardPrice></Price></Message><Message><MessageID>6</MessageID><OperationType>Update</OperationType><Price><SKU>39107</SKU><StandardPrice currency="EUR">14.90</StandardPrice></Price></Message><Message><MessageID>7</MessageID><OperationType>Update</OperationType><Price><SKU>39108</SKU><StandardPrice currency="EUR">16.00</StandardPrice></Price></Message><Message><MessageID>8</MessageID><OperationType>Update</OperationType><Price><SKU>39109</SKU><StandardPrice currency="EUR">9.95</StandardPrice></Price></Message><Message><MessageID>9</MessageID><OperationType>Update</OperationType><Price><SKU>39110</SKU><StandardPrice currency="EUR">12.90</StandardPrice></Price></Message><Message><MessageID>10</MessageID><OperationType>Update</OperationType><Price><SKU>39111</SKU><StandardPrice currency="EUR">19.60</StandardPrice></Price></Message><Message><MessageID>11</MessageID><OperationType>Update</OperationType><Price><SKU>39104</SKU><StandardPrice currency="EUR">13.00</StandardPrice></Price></Message><Message><MessageID>12</MessageID><OperationType>Update</OperationType><Price><SKU>39103</SKU><StandardPrice currency="EUR">17.50</StandardPrice></Price></Message><Message><MessageID>13</MessageID><OperationType>Update</OperationType><Price><SKU>39102</SKU><StandardPrice currency="EUR">27.00</StandardPrice></Price></Message><Message><MessageID>14</MessageID><OperationType>Update</OperationType><Price><SKU>39101</SKU><StandardPrice currency="EUR">26.50</StandardPrice></Price></Message><Message><MessageID>15</MessageID><OperationType>Update</OperationType><Price><SKU>39100</SKU><StandardPrice currency="EUR">16.00</StandardPrice></Price></Message><Message><MessageID>16</MessageID><OperationType>Update</OperationType><Price><SKU>39099</SKU><StandardPrice currency="EUR">53.00</StandardPrice></Price></Message><Message><MessageID>17</MessageID><OperationType>Update</OperationType><Price><SKU>39098</SKU><StandardPrice currency="EUR">18.00</StandardPrice></Price></Message><Message><MessageID>18</MessageID><OperationType>Update</OperationType><Price><SKU>39097</SKU><StandardPrice currency="EUR">23.05</StandardPrice></Price></Message><Message><MessageID>19</MessageID><OperationType>Update</OperationType><Price><SKU>39095</SKU><StandardPrice currency="EUR">33.60</StandardPrice></Price></Message><Message><MessageID>20</MessageID><OperationType>Update</OperationType><Price><SKU>39096</SKU><StandardPrice currency="EUR">21.70</StandardPrice></Price></Message><Message><MessageID>21</MessageID><OperationType>Update</OperationType><Price><SKU>39105</SKU><StandardPrice currency="EUR">12.00</StandardPrice></Price></Message><Message><MessageID>22</MessageID><OperationType>Update</OperationType><Price><SKU>39106</SKU><StandardPrice currency="EUR">18.50</StandardPrice></Price></Message><Message><MessageID>23</MessageID><OperationType>Update</OperationType><Price><SKU>39126</SKU><StandardPrice currency="EUR">13.26</StandardPrice></Price></Message></AmazonEnvelope>


Service Response
=============================================================================
        SubmitFeedResponse
            SubmitFeedResult
                FeedSubmissionInfo
                    FeedSubmissionId
                        6673313174
                    FeedType
                        _POST_PRODUCT_PRICING_DATA_
                    SubmittedDate
                        2013-10-25T16:03:38Z
                    FeedProcessingStatus
                        _SUBMITTED_
            ResponseMetadata
                RequestId
                    50d5e42c-e79a-42f9-bed9-cd1b7eb3c402
            ResponseHeaderMetadata: RequestId: 50d5e42c-e79a-42f9-bed9-cd1b7eb3c402, ResponseContext: zPjMLZvuTxkwx6aIRkO6wf8hWH+q55rjeYU5oetiIjaRR9jcr2DwTBSliNAwflcFlBVrzv4iNB43 jjVlNtkeYdbit+0tJOuP,Ff5LN/Q9c6n7UWEBbjxI2/G6HMkP89wFeoC0UnafM0Xy4yYu45qy6Tiv0a5qcWqnLAhRhi8w9fjB 8dNkmiABjQ==, Timestamp: 2013-10-25T16:03:38.035Z
