_POST_PRODUCT_DATA_:
<?xml version="1.0" encoding="utf-8"?>
<AmazonEnvelope xmlns:xsi="http://www.w3.org/2001/XMLSchema-instance"
  xsi:noNamespaceSchemaLocation="amzn-envelope.xsd">
  <Header>
    <DocumentVersion>1.01</DocumentVersion>
  </Header><MessageType>Product</MessageType><Message><MessageID>1</MessageID><OperationType>Update</OperationType><Product><SKU>37917</SKU><StandardProductID><Type>ISBN</Type><Value>9788822163387</Value></StandardProductID></Product></Message><Message><MessageID>2</MessageID><OperationType>Update</OperationType><Product><SKU>37918</SKU><StandardProductID><Type>ISBN</Type><Value>9788815094223</Value></StandardProductID><Condition><ConditionType>UsedAcceptable</ConditionType></Condition></Product></Message><Message><MessageID>3</MessageID><OperationType>Update</OperationType><Product><SKU>37919</SKU><StandardProductID><Type>ISBN</Type><Value>9788802073149</Value></StandardProductID><Condition><ConditionType>UsedAcceptable</ConditionType></Condition></Product></Message><Message><MessageID>4</MessageID><OperationType>Update</OperationType><Product><SKU>37920</SKU><StandardProductID><Type>ISBN</Type><Value>9788881072064</Value></StandardProductID><Condition><ConditionType>UsedGood</ConditionType></Condition></Product></Message><Message><MessageID>5</MessageID><OperationType>Update</OperationType><Product><SKU>37921</SKU><StandardProductID><Type>ISBN</Type><Value>9788808096494</Value></StandardProductID><Condition><ConditionType>UsedAcceptable</ConditionType></Condition></Product></Message><Message><MessageID>6</MessageID><OperationType>Update</OperationType><Product><SKU>37922</SKU><StandardProductID><Type>ISBN</Type><Value>9788834839294</Value></StandardProductID><Condition><ConditionType>UsedAcceptable</ConditionType></Condition></Product></Message></AmazonEnvelope>


Service Response
=============================================================================
        SubmitFeedResponse
            SubmitFeedResult
                FeedSubmissionInfo
                    FeedSubmissionId
                        6541247308
                    FeedType
                        _POST_PRODUCT_DATA_
                    SubmittedDate
                        2013-10-10T16:01:00Z
                    FeedProcessingStatus
                        _SUBMITTED_
            ResponseMetadata
                RequestId
                    0c3e248c-5aee-495d-8636-7a44a7377738
            ResponseHeaderMetadata: RequestId: 0c3e248c-5aee-495d-8636-7a44a7377738, ResponseContext: MQiob7CNsS4FRUvfHkU1pPDTFqDk7db1ngQ0IgYlurJtQkLSmgCqH0QIxKV+Pt1OdLCoPcYIiL6P EY5RCDTqKUjPiKT0Opx+,2/MH6pRQicD4EIJ2JsuvqVuSdpJzrmin9KiMOyLXhnZy4TTmUWhvgGpIKd8eJSRIortupNfCSObO CEMPp8B+lQ==, Timestamp: 2013-10-10T16:01:00.336Z
_POST_INVENTORY_AVAILABILITY_DATA_:
<?xml version="1.0" encoding="utf-8"?>
<AmazonEnvelope xmlns:xsi="http://www.w3.org/2001/XMLSchema-instance"
  xsi:noNamespaceSchemaLocation="amzn-envelope.xsd">
  <Header>
    <DocumentVersion>1.01</DocumentVersion>
  </Header><MessageType>Inventory</MessageType><Message><MessageID>1</MessageID><OperationType>Update</OperationType><Inventory><SKU>37917</SKU><Quantity>1</Quantity><FulfillmentLatency>5</FulfillmentLatency></Inventory></Message><Message><MessageID>2</MessageID><OperationType>Update</OperationType><Inventory><SKU>37918</SKU><Quantity>1</Quantity><FulfillmentLatency>5</FulfillmentLatency></Inventory></Message><Message><MessageID>3</MessageID><OperationType>Update</OperationType><Inventory><SKU>37919</SKU><Quantity>1</Quantity><FulfillmentLatency>5</FulfillmentLatency></Inventory></Message><Message><MessageID>4</MessageID><OperationType>Update</OperationType><Inventory><SKU>37920</SKU><Quantity>1</Quantity><FulfillmentLatency>5</FulfillmentLatency></Inventory></Message><Message><MessageID>5</MessageID><OperationType>Update</OperationType><Inventory><SKU>37921</SKU><Quantity>1</Quantity><FulfillmentLatency>5</FulfillmentLatency></Inventory></Message><Message><MessageID>6</MessageID><OperationType>Update</OperationType><Inventory><SKU>37922</SKU><Quantity>1</Quantity><FulfillmentLatency>5</FulfillmentLatency></Inventory></Message></AmazonEnvelope>


Service Response
=============================================================================
        SubmitFeedResponse
            SubmitFeedResult
                FeedSubmissionInfo
                    FeedSubmissionId
                        6541249200
                    FeedType
                        _POST_INVENTORY_AVAILABILITY_DATA_
                    SubmittedDate
                        2013-10-10T16:01:11Z
                    FeedProcessingStatus
                        _SUBMITTED_
            ResponseMetadata
                RequestId
                    a2a11930-3b10-4c12-a7e2-3b23692f9820
            ResponseHeaderMetadata: RequestId: a2a11930-3b10-4c12-a7e2-3b23692f9820, ResponseContext: m/uRHkmAhVB9IU6Ploz/qTigx0ol42eGxHjrQx0smKdS/l8m4W3vRqV9fcqUZKsPUES/1xixVIui QE+4B1TWxSX3p8aCeHzl,dtpqQkB8J1oAYSU1N0VDZlnYV/Ux3QzEeUMgASDBkF/OPysEZQsYLduBh1D12Dvc/gvzB7hiI+t7 Tje4YFP9MQ==, Timestamp: 2013-10-10T16:01:11.853Z
_POST_PRODUCT_PRICING_DATA_:
<?xml version="1.0" encoding="utf-8"?>
<AmazonEnvelope xmlns:xsi="http://www.w3.org/2001/XMLSchema-instance"
  xsi:noNamespaceSchemaLocation="amzn-envelope.xsd">
  <Header>
    <DocumentVersion>1.01</DocumentVersion>
  </Header><MessageType>Price</MessageType><Message><MessageID>1</MessageID><OperationType>Update</OperationType><Price><SKU>37917</SKU><StandardPrice currency="EUR">14.80</StandardPrice></Price></Message><Message><MessageID>2</MessageID><OperationType>Update</OperationType><Price><SKU>37918</SKU><StandardPrice currency="EUR">5.00</StandardPrice></Price></Message><Message><MessageID>3</MessageID><OperationType>Update</OperationType><Price><SKU>37919</SKU><StandardPrice currency="EUR">14.50</StandardPrice></Price></Message><Message><MessageID>4</MessageID><OperationType>Update</OperationType><Price><SKU>37920</SKU><StandardPrice currency="EUR">14.00</StandardPrice></Price></Message><Message><MessageID>5</MessageID><OperationType>Update</OperationType><Price><SKU>37921</SKU><StandardPrice currency="EUR">58.75</StandardPrice></Price></Message><Message><MessageID>6</MessageID><OperationType>Update</OperationType><Price><SKU>37922</SKU><StandardPrice currency="EUR">23.50</StandardPrice></Price></Message></AmazonEnvelope>


Service Response
=============================================================================
        SubmitFeedResponse
            SubmitFeedResult
                FeedSubmissionInfo
                    FeedSubmissionId
                        6541250178
                    FeedType
                        _POST_PRODUCT_PRICING_DATA_
                    SubmittedDate
                        2013-10-10T16:01:22Z
                    FeedProcessingStatus
                        _SUBMITTED_
            ResponseMetadata
                RequestId
                    420ff0ad-217a-4ef4-94aa-c8b8c851724b
            ResponseHeaderMetadata: RequestId: 420ff0ad-217a-4ef4-94aa-c8b8c851724b, ResponseContext: hD/2fMZBtJMTOR5jfrSvUemVttP1eb/hhGO3h9JVmXrrtiM0h1AlROEbupKeoz7P2Nf2lcCsCpz7 V59r7ydnYUVRjrDKNIgx,4ZmX9GTvPAWHZ+Pkxt1XvfAIk4VQcGWjogwlF3zXMM/GzWdgDoQJs6ZmIoaJBdUK43Bwd9kFnByF RbK8j7tw4Q==, Timestamp: 2013-10-10T16:01:22.543Z
