_POST_PRODUCT_DATA_:
<?xml version="1.0" encoding="utf-8"?>
<AmazonEnvelope xmlns:xsi="http://www.w3.org/2001/XMLSchema-instance"
  xsi:noNamespaceSchemaLocation="amzn-envelope.xsd">
  <Header>
    <DocumentVersion>1.01</DocumentVersion>
  </Header><MessageType>Product</MessageType><Message><MessageID>1</MessageID><OperationType>Update</OperationType><Product><SKU>38333</SKU><StandardProductID><Type>ISBN</Type><Value>9788806594152</Value></StandardProductID><Condition><ConditionType>UsedGood</ConditionType></Condition></Product></Message><Message><MessageID>2</MessageID><OperationType>Update</OperationType><Product><SKU>38334</SKU><StandardProductID><Type>ISBN</Type><Value>9788804347101</Value></StandardProductID><Condition><ConditionType>UsedGood</ConditionType></Condition></Product></Message><Message><MessageID>3</MessageID><OperationType>Update</OperationType><Product><SKU>38335</SKU><StandardProductID><Type>ISBN</Type><Value>9788804298649</Value></StandardProductID><Condition><ConditionType>UsedGood</ConditionType></Condition></Product></Message><Message><MessageID>4</MessageID><OperationType>Update</OperationType><Product><SKU>38336</SKU><StandardProductID><Type>ISBN</Type><Value>9788884512376</Value></StandardProductID><Condition><ConditionType>UsedGood</ConditionType></Condition></Product></Message><Message><MessageID>5</MessageID><OperationType>Update</OperationType><Product><SKU>38337</SKU><StandardProductID><Type>ISBN</Type><Value>9788804538271</Value></StandardProductID><Condition><ConditionType>UsedGood</ConditionType></Condition></Product></Message><Message><MessageID>6</MessageID><OperationType>Update</OperationType><Product><SKU>38338</SKU><StandardProductID><Type>ISBN</Type><Value>9788881123872</Value></StandardProductID><Condition><ConditionType>UsedGood</ConditionType></Condition></Product></Message><Message><MessageID>7</MessageID><OperationType>Update</OperationType><Product><SKU>38339</SKU><StandardProductID><Type>ISBN</Type><Value>9788804613596</Value></StandardProductID><Condition><ConditionType>UsedGood</ConditionType></Condition></Product></Message><Message><MessageID>8</MessageID><OperationType>Update</OperationType><Product><SKU>38340</SKU><StandardProductID><Type>ISBN</Type><Value>9788884407160</Value></StandardProductID><Condition><ConditionType>UsedGood</ConditionType></Condition></Product></Message><Message><MessageID>9</MessageID><OperationType>Update</OperationType><Product><SKU>38341</SKU><StandardProductID><Type>ISBN</Type><Value>9788804449645</Value></StandardProductID><Condition><ConditionType>UsedGood</ConditionType></Condition></Product></Message><Message><MessageID>10</MessageID><OperationType>Update</OperationType><Product><SKU>38342</SKU><StandardProductID><Type>ISBN</Type><Value>9788845905957</Value></StandardProductID><Condition><ConditionType>UsedGood</ConditionType></Condition></Product></Message></AmazonEnvelope>


Service Response
=============================================================================
        SubmitFeedResponse
            SubmitFeedResult
                FeedSubmissionInfo
                    FeedSubmissionId
                        6591903070
                    FeedType
                        _POST_PRODUCT_DATA_
                    SubmittedDate
                        2013-10-16T13:00:51Z
                    FeedProcessingStatus
                        _SUBMITTED_
            ResponseMetadata
                RequestId
                    bd43cf1b-a1f2-4119-8601-3c64f2ad2af7
            ResponseHeaderMetadata: RequestId: bd43cf1b-a1f2-4119-8601-3c64f2ad2af7, ResponseContext: 9oJ7eooHN4lNptmZ6buwa/P2n2RAw2MeeGzOiBJKu3csMvv8VqiiSGkJFfdjNHkdvJDrT7iFx2m9 2ETmnqLUlD7gv7z5x+Ew,LMaEGLTVbaTnjVYAdwzj+sHJKu/m4HXkjZPBzDU/xVkV/bK0SU6y5GT49jvG/w8Eld2e6VYolsWt 5Cj+cF2Lzw==, Timestamp: 2013-10-16T13:00:51.045Z
_POST_INVENTORY_AVAILABILITY_DATA_:
<?xml version="1.0" encoding="utf-8"?>
<AmazonEnvelope xmlns:xsi="http://www.w3.org/2001/XMLSchema-instance"
  xsi:noNamespaceSchemaLocation="amzn-envelope.xsd">
  <Header>
    <DocumentVersion>1.01</DocumentVersion>
  </Header><MessageType>Inventory</MessageType><Message><MessageID>1</MessageID><OperationType>Update</OperationType><Inventory><SKU>38333</SKU><Quantity>1</Quantity><FulfillmentLatency>5</FulfillmentLatency></Inventory></Message><Message><MessageID>2</MessageID><OperationType>Update</OperationType><Inventory><SKU>38334</SKU><Quantity>1</Quantity><FulfillmentLatency>5</FulfillmentLatency></Inventory></Message><Message><MessageID>3</MessageID><OperationType>Update</OperationType><Inventory><SKU>38335</SKU><Quantity>1</Quantity><FulfillmentLatency>5</FulfillmentLatency></Inventory></Message><Message><MessageID>4</MessageID><OperationType>Update</OperationType><Inventory><SKU>38336</SKU><Quantity>1</Quantity><FulfillmentLatency>5</FulfillmentLatency></Inventory></Message><Message><MessageID>5</MessageID><OperationType>Update</OperationType><Inventory><SKU>38337</SKU><Quantity>1</Quantity><FulfillmentLatency>5</FulfillmentLatency></Inventory></Message><Message><MessageID>6</MessageID><OperationType>Update</OperationType><Inventory><SKU>38338</SKU><Quantity>1</Quantity><FulfillmentLatency>5</FulfillmentLatency></Inventory></Message><Message><MessageID>7</MessageID><OperationType>Update</OperationType><Inventory><SKU>38339</SKU><Quantity>1</Quantity><FulfillmentLatency>5</FulfillmentLatency></Inventory></Message><Message><MessageID>8</MessageID><OperationType>Update</OperationType><Inventory><SKU>38340</SKU><Quantity>1</Quantity><FulfillmentLatency>5</FulfillmentLatency></Inventory></Message><Message><MessageID>9</MessageID><OperationType>Update</OperationType><Inventory><SKU>38341</SKU><Quantity>1</Quantity><FulfillmentLatency>5</FulfillmentLatency></Inventory></Message><Message><MessageID>10</MessageID><OperationType>Update</OperationType><Inventory><SKU>38342</SKU><Quantity>1</Quantity><FulfillmentLatency>5</FulfillmentLatency></Inventory></Message></AmazonEnvelope>


Service Response
=============================================================================
        SubmitFeedResponse
            SubmitFeedResult
                FeedSubmissionInfo
                    FeedSubmissionId
                        6591906104
                    FeedType
                        _POST_INVENTORY_AVAILABILITY_DATA_
                    SubmittedDate
                        2013-10-16T13:01:11Z
                    FeedProcessingStatus
                        _SUBMITTED_
            ResponseMetadata
                RequestId
                    3c0c7478-ace9-455d-a6fe-2c268b505239
            ResponseHeaderMetadata: RequestId: 3c0c7478-ace9-455d-a6fe-2c268b505239, ResponseContext: 9oJ7eooHN4lNptmZ6buwa/P2n2RAw2MeeGzOiBJKu3csMvv8VqiiSGkJFfdjNHkdvJDrT7iFx2m9 2ETmnqLUlD7gv7z5x+Ew,Ayg2LCN1VlNwPh1D+eRgHKp19aZ3LljGaYucsLneBxfgHK/Gyx6g+pvA20Z64XM5zM1kwhqeP42o D3Vn+uRQPQ==, Timestamp: 2013-10-16T13:01:11.016Z
_POST_PRODUCT_PRICING_DATA_:
<?xml version="1.0" encoding="utf-8"?>
<AmazonEnvelope xmlns:xsi="http://www.w3.org/2001/XMLSchema-instance"
  xsi:noNamespaceSchemaLocation="amzn-envelope.xsd">
  <Header>
    <DocumentVersion>1.01</DocumentVersion>
  </Header><MessageType>Price</MessageType><Message><MessageID>1</MessageID><OperationType>Update</OperationType><Price><SKU>38342</SKU><StandardPrice currency="EUR">9.00</StandardPrice></Price></Message><Message><MessageID>2</MessageID><OperationType>Update</OperationType><Price><SKU>38333</SKU><StandardPrice currency="EUR">3.62</StandardPrice></Price></Message><Message><MessageID>3</MessageID><OperationType>Update</OperationType><Price><SKU>38334</SKU><StandardPrice currency="EUR">3.88</StandardPrice></Price></Message><Message><MessageID>4</MessageID><OperationType>Update</OperationType><Price><SKU>38335</SKU><StandardPrice currency="EUR">7.75</StandardPrice></Price></Message><Message><MessageID>5</MessageID><OperationType>Update</OperationType><Price><SKU>38336</SKU><StandardPrice currency="EUR">6.75</StandardPrice></Price></Message><Message><MessageID>6</MessageID><OperationType>Update</OperationType><Price><SKU>38337</SKU><StandardPrice currency="EUR">4.75</StandardPrice></Price></Message><Message><MessageID>7</MessageID><OperationType>Update</OperationType><Price><SKU>38338</SKU><StandardPrice currency="EUR">5.00</StandardPrice></Price></Message><Message><MessageID>8</MessageID><OperationType>Update</OperationType><Price><SKU>38339</SKU><StandardPrice currency="EUR">8.95</StandardPrice></Price></Message><Message><MessageID>9</MessageID><OperationType>Update</OperationType><Price><SKU>38340</SKU><StandardPrice currency="EUR">6.45</StandardPrice></Price></Message><Message><MessageID>10</MessageID><OperationType>Update</OperationType><Price><SKU>38341</SKU><StandardPrice currency="EUR">7.23</StandardPrice></Price></Message></AmazonEnvelope>


Service Response
=============================================================================
        SubmitFeedResponse
            SubmitFeedResult
                FeedSubmissionInfo
                    FeedSubmissionId
                        6591906744
                    FeedType
                        _POST_PRODUCT_PRICING_DATA_
                    SubmittedDate
                        2013-10-16T13:01:21Z
                    FeedProcessingStatus
                        _SUBMITTED_
            ResponseMetadata
                RequestId
                    691d841a-81f7-4c16-8cda-f15d0f22311a
            ResponseHeaderMetadata: RequestId: 691d841a-81f7-4c16-8cda-f15d0f22311a, ResponseContext: m/uRHkmAhVB9IU6Ploz/qTigx0ol42eGxHjrQx0smKdS/l8m4W3vRqV9fcqUZKsPUES/1xixVIui QE+4B1TWxSX3p8aCeHzl,Q7gjhYcLwh8+me8EFuYF5btUoZQaFpJ9lSbUBYolurboX8GJ581e8zSH51l0pQDm//lssgWqs9Wm QIUwzlGIrQ==, Timestamp: 2013-10-16T13:01:21.752Z
