_POST_PRODUCT_DATA_:
<?xml version="1.0" encoding="utf-8"?>
<AmazonEnvelope xmlns:xsi="http://www.w3.org/2001/XMLSchema-instance"
  xsi:noNamespaceSchemaLocation="amzn-envelope.xsd">
  <Header>
    <DocumentVersion>1.01</DocumentVersion>
  </Header><MessageType>Product</MessageType><Message><MessageID>1</MessageID><OperationType>Update</OperationType><Product><SKU>43387</SKU><StandardProductID><Type>ISBN</Type><Value>9783836526609</Value></StandardProductID></Product></Message><Message><MessageID>2</MessageID><OperationType>Update</OperationType><Product><SKU>43388</SKU><StandardProductID><Type>ISBN</Type><Value>9783836502924</Value></StandardProductID></Product></Message><Message><MessageID>3</MessageID><OperationType>Update</OperationType><Product><SKU>43389</SKU><StandardProductID><Type>ISBN</Type><Value>9783836544030</Value></StandardProductID></Product></Message></AmazonEnvelope>


Service Response
=============================================================================
        SubmitFeedResponse
            SubmitFeedResult
                FeedSubmissionInfo
                    FeedSubmissionId
                        7441190574
                    FeedType
                        _POST_PRODUCT_DATA_
                    SubmittedDate
                        2014-01-14T14:01:11Z
                    FeedProcessingStatus
                        _SUBMITTED_
            ResponseMetadata
                RequestId
                    1a4e9cdf-1016-44c3-becc-0bddd09bce3c
            ResponseHeaderMetadata: RequestId: 1a4e9cdf-1016-44c3-becc-0bddd09bce3c, ResponseContext: pXUERlXdjpT6ljOy4eBTlFTSBL2fuUBa0Xb9nf6uhIMaMUPGbEK/BlsegtabYkbct3G2KazkWY+h ufMWcZbV0eEoK2T9diH/,2ch6IunzNTzkYFkugULybQWQIjNkrHnumBmXQsDzAOHtBN59k5f00n+xk+hZD4crHCoRbImPzBdN +6z+NROM1A==, Timestamp: 2014-01-14T14:01:10.031Z
_POST_INVENTORY_AVAILABILITY_DATA_:
<?xml version="1.0" encoding="utf-8"?>
<AmazonEnvelope xmlns:xsi="http://www.w3.org/2001/XMLSchema-instance"
  xsi:noNamespaceSchemaLocation="amzn-envelope.xsd">
  <Header>
    <DocumentVersion>1.01</DocumentVersion>
  </Header><MessageType>Inventory</MessageType><Message><MessageID>1</MessageID><OperationType>Update</OperationType><Inventory><SKU>43387</SKU><Quantity>1</Quantity><FulfillmentLatency>5</FulfillmentLatency></Inventory></Message><Message><MessageID>2</MessageID><OperationType>Update</OperationType><Inventory><SKU>43388</SKU><Quantity>1</Quantity><FulfillmentLatency>5</FulfillmentLatency></Inventory></Message><Message><MessageID>3</MessageID><OperationType>Update</OperationType><Inventory><SKU>43389</SKU><Quantity>1</Quantity><FulfillmentLatency>5</FulfillmentLatency></Inventory></Message></AmazonEnvelope>


Service Response
=============================================================================
        SubmitFeedResponse
            SubmitFeedResult
                FeedSubmissionInfo
                    FeedSubmissionId
                        7441191362
                    FeedType
                        _POST_INVENTORY_AVAILABILITY_DATA_
                    SubmittedDate
                        2014-01-14T14:01:17Z
                    FeedProcessingStatus
                        _SUBMITTED_
            ResponseMetadata
                RequestId
                    0bd3de6b-e91a-4f3f-832b-155a35c3b41e
            ResponseHeaderMetadata: RequestId: 0bd3de6b-e91a-4f3f-832b-155a35c3b41e, ResponseContext: 9+nu2hmCzE/raiHb3Y8Exys8BJhhgVneiXszPT3nBJXUsX+HmpQ6LUqUPrRSTEh0aW4s6YwenZ0w 43WL33+BdgKjvngiGGVn,OZoAPVq33YP65De5ScG5LHA89TVFuwtaTH8g0hYowti9aVN8GN4B6c97VhMghZXeQogyh+ZDUmr7 j4+DgzHOhQ==, Timestamp: 2014-01-14T14:01:16.310Z
_POST_PRODUCT_PRICING_DATA_:
<?xml version="1.0" encoding="utf-8"?>
<AmazonEnvelope xmlns:xsi="http://www.w3.org/2001/XMLSchema-instance"
  xsi:noNamespaceSchemaLocation="amzn-envelope.xsd">
  <Header>
    <DocumentVersion>1.01</DocumentVersion>
  </Header><MessageType>Price</MessageType><Message><MessageID>1</MessageID><OperationType>Update</OperationType><Price><SKU>43387</SKU><StandardPrice currency="EUR">29.99</StandardPrice></Price></Message><Message><MessageID>2</MessageID><OperationType>Update</OperationType><Price><SKU>43388</SKU><StandardPrice currency="EUR">29.99</StandardPrice></Price></Message><Message><MessageID>3</MessageID><OperationType>Update</OperationType><Price><SKU>43389</SKU><StandardPrice currency="EUR">9.99</StandardPrice></Price></Message></AmazonEnvelope>


Service Response
=============================================================================
        SubmitFeedResponse
            SubmitFeedResult
                FeedSubmissionInfo
                    FeedSubmissionId
                        7441192166
                    FeedType
                        _POST_PRODUCT_PRICING_DATA_
                    SubmittedDate
                        2014-01-14T14:01:24Z
                    FeedProcessingStatus
                        _SUBMITTED_
            ResponseMetadata
                RequestId
                    c31c8107-29ba-4922-a39c-e9cd2df53c66
            ResponseHeaderMetadata: RequestId: c31c8107-29ba-4922-a39c-e9cd2df53c66, ResponseContext: 6GzMm8SsEbz0fIDV9VYFh4IfgIVtuk6rnPDjBvy5RhOFmq2SGrKSTEcoU7Q7fpbmBwNNq5+T65lQ o/EXYL2xFpLyjPnDp+P5,/Bbs+rK+G1h0LXdLosxyHob4cf9IFHRPT1XR0Klp/fa07bzUBDkCciSQ/yueoA6hXw6UOO+Z8PBH RaDTPG9IoA==, Timestamp: 2014-01-14T14:01:22.856Z
