_POST_PRODUCT_DATA_:
<?xml version="1.0" encoding="utf-8"?>
<AmazonEnvelope xmlns:xsi="http://www.w3.org/2001/XMLSchema-instance"
  xsi:noNamespaceSchemaLocation="amzn-envelope.xsd">
  <Header>
    <DocumentVersion>1.01</DocumentVersion>
  </Header><MessageType>Product</MessageType><Message><MessageID>1</MessageID><OperationType>Update</OperationType><Product><SKU>42983</SKU><StandardProductID><Type>ISBN</Type><Value>9788833955025</Value></StandardProductID><Condition><ConditionType>UsedGood</ConditionType></Condition></Product></Message><Message><MessageID>2</MessageID><OperationType>Update</OperationType><Product><SKU>42982</SKU><StandardProductID><Type>ISBN</Type><Value>9788833913063</Value></StandardProductID><Condition><ConditionType>UsedGood</ConditionType></Condition></Product></Message><Message><MessageID>3</MessageID><OperationType>Update</OperationType><Product><SKU>42981</SKU><StandardProductID><Type>ISBN</Type><Value>9788862562690</Value></StandardProductID></Product></Message></AmazonEnvelope>


Service Response
=============================================================================
        SubmitFeedResponse
            SubmitFeedResult
                FeedSubmissionInfo
                    FeedSubmissionId
                        7380337790
                    FeedType
                        _POST_PRODUCT_DATA_
                    SubmittedDate
                        2014-01-08T11:01:12Z
                    FeedProcessingStatus
                        _SUBMITTED_
            ResponseMetadata
                RequestId
                    af04e566-8385-4d12-a61b-134391316ee0
            ResponseHeaderMetadata: RequestId: af04e566-8385-4d12-a61b-134391316ee0, ResponseContext: uRA54Yvl/ACX9Va1lCaU9e9gANABklUAcm0bqbtlhj6JCVjkHM//Bw81SNuHpGgLxNcbYDOW4u1N rpvHBQn7fM2MQrFyXWeB,1u04BERYv0pT01sThQdXbm0teggF8KJNvrjYUYJaF2+bWXwVG4WuVlgYhrNzk8Cpsj/s+lZdh0Ia 12sYuufJdQ==, Timestamp: 2014-01-08T11:01:10.939Z
_POST_INVENTORY_AVAILABILITY_DATA_:
<?xml version="1.0" encoding="utf-8"?>
<AmazonEnvelope xmlns:xsi="http://www.w3.org/2001/XMLSchema-instance"
  xsi:noNamespaceSchemaLocation="amzn-envelope.xsd">
  <Header>
    <DocumentVersion>1.01</DocumentVersion>
  </Header><MessageType>Inventory</MessageType><Message><MessageID>1</MessageID><OperationType>Update</OperationType><Inventory><SKU>42983</SKU><Quantity>1</Quantity><FulfillmentLatency>5</FulfillmentLatency></Inventory></Message><Message><MessageID>2</MessageID><OperationType>Update</OperationType><Inventory><SKU>42982</SKU><Quantity>1</Quantity><FulfillmentLatency>5</FulfillmentLatency></Inventory></Message><Message><MessageID>3</MessageID><OperationType>Update</OperationType><Inventory><SKU>42981</SKU><Quantity>1</Quantity><FulfillmentLatency>5</FulfillmentLatency></Inventory></Message></AmazonEnvelope>


Service Response
=============================================================================
        SubmitFeedResponse
            SubmitFeedResult
                FeedSubmissionInfo
                    FeedSubmissionId
                        7380338398
                    FeedType
                        _POST_INVENTORY_AVAILABILITY_DATA_
                    SubmittedDate
                        2014-01-08T11:01:19Z
                    FeedProcessingStatus
                        _SUBMITTED_
            ResponseMetadata
                RequestId
                    6388b6b5-664e-4669-9b3d-e08ddcb4fd8d
            ResponseHeaderMetadata: RequestId: 6388b6b5-664e-4669-9b3d-e08ddcb4fd8d, ResponseContext: IORYGWLNvdMqB6QJMoCBQP4XrUxKK9UK1gS089F+NQir46Ol1XlTGPbSCHr9yVojWqW+sdUmRDfk K9o/ESp8mW8kCcGY3JdZ,1+Bgs8rvs4hsqJ/bp5qssUd4Bv+hVxTW4O6ncrBoZniSc1FxTLRs0ro79e4Ep3e4fTxVrB4Rf5lC uxpFWEU1Ew==, Timestamp: 2014-01-08T11:01:17.446Z
_POST_PRODUCT_PRICING_DATA_:
<?xml version="1.0" encoding="utf-8"?>
<AmazonEnvelope xmlns:xsi="http://www.w3.org/2001/XMLSchema-instance"
  xsi:noNamespaceSchemaLocation="amzn-envelope.xsd">
  <Header>
    <DocumentVersion>1.01</DocumentVersion>
  </Header><MessageType>Price</MessageType><Message><MessageID>1</MessageID><OperationType>Update</OperationType><Price><SKU>42983</SKU><StandardPrice currency="EUR">18.00</StandardPrice></Price></Message><Message><MessageID>2</MessageID><OperationType>Update</OperationType><Price><SKU>42982</SKU><StandardPrice currency="EUR">7.75</StandardPrice></Price></Message><Message><MessageID>3</MessageID><OperationType>Update</OperationType><Price><SKU>42981</SKU><StandardPrice currency="EUR">9.00</StandardPrice></Price></Message></AmazonEnvelope>


Service Response
=============================================================================
        SubmitFeedResponse
            SubmitFeedResult
                FeedSubmissionInfo
                    FeedSubmissionId
                        7380339354
                    FeedType
                        _POST_PRODUCT_PRICING_DATA_
                    SubmittedDate
                        2014-01-08T11:01:25Z
                    FeedProcessingStatus
                        _SUBMITTED_
            ResponseMetadata
                RequestId
                    a7eb7319-7086-4db1-a229-5e9cd4d49336
            ResponseHeaderMetadata: RequestId: a7eb7319-7086-4db1-a229-5e9cd4d49336, ResponseContext: xStyffJSunysdV+jI7a9IqVWfupTtNAUDLKE1PZvD4ZizRmwukByYT1mv+6Jf9CrZ2jx/HU7+NHQ qCHEltkOTc30HGq6SU9j,T6E0PMJsgm5qP6OTTGIZD5PQEnRQlJ+zbJKRHpYvBZzUeaKJTzpRSif3qhok6gFJHh1gNhAO8CV0 bVgLOloKRw==, Timestamp: 2014-01-08T11:01:24.191Z
