_POST_PRODUCT_DATA_:
<?xml version="1.0" encoding="utf-8"?>
<AmazonEnvelope xmlns:xsi="http://www.w3.org/2001/XMLSchema-instance"
  xsi:noNamespaceSchemaLocation="amzn-envelope.xsd">
  <Header>
    <DocumentVersion>1.01</DocumentVersion>
  </Header><MessageType>Product</MessageType><Message><MessageID>1</MessageID><OperationType>Update</OperationType><Product><SKU>38352</SKU><StandardProductID><Type>ISBN</Type><Value>9978319201726</Value></StandardProductID></Product></Message></AmazonEnvelope>


Service Response
=============================================================================
        SubmitFeedResponse
            SubmitFeedResult
                FeedSubmissionInfo
                    FeedSubmissionId
                        6600730104
                    FeedType
                        _POST_PRODUCT_DATA_
                    SubmittedDate
                        2013-10-17T13:00:48Z
                    FeedProcessingStatus
                        _SUBMITTED_
            ResponseMetadata
                RequestId
                    a8ee8126-c6cc-44d4-b635-c96fd38c0e4c
            ResponseHeaderMetadata: RequestId: a8ee8126-c6cc-44d4-b635-c96fd38c0e4c, ResponseContext: MQiob7CNsS4FRUvfHkU1pPDTFqDk7db1ngQ0IgYlurJtQkLSmgCqH0QIxKV+Pt1OdLCoPcYIiL6P EY5RCDTqKUjPiKT0Opx+,HEmuT3UMzYljLf3lmFu7V1MjYsQH6QlFpTDsBN5z7KkIZ/4SoM26Vcd6Pekru7cl74N2GcqH2KPh nPANuXBGow==, Timestamp: 2013-10-17T13:00:48.779Z
_POST_INVENTORY_AVAILABILITY_DATA_:
<?xml version="1.0" encoding="utf-8"?>
<AmazonEnvelope xmlns:xsi="http://www.w3.org/2001/XMLSchema-instance"
  xsi:noNamespaceSchemaLocation="amzn-envelope.xsd">
  <Header>
    <DocumentVersion>1.01</DocumentVersion>
  </Header><MessageType>Inventory</MessageType><Message><MessageID>1</MessageID><OperationType>Update</OperationType><Inventory><SKU>38352</SKU><Quantity>1</Quantity><FulfillmentLatency>5</FulfillmentLatency></Inventory></Message></AmazonEnvelope>


Service Response
=============================================================================
        SubmitFeedResponse
            SubmitFeedResult
                FeedSubmissionInfo
                    FeedSubmissionId
                        6600731726
                    FeedType
                        _POST_INVENTORY_AVAILABILITY_DATA_
                    SubmittedDate
                        2013-10-17T13:00:59Z
                    FeedProcessingStatus
                        _SUBMITTED_
            ResponseMetadata
                RequestId
                    e2a52117-8c00-41f7-9a5b-8b30b1821c8c
            ResponseHeaderMetadata: RequestId: e2a52117-8c00-41f7-9a5b-8b30b1821c8c, ResponseContext: hD/2fMZBtJMTOR5jfrSvUemVttP1eb/hhGO3h9JVmXrrtiM0h1AlROEbupKeoz7P2Nf2lcCsCpz7 V59r7ydnYUVRjrDKNIgx,n/SntlnvujgNb8hNGcbUTldbkL5JYKLDayuzowv10uvu9AsfNlTmNMh5HZD+a5316Xfxg2ldOSNz k/ams1opHA==, Timestamp: 2013-10-17T13:00:59.454Z
_POST_PRODUCT_PRICING_DATA_:
<?xml version="1.0" encoding="utf-8"?>
<AmazonEnvelope xmlns:xsi="http://www.w3.org/2001/XMLSchema-instance"
  xsi:noNamespaceSchemaLocation="amzn-envelope.xsd">
  <Header>
    <DocumentVersion>1.01</DocumentVersion>
  </Header><MessageType>Price</MessageType><Message><MessageID>1</MessageID><OperationType>Update</OperationType><Price><SKU>38352</SKU><StandardPrice currency="EUR">20.00</StandardPrice></Price></Message></AmazonEnvelope>


Service Response
=============================================================================
        SubmitFeedResponse
            SubmitFeedResult
                FeedSubmissionInfo
                    FeedSubmissionId
                        6600733294
                    FeedType
                        _POST_PRODUCT_PRICING_DATA_
                    SubmittedDate
                        2013-10-17T13:01:10Z
                    FeedProcessingStatus
                        _SUBMITTED_
            ResponseMetadata
                RequestId
                    183d43fc-002d-40f8-a8ef-ebb0c1b514ea
            ResponseHeaderMetadata: RequestId: 183d43fc-002d-40f8-a8ef-ebb0c1b514ea, ResponseContext: u6CoDEpY0BHHoa5c+6bf+ztAeCx5Tp+FJSQ5bPfiNzOG2ptGqXXSJRDD3rn59DPM6CNwqc5bV7y2 +A74Kcq1R7M9ddxgGa9J,SGOcsxznTGzQUWEnh/Euj3GTK00PSvc5DrE85L/qgqUCarHpAQucIXnDhlKPprZAalLLGG1a7xPi znooAUohVw==, Timestamp: 2013-10-17T13:01:10.302Z
