_POST_PRODUCT_DATA_:
<?xml version="1.0" encoding="utf-8"?>
<AmazonEnvelope xmlns:xsi="http://www.w3.org/2001/XMLSchema-instance"
  xsi:noNamespaceSchemaLocation="amzn-envelope.xsd">
  <Header>
    <DocumentVersion>1.01</DocumentVersion>
  </Header><MessageType>Product</MessageType><Message><MessageID>1</MessageID><OperationType>Update</OperationType><Product><SKU>32550</SKU><StandardProductID><Type>ISBN</Type><Value>9788820107321</Value></StandardProductID></Product></Message><Message><MessageID>2</MessageID><OperationType>Update</OperationType><Product><SKU>32551</SKU><StandardProductID><Type>ISBN</Type><Value>9788823328952</Value></StandardProductID></Product></Message><Message><MessageID>3</MessageID><OperationType>Update</OperationType><Product><SKU>32552</SKU><StandardProductID><Type>ISBN</Type><Value>9788883324963</Value></StandardProductID></Product></Message><Message><MessageID>4</MessageID><OperationType>Update</OperationType><Product><SKU>32553</SKU><StandardProductID><Type>ISBN</Type><Value>9788842607595</Value></StandardProductID></Product></Message><Message><MessageID>5</MessageID><OperationType>Update</OperationType><Product><SKU>32554</SKU><StandardProductID><Type>ISBN</Type><Value>9788808140876</Value></StandardProductID></Product></Message><Message><MessageID>6</MessageID><OperationType>Update</OperationType><Product><SKU>32555</SKU><StandardProductID><Type>ISBN</Type><Value>9788808148070</Value></StandardProductID></Product></Message><Message><MessageID>7</MessageID><OperationType>Update</OperationType><Product><SKU>32556</SKU><StandardProductID><Type>ISBN</Type><Value>9788853818737</Value></StandardProductID></Product></Message><Message><MessageID>8</MessageID><OperationType>Update</OperationType><Product><SKU>32557</SKU><StandardProductID><Type>ISBN</Type><Value>9788886815789</Value></StandardProductID></Product></Message><Message><MessageID>9</MessageID><OperationType>Update</OperationType><Product><SKU>32558</SKU><StandardProductID><Type>ISBN</Type><Value>9788815106803</Value></StandardProductID></Product></Message><Message><MessageID>10</MessageID><OperationType>Update</OperationType><Product><SKU>32559</SKU><StandardProductID><Type>ISBN</Type><Value>9788838322129</Value></StandardProductID></Product></Message><Message><MessageID>11</MessageID><OperationType>Update</OperationType><Product><SKU>32565</SKU><StandardProductID><Type>ISBN</Type><Value>9788842435921</Value></StandardProductID><Condition><ConditionType>UsedAcceptable</ConditionType></Condition></Product></Message><Message><MessageID>12</MessageID><OperationType>Update</OperationType><Product><SKU>32566</SKU><StandardProductID><Type>ISBN</Type><Value>9788811520023</Value></StandardProductID><Condition><ConditionType>UsedGood</ConditionType></Condition></Product></Message><Message><MessageID>13</MessageID><OperationType>Update</OperationType><Product><SKU>32567</SKU><StandardProductID><Type>ISBN</Type><Value>9788811520047</Value></StandardProductID><Condition><ConditionType>UsedGood</ConditionType></Condition></Product></Message><Message><MessageID>14</MessageID><OperationType>Update</OperationType><Product><SKU>32568</SKU><StandardProductID><Type>ISBN</Type><Value>9788817167796</Value></StandardProductID><Condition><ConditionType>UsedGood</ConditionType></Condition></Product></Message><Message><MessageID>15</MessageID><OperationType>Update</OperationType><Product><SKU>32569</SKU><StandardProductID><Type>ISBN</Type><Value>9788817842761</Value></StandardProductID><Condition><ConditionType>UsedGood</ConditionType></Condition></Product></Message><Message><MessageID>16</MessageID><OperationType>Update</OperationType><Product><SKU>32570</SKU><StandardProductID><Type>ISBN</Type><Value>9788811676164</Value></StandardProductID><Condition><ConditionType>UsedGood</ConditionType></Condition></Product></Message><Message><MessageID>17</MessageID><OperationType>Update</OperationType><Product><SKU>32571</SKU><StandardProductID><Type>ISBN</Type><Value>9788811520016</Value></StandardProductID><Condition><ConditionType>UsedGood</ConditionType></Condition></Product></Message><Message><MessageID>18</MessageID><OperationType>Update</OperationType><Product><SKU>32572</SKU><StandardProductID><Type>ISBN</Type><Value>9788842074434</Value></StandardProductID><Condition><ConditionType>UsedGood</ConditionType></Condition></Product></Message><Message><MessageID>19</MessageID><OperationType>Update</OperationType><Product><SKU>32573</SKU><StandardProductID><Type>ISBN</Type><Value>9788807818837</Value></StandardProductID><Condition><ConditionType>UsedGood</ConditionType></Condition></Product></Message><Message><MessageID>20</MessageID><OperationType>Update</OperationType><Product><SKU>32574</SKU><StandardProductID><Type>ISBN</Type><Value>9788874520954</Value></StandardProductID><Condition><ConditionType>UsedGood</ConditionType></Condition></Product></Message><Message><MessageID>21</MessageID><OperationType>Update</OperationType><Product><SKU>32575</SKU><StandardProductID><Type>ISBN</Type><Value>9788845414633</Value></StandardProductID><Condition><ConditionType>UsedGood</ConditionType></Condition></Product></Message><Message><MessageID>22</MessageID><OperationType>Update</OperationType><Product><SKU>32576</SKU><StandardProductID><Type>ISBN</Type><Value>9788806203696</Value></StandardProductID><Condition><ConditionType>UsedGood</ConditionType></Condition></Product></Message><Message><MessageID>23</MessageID><OperationType>Update</OperationType><Product><SKU>32577</SKU><StandardProductID><Type>ISBN</Type><Value>9788817100946</Value></StandardProductID><Condition><ConditionType>UsedGood</ConditionType></Condition></Product></Message><Message><MessageID>24</MessageID><OperationType>Update</OperationType><Product><SKU>32578</SKU><StandardProductID><Type>ISBN</Type><Value>9788874523412</Value></StandardProductID><Condition><ConditionType>UsedGood</ConditionType></Condition></Product></Message><Message><MessageID>25</MessageID><OperationType>Update</OperationType><Product><SKU>32579</SKU><StandardProductID><Type>ISBN</Type><Value>9788838469206</Value></StandardProductID><Condition><ConditionType>UsedGood</ConditionType></Condition></Product></Message><Message><MessageID>26</MessageID><OperationType>Update</OperationType><Product><SKU>32580</SKU><StandardProductID><Type>ISBN</Type><Value>9788817005364</Value></StandardProductID><Condition><ConditionType>UsedGood</ConditionType></Condition></Product></Message><Message><MessageID>27</MessageID><OperationType>Update</OperationType><Product><SKU>32581</SKU><StandardProductID><Type>ISBN</Type><Value>9788878185685</Value></StandardProductID><Condition><ConditionType>UsedGood</ConditionType></Condition></Product></Message></AmazonEnvelope>


Service Response
=============================================================================
        SubmitFeedResponse
            SubmitFeedResult
                FeedSubmissionInfo
                    FeedSubmissionId
                        6460194776
                    FeedType
                        _POST_PRODUCT_DATA_
                    SubmittedDate
                        2013-10-01T16:01:14Z
                    FeedProcessingStatus
                        _SUBMITTED_
            ResponseMetadata
                RequestId
                    10980a5b-a48a-41ed-b7af-0c2be50b5458
            ResponseHeaderMetadata: RequestId: 10980a5b-a48a-41ed-b7af-0c2be50b5458, ResponseContext: hD/2fMZBtJMTOR5jfrSvUemVttP1eb/hhGO3h9JVmXrrtiM0h1AlROEbupKeoz7P2Nf2lcCsCpz7 V59r7ydnYUVRjrDKNIgx,SFZjmO0LHcMk3N7gj5Dg2TeirdbE1XguMD6nKqfIHt4oPKxazjzmAH5O5s1qH2H7BYoyUKg9Mro=, Timestamp: 2013-10-01T16:01:14.859Z
_POST_INVENTORY_AVAILABILITY_DATA_:
<?xml version="1.0" encoding="utf-8"?>
<AmazonEnvelope xmlns:xsi="http://www.w3.org/2001/XMLSchema-instance"
  xsi:noNamespaceSchemaLocation="amzn-envelope.xsd">
  <Header>
    <DocumentVersion>1.01</DocumentVersion>
  </Header><MessageType>Inventory</MessageType><Message><MessageID>1</MessageID><OperationType>Update</OperationType><Inventory><SKU>32550</SKU><Quantity>1</Quantity><FulfillmentLatency>5</FulfillmentLatency></Inventory></Message><Message><MessageID>2</MessageID><OperationType>Update</OperationType><Inventory><SKU>32551</SKU><Quantity>1</Quantity><FulfillmentLatency>5</FulfillmentLatency></Inventory></Message><Message><MessageID>3</MessageID><OperationType>Update</OperationType><Inventory><SKU>32552</SKU><Quantity>1</Quantity><FulfillmentLatency>5</FulfillmentLatency></Inventory></Message><Message><MessageID>4</MessageID><OperationType>Update</OperationType><Inventory><SKU>32553</SKU><Quantity>1</Quantity><FulfillmentLatency>5</FulfillmentLatency></Inventory></Message><Message><MessageID>5</MessageID><OperationType>Update</OperationType><Inventory><SKU>32554</SKU><Quantity>1</Quantity><FulfillmentLatency>5</FulfillmentLatency></Inventory></Message><Message><MessageID>6</MessageID><OperationType>Update</OperationType><Inventory><SKU>32555</SKU><Quantity>1</Quantity><FulfillmentLatency>5</FulfillmentLatency></Inventory></Message><Message><MessageID>7</MessageID><OperationType>Update</OperationType><Inventory><SKU>32556</SKU><Quantity>1</Quantity><FulfillmentLatency>5</FulfillmentLatency></Inventory></Message><Message><MessageID>8</MessageID><OperationType>Update</OperationType><Inventory><SKU>32557</SKU><Quantity>1</Quantity><FulfillmentLatency>5</FulfillmentLatency></Inventory></Message><Message><MessageID>9</MessageID><OperationType>Update</OperationType><Inventory><SKU>32558</SKU><Quantity>1</Quantity><FulfillmentLatency>5</FulfillmentLatency></Inventory></Message><Message><MessageID>10</MessageID><OperationType>Update</OperationType><Inventory><SKU>32559</SKU><Quantity>1</Quantity><FulfillmentLatency>5</FulfillmentLatency></Inventory></Message><Message><MessageID>11</MessageID><OperationType>Update</OperationType><Inventory><SKU>32565</SKU><Quantity>1</Quantity><FulfillmentLatency>5</FulfillmentLatency></Inventory></Message><Message><MessageID>12</MessageID><OperationType>Update</OperationType><Inventory><SKU>32566</SKU><Quantity>1</Quantity><FulfillmentLatency>5</FulfillmentLatency></Inventory></Message><Message><MessageID>13</MessageID><OperationType>Update</OperationType><Inventory><SKU>32567</SKU><Quantity>1</Quantity><FulfillmentLatency>5</FulfillmentLatency></Inventory></Message><Message><MessageID>14</MessageID><OperationType>Update</OperationType><Inventory><SKU>32568</SKU><Quantity>1</Quantity><FulfillmentLatency>5</FulfillmentLatency></Inventory></Message><Message><MessageID>15</MessageID><OperationType>Update</OperationType><Inventory><SKU>32569</SKU><Quantity>1</Quantity><FulfillmentLatency>5</FulfillmentLatency></Inventory></Message><Message><MessageID>16</MessageID><OperationType>Update</OperationType><Inventory><SKU>32570</SKU><Quantity>1</Quantity><FulfillmentLatency>5</FulfillmentLatency></Inventory></Message><Message><MessageID>17</MessageID><OperationType>Update</OperationType><Inventory><SKU>32571</SKU><Quantity>1</Quantity><FulfillmentLatency>5</FulfillmentLatency></Inventory></Message><Message><MessageID>18</MessageID><OperationType>Update</OperationType><Inventory><SKU>32572</SKU><Quantity>1</Quantity><FulfillmentLatency>5</FulfillmentLatency></Inventory></Message><Message><MessageID>19</MessageID><OperationType>Update</OperationType><Inventory><SKU>32573</SKU><Quantity>1</Quantity><FulfillmentLatency>5</FulfillmentLatency></Inventory></Message><Message><MessageID>20</MessageID><OperationType>Update</OperationType><Inventory><SKU>32574</SKU><Quantity>1</Quantity><FulfillmentLatency>5</FulfillmentLatency></Inventory></Message><Message><MessageID>21</MessageID><OperationType>Update</OperationType><Inventory><SKU>32575</SKU><Quantity>1</Quantity><FulfillmentLatency>5</FulfillmentLatency></Inventory></Message><Message><MessageID>22</MessageID><OperationType>Update</OperationType><Inventory><SKU>32576</SKU><Quantity>1</Quantity><FulfillmentLatency>5</FulfillmentLatency></Inventory></Message><Message><MessageID>23</MessageID><OperationType>Update</OperationType><Inventory><SKU>32577</SKU><Quantity>1</Quantity><FulfillmentLatency>5</FulfillmentLatency></Inventory></Message><Message><MessageID>24</MessageID><OperationType>Update</OperationType><Inventory><SKU>32578</SKU><Quantity>1</Quantity><FulfillmentLatency>5</FulfillmentLatency></Inventory></Message><Message><MessageID>25</MessageID><OperationType>Update</OperationType><Inventory><SKU>32579</SKU><Quantity>1</Quantity><FulfillmentLatency>5</FulfillmentLatency></Inventory></Message><Message><MessageID>26</MessageID><OperationType>Update</OperationType><Inventory><SKU>32580</SKU><Quantity>1</Quantity><FulfillmentLatency>5</FulfillmentLatency></Inventory></Message><Message><MessageID>27</MessageID><OperationType>Update</OperationType><Inventory><SKU>32581</SKU><Quantity>1</Quantity><FulfillmentLatency>5</FulfillmentLatency></Inventory></Message></AmazonEnvelope>


Service Response
=============================================================================
        SubmitFeedResponse
            SubmitFeedResult
                FeedSubmissionInfo
                    FeedSubmissionId
                        6460197562
                    FeedType
                        _POST_INVENTORY_AVAILABILITY_DATA_
                    SubmittedDate
                        2013-10-01T16:01:26Z
                    FeedProcessingStatus
                        _SUBMITTED_
            ResponseMetadata
                RequestId
                    55b6a59c-a4c8-463f-980d-3d4d77310b8b
            ResponseHeaderMetadata: RequestId: 55b6a59c-a4c8-463f-980d-3d4d77310b8b, ResponseContext: 9oJ7eooHN4lNptmZ6buwa/P2n2RAw2MeeGzOiBJKu3csMvv8VqiiSGkJFfdjNHkdvJDrT7iFx2m9 2ETmnqLUlD7gv7z5x+Ew,Z5HHiBLHJvMGxvDGhPTrn8teSBQW0SYQgCDpLLUt6HQ2itqHWl/PGxT9javhqGZ+Veh+BioJYSs=, Timestamp: 2013-10-01T16:01:26.028Z
_POST_PRODUCT_PRICING_DATA_:
<?xml version="1.0" encoding="utf-8"?>
<AmazonEnvelope xmlns:xsi="http://www.w3.org/2001/XMLSchema-instance"
  xsi:noNamespaceSchemaLocation="amzn-envelope.xsd">
  <Header>
    <DocumentVersion>1.01</DocumentVersion>
  </Header><MessageType>Price</MessageType><Message><MessageID>1</MessageID><OperationType>Update</OperationType><Price><SKU>32550</SKU><StandardPrice currency="EUR">14.80</StandardPrice></Price></Message><Message><MessageID>2</MessageID><OperationType>Update</OperationType><Price><SKU>32551</SKU><StandardPrice currency="EUR">13.60</StandardPrice></Price></Message><Message><MessageID>3</MessageID><OperationType>Update</OperationType><Price><SKU>32552</SKU><StandardPrice currency="EUR">15.65</StandardPrice></Price></Message><Message><MessageID>4</MessageID><OperationType>Update</OperationType><Price><SKU>32553</SKU><StandardPrice currency="EUR">70.00</StandardPrice></Price></Message><Message><MessageID>5</MessageID><OperationType>Update</OperationType><Price><SKU>32554</SKU><StandardPrice currency="EUR">42.80</StandardPrice></Price></Message><Message><MessageID>6</MessageID><OperationType>Update</OperationType><Price><SKU>32555</SKU><StandardPrice currency="EUR">26.30</StandardPrice></Price></Message><Message><MessageID>7</MessageID><OperationType>Update</OperationType><Price><SKU>32556</SKU><StandardPrice currency="EUR">25.65</StandardPrice></Price></Message><Message><MessageID>8</MessageID><OperationType>Update</OperationType><Price><SKU>32557</SKU><StandardPrice currency="EUR">17.50</StandardPrice></Price></Message><Message><MessageID>9</MessageID><OperationType>Update</OperationType><Price><SKU>32558</SKU><StandardPrice currency="EUR">37.50</StandardPrice></Price></Message><Message><MessageID>10</MessageID><OperationType>Update</OperationType><Price><SKU>32559</SKU><StandardPrice currency="EUR">34.90</StandardPrice></Price></Message><Message><MessageID>11</MessageID><OperationType>Update</OperationType><Price><SKU>32565</SKU><StandardPrice currency="EUR">1.40</StandardPrice></Price></Message><Message><MessageID>12</MessageID><OperationType>Update</OperationType><Price><SKU>32566</SKU><StandardPrice currency="EUR">3.25</StandardPrice></Price></Message><Message><MessageID>13</MessageID><OperationType>Update</OperationType><Price><SKU>32567</SKU><StandardPrice currency="EUR">3.10</StandardPrice></Price></Message><Message><MessageID>14</MessageID><OperationType>Update</OperationType><Price><SKU>32568</SKU><StandardPrice currency="EUR">4.50</StandardPrice></Price></Message><Message><MessageID>15</MessageID><OperationType>Update</OperationType><Price><SKU>32569</SKU><StandardPrice currency="EUR">7.23</StandardPrice></Price></Message><Message><MessageID>16</MessageID><OperationType>Update</OperationType><Price><SKU>32570</SKU><StandardPrice currency="EUR">6.46</StandardPrice></Price></Message><Message><MessageID>17</MessageID><OperationType>Update</OperationType><Price><SKU>32571</SKU><StandardPrice currency="EUR">3.10</StandardPrice></Price></Message><Message><MessageID>18</MessageID><OperationType>Update</OperationType><Price><SKU>32572</SKU><StandardPrice currency="EUR">10.00</StandardPrice></Price></Message><Message><MessageID>19</MessageID><OperationType>Update</OperationType><Price><SKU>32573</SKU><StandardPrice currency="EUR">4.00</StandardPrice></Price></Message><Message><MessageID>20</MessageID><OperationType>Update</OperationType><Price><SKU>32574</SKU><StandardPrice currency="EUR">6.50</StandardPrice></Price></Message><Message><MessageID>21</MessageID><OperationType>Update</OperationType><Price><SKU>32575</SKU><StandardPrice currency="EUR">9.50</StandardPrice></Price></Message><Message><MessageID>22</MessageID><OperationType>Update</OperationType><Price><SKU>32576</SKU><StandardPrice currency="EUR">8.75</StandardPrice></Price></Message><Message><MessageID>23</MessageID><OperationType>Update</OperationType><Price><SKU>32577</SKU><StandardPrice currency="EUR">4.95</StandardPrice></Price></Message><Message><MessageID>24</MessageID><OperationType>Update</OperationType><Price><SKU>32578</SKU><StandardPrice currency="EUR">7.25</StandardPrice></Price></Message><Message><MessageID>25</MessageID><OperationType>Update</OperationType><Price><SKU>32579</SKU><StandardPrice currency="EUR">8.95</StandardPrice></Price></Message><Message><MessageID>26</MessageID><OperationType>Update</OperationType><Price><SKU>32580</SKU><StandardPrice currency="EUR">4.60</StandardPrice></Price></Message><Message><MessageID>27</MessageID><OperationType>Update</OperationType><Price><SKU>32581</SKU><StandardPrice currency="EUR">5.00</StandardPrice></Price></Message></AmazonEnvelope>


Service Response
=============================================================================
        SubmitFeedResponse
            SubmitFeedResult
                FeedSubmissionInfo
                    FeedSubmissionId
                        6460198768
                    FeedType
                        _POST_PRODUCT_PRICING_DATA_
                    SubmittedDate
                        2013-10-01T16:01:46Z
                    FeedProcessingStatus
                        _SUBMITTED_
            ResponseMetadata
                RequestId
                    9d44c5d2-2ee9-4f21-bf89-0b6e431246a1
            ResponseHeaderMetadata: RequestId: 9d44c5d2-2ee9-4f21-bf89-0b6e431246a1, ResponseContext: m/uRHkmAhVB9IU6Ploz/qTigx0ol42eGxHjrQx0smKdS/l8m4W3vRqV9fcqUZKsPUES/1xixVIui QE+4B1TWxSX3p8aCeHzl,o7dv9mjyMa9no0/VBQGgiQyzm2JFprr/cX7oU0Fhq2+X544AtMtkISBKLyeueFmO5mtvgnlgxDE=, Timestamp: 2013-10-01T16:01:46.459Z
