_POST_PRODUCT_DATA_:
<?xml version="1.0" encoding="utf-8"?>
<AmazonEnvelope xmlns:xsi="http://www.w3.org/2001/XMLSchema-instance"
  xsi:noNamespaceSchemaLocation="amzn-envelope.xsd">
  <Header>
    <DocumentVersion>1.01</DocumentVersion>
  </Header><MessageType>Product</MessageType><Message><MessageID>1</MessageID><OperationType>Update</OperationType><Product><SKU>38194</SKU><StandardProductID><Type>ISBN</Type><Value>9788871924533</Value></StandardProductID><Condition><ConditionType>UsedAcceptable</ConditionType></Condition></Product></Message><Message><MessageID>2</MessageID><OperationType>Update</OperationType><Product><SKU>38198</SKU><StandardProductID><Type>ISBN</Type><Value>9788815126603</Value></StandardProductID><Condition><ConditionType>UsedAcceptable</ConditionType></Condition></Product></Message><Message><MessageID>3</MessageID><OperationType>Update</OperationType><Product><SKU>38197</SKU><StandardProductID><Type>ISBN</Type><Value>9788842090229</Value></StandardProductID><Condition><ConditionType>UsedGood</ConditionType></Condition></Product></Message><Message><MessageID>4</MessageID><OperationType>Update</OperationType><Product><SKU>38196</SKU><StandardProductID><Type>ISBN</Type><Value>9788845268182</Value></StandardProductID><Condition><ConditionType>UsedGood</ConditionType></Condition></Product></Message><Message><MessageID>5</MessageID><OperationType>Update</OperationType><Product><SKU>38195</SKU><StandardProductID><Type>ISBN</Type><Value>9788854116788</Value></StandardProductID><Condition><ConditionType>UsedGood</ConditionType></Condition></Product></Message><Message><MessageID>6</MessageID><OperationType>Update</OperationType><Product><SKU>38191</SKU><StandardProductID><Type>ISBN</Type><Value>9788843320110</Value></StandardProductID><Condition><ConditionType>UsedGood</ConditionType></Condition></Product></Message><Message><MessageID>7</MessageID><OperationType>Update</OperationType><Product><SKU>38192</SKU><StandardProductID><Type>ISBN</Type><Value>9788804431763</Value></StandardProductID><Condition><ConditionType>UsedGood</ConditionType></Condition></Product></Message><Message><MessageID>8</MessageID><OperationType>Update</OperationType><Product><SKU>38193</SKU><StandardProductID><Type>ISBN</Type><Value>9788844033699</Value></StandardProductID><Condition><ConditionType>UsedGood</ConditionType></Condition></Product></Message></AmazonEnvelope>


Service Response
=============================================================================
        SubmitFeedResponse
            SubmitFeedResult
                FeedSubmissionInfo
                    FeedSubmissionId
                        6585433698
                    FeedType
                        _POST_PRODUCT_DATA_
                    SubmittedDate
                        2013-10-15T19:00:52Z
                    FeedProcessingStatus
                        _SUBMITTED_
            ResponseMetadata
                RequestId
                    ac6bb252-ef8f-4d39-bb5b-9c209310ea3d
            ResponseHeaderMetadata: RequestId: ac6bb252-ef8f-4d39-bb5b-9c209310ea3d, ResponseContext: W5lZprL2ejHrX1wm8kd0R7laSuu8SN9JOUMmuvFoRWWmqr4dLlGxrRdhLNaYuc7WzPr0vTPYP+YK D7wMgQzBCdlNrdgNGL1D,IUgt3r/lHPTDCZV3TNEijF3NYufVBuzD9/nnJDjloHMAHIZvN75W63flOlpQLJgBhjA9DW0PPAPs 3FiMiNeCTQ==, Timestamp: 2013-10-15T19:00:52.243Z
_POST_INVENTORY_AVAILABILITY_DATA_:
<?xml version="1.0" encoding="utf-8"?>
<AmazonEnvelope xmlns:xsi="http://www.w3.org/2001/XMLSchema-instance"
  xsi:noNamespaceSchemaLocation="amzn-envelope.xsd">
  <Header>
    <DocumentVersion>1.01</DocumentVersion>
  </Header><MessageType>Inventory</MessageType><Message><MessageID>1</MessageID><OperationType>Update</OperationType><Inventory><SKU>38198</SKU><Quantity>1</Quantity><FulfillmentLatency>5</FulfillmentLatency></Inventory></Message><Message><MessageID>2</MessageID><OperationType>Update</OperationType><Inventory><SKU>38197</SKU><Quantity>1</Quantity><FulfillmentLatency>5</FulfillmentLatency></Inventory></Message><Message><MessageID>3</MessageID><OperationType>Update</OperationType><Inventory><SKU>38196</SKU><Quantity>1</Quantity><FulfillmentLatency>5</FulfillmentLatency></Inventory></Message><Message><MessageID>4</MessageID><OperationType>Update</OperationType><Inventory><SKU>38195</SKU><Quantity>1</Quantity><FulfillmentLatency>5</FulfillmentLatency></Inventory></Message><Message><MessageID>5</MessageID><OperationType>Update</OperationType><Inventory><SKU>38194</SKU><Quantity>1</Quantity><FulfillmentLatency>5</FulfillmentLatency></Inventory></Message><Message><MessageID>6</MessageID><OperationType>Update</OperationType><Inventory><SKU>38193</SKU><Quantity>1</Quantity><FulfillmentLatency>5</FulfillmentLatency></Inventory></Message><Message><MessageID>7</MessageID><OperationType>Update</OperationType><Inventory><SKU>38191</SKU><Quantity>1</Quantity><FulfillmentLatency>5</FulfillmentLatency></Inventory></Message><Message><MessageID>8</MessageID><OperationType>Update</OperationType><Inventory><SKU>38192</SKU><Quantity>1</Quantity><FulfillmentLatency>5</FulfillmentLatency></Inventory></Message></AmazonEnvelope>


Service Response
=============================================================================
        SubmitFeedResponse
            SubmitFeedResult
                FeedSubmissionInfo
                    FeedSubmissionId
                        6585435122
                    FeedType
                        _POST_INVENTORY_AVAILABILITY_DATA_
                    SubmittedDate
                        2013-10-15T19:01:03Z
                    FeedProcessingStatus
                        _SUBMITTED_
            ResponseMetadata
                RequestId
                    dc75ea73-a661-409a-8123-530b4454ba03
            ResponseHeaderMetadata: RequestId: dc75ea73-a661-409a-8123-530b4454ba03, ResponseContext: W5lZprL2ejHrX1wm8kd0R7laSuu8SN9JOUMmuvFoRWWmqr4dLlGxrRdhLNaYuc7WzPr0vTPYP+YK D7wMgQzBCdlNrdgNGL1D,0UBaFrurbgcukaIl62QFBBzNuwxstrFWvOpk+YGSjmG7OgXU16sRRrGM2BCXlqXbiUdKUtHhEIFt 8ncpbIR+1w==, Timestamp: 2013-10-15T19:01:03.001Z
_POST_PRODUCT_PRICING_DATA_:
<?xml version="1.0" encoding="utf-8"?>
<AmazonEnvelope xmlns:xsi="http://www.w3.org/2001/XMLSchema-instance"
  xsi:noNamespaceSchemaLocation="amzn-envelope.xsd">
  <Header>
    <DocumentVersion>1.01</DocumentVersion>
  </Header><MessageType>Price</MessageType><Message><MessageID>1</MessageID><OperationType>Update</OperationType><Price><SKU>38198</SKU><StandardPrice currency="EUR">12.00</StandardPrice></Price></Message><Message><MessageID>2</MessageID><OperationType>Update</OperationType><Price><SKU>38197</SKU><StandardPrice currency="EUR">9.50</StandardPrice></Price></Message><Message><MessageID>3</MessageID><OperationType>Update</OperationType><Price><SKU>38196</SKU><StandardPrice currency="EUR">9.25</StandardPrice></Price></Message><Message><MessageID>4</MessageID><OperationType>Update</OperationType><Price><SKU>38195</SKU><StandardPrice currency="EUR">3.50</StandardPrice></Price></Message><Message><MessageID>5</MessageID><OperationType>Update</OperationType><Price><SKU>38194</SKU><StandardPrice currency="EUR">9.00</StandardPrice></Price></Message><Message><MessageID>6</MessageID><OperationType>Update</OperationType><Price><SKU>38193</SKU><StandardPrice currency="EUR">3.00</StandardPrice></Price></Message><Message><MessageID>7</MessageID><OperationType>Update</OperationType><Price><SKU>38191</SKU><StandardPrice currency="EUR">3.50</StandardPrice></Price></Message><Message><MessageID>8</MessageID><OperationType>Update</OperationType><Price><SKU>38192</SKU><StandardPrice currency="EUR">4.50</StandardPrice></Price></Message></AmazonEnvelope>


Service Response
=============================================================================
        SubmitFeedResponse
            SubmitFeedResult
                FeedSubmissionInfo
                    FeedSubmissionId
                        6585436540
                    FeedType
                        _POST_PRODUCT_PRICING_DATA_
                    SubmittedDate
                        2013-10-15T19:01:13Z
                    FeedProcessingStatus
                        _SUBMITTED_
            ResponseMetadata
                RequestId
                    dfe819a7-eee2-4d64-837d-6873bfe798e4
            ResponseHeaderMetadata: RequestId: dfe819a7-eee2-4d64-837d-6873bfe798e4, ResponseContext: m/uRHkmAhVB9IU6Ploz/qTigx0ol42eGxHjrQx0smKdS/l8m4W3vRqV9fcqUZKsPUES/1xixVIui QE+4B1TWxSX3p8aCeHzl,zVDqKIKOW0U6Yl2fooB/QyKYyFU938K5h92r9ByVOoFoa8A2+Ni86/tNwEUTQJRDEp7Hf5JuzDT8 3DtXWtsD1g==, Timestamp: 2013-10-15T19:01:13.720Z
