_POST_PRODUCT_DATA_:
<?xml version="1.0" encoding="utf-8"?>
<AmazonEnvelope xmlns:xsi="http://www.w3.org/2001/XMLSchema-instance"
  xsi:noNamespaceSchemaLocation="amzn-envelope.xsd">
  <Header>
    <DocumentVersion>1.01</DocumentVersion>
  </Header><MessageType>Product</MessageType><Message><MessageID>1</MessageID><OperationType>Update</OperationType><Product><SKU>32400</SKU><StandardProductID><Type>ISBN</Type><Value>9788842663492</Value></StandardProductID></Product></Message><Message><MessageID>2</MessageID><OperationType>Update</OperationType><Product><SKU>32401</SKU><StandardProductID><Type>ISBN</Type><Value>9788835025672</Value></StandardProductID></Product></Message></AmazonEnvelope>


Service Response
=============================================================================
        SubmitFeedResponse
            SubmitFeedResult
                FeedSubmissionInfo
                    FeedSubmissionId
                        6417895142
                    FeedType
                        _POST_PRODUCT_DATA_
                    SubmittedDate
                        2013-09-26T12:58:23Z
                    FeedProcessingStatus
                        _SUBMITTED_
            ResponseMetadata
                RequestId
                    196a3590-9e32-4a9e-8b11-15f121efd0e8
            ResponseHeaderMetadata: RequestId: 196a3590-9e32-4a9e-8b11-15f121efd0e8, ResponseContext: t4+tSmvWHnJhi4TpcktYlxr2KFEolx6PYP+V1pKttQzUXGOf/3cll+FbartgtvxOEW5rqwaQ8SNp i+gsgrTzchG6/IpOLcYS,tPkjPWNgpt5i4K002WVsJ3dQi8sJwLM2/b9aCSVtxHx4gncEQApmoEwEBzSnwuaTVVQNOyPEook=, Timestamp: 2013-09-26T12:58:23.654Z
_POST_INVENTORY_AVAILABILITY_DATA_:
<?xml version="1.0" encoding="utf-8"?>
<AmazonEnvelope xmlns:xsi="http://www.w3.org/2001/XMLSchema-instance"
  xsi:noNamespaceSchemaLocation="amzn-envelope.xsd">
  <Header>
    <DocumentVersion>1.01</DocumentVersion>
  </Header><MessageType>Inventory</MessageType><Message><MessageID>1</MessageID><OperationType>Update</OperationType><Inventory><SKU>32400</SKU><Quantity>1</Quantity><FulfillmentLatency>5</FulfillmentLatency></Inventory></Message><Message><MessageID>2</MessageID><OperationType>Update</OperationType><Inventory><SKU>32401</SKU><Quantity>1</Quantity><FulfillmentLatency>5</FulfillmentLatency></Inventory></Message></AmazonEnvelope>


Service Response
=============================================================================
        SubmitFeedResponse
            SubmitFeedResult
                FeedSubmissionInfo
                    FeedSubmissionId
                        6417895658
                    FeedType
                        _POST_INVENTORY_AVAILABILITY_DATA_
                    SubmittedDate
                        2013-09-26T12:58:34Z
                    FeedProcessingStatus
                        _SUBMITTED_
            ResponseMetadata
                RequestId
                    ebd043e4-7073-4d76-a0c0-6d64d460414f
            ResponseHeaderMetadata: RequestId: ebd043e4-7073-4d76-a0c0-6d64d460414f, ResponseContext: 9oJ7eooHN4lNptmZ6buwa/P2n2RAw2MeeGzOiBJKu3csMvv8VqiiSGkJFfdjNHkdvJDrT7iFx2m9 2ETmnqLUlD7gv7z5x+Ew,mSBejAWc5uN9NoOlV6drBn719pXVQfUzKAMVFyDgJid/D1oliUWqof5E7ChJWD1yK/Z/5vuDG88=, Timestamp: 2013-09-26T12:58:34.560Z
_POST_PRODUCT_PRICING_DATA_:
<?xml version="1.0" encoding="utf-8"?>
<AmazonEnvelope xmlns:xsi="http://www.w3.org/2001/XMLSchema-instance"
  xsi:noNamespaceSchemaLocation="amzn-envelope.xsd">
  <Header>
    <DocumentVersion>1.01</DocumentVersion>
  </Header><MessageType>Price</MessageType><Message><MessageID>1</MessageID><OperationType>Update</OperationType><Price><SKU>32400</SKU><StandardPrice currency="EUR">17.75</StandardPrice></Price></Message><Message><MessageID>2</MessageID><OperationType>Update</OperationType><Price><SKU>32401</SKU><StandardPrice currency="EUR">3.50</StandardPrice></Price></Message></AmazonEnvelope>


Service Response
=============================================================================
        SubmitFeedResponse
            SubmitFeedResult
                FeedSubmissionInfo
                    FeedSubmissionId
                        6417896542
                    FeedType
                        _POST_PRODUCT_PRICING_DATA_
                    SubmittedDate
                        2013-09-26T12:58:45Z
                    FeedProcessingStatus
                        _SUBMITTED_
            ResponseMetadata
                RequestId
                    78b6dbe9-855c-42cb-ae56-86f4c3d5bd39
            ResponseHeaderMetadata: RequestId: 78b6dbe9-855c-42cb-ae56-86f4c3d5bd39, ResponseContext: 9oJ7eooHN4lNptmZ6buwa/P2n2RAw2MeeGzOiBJKu3csMvv8VqiiSGkJFfdjNHkdvJDrT7iFx2m9 2ETmnqLUlD7gv7z5x+Ew,E7bHHC9aZ3GNfVmx0ql2IqCbWFCTRWmd7N0OC7qo/Qxtv//kgRQ6Kiayd4nFxdpNSnOM8iczLLk=, Timestamp: 2013-09-26T12:58:45.145Z
