_POST_PRODUCT_DATA_:
<?xml version="1.0" encoding="utf-8"?>
<AmazonEnvelope xmlns:xsi="http://www.w3.org/2001/XMLSchema-instance"
  xsi:noNamespaceSchemaLocation="amzn-envelope.xsd">
  <Header>
    <DocumentVersion>1.01</DocumentVersion>
  </Header><MessageType>Product</MessageType><Message><MessageID>1</MessageID><OperationType>Update</OperationType><Product><SKU>42977</SKU><StandardProductID><Type>ISBN</Type><Value>9788856615135</Value></StandardProductID><Condition><ConditionType>UsedGood</ConditionType></Condition></Product></Message><Message><MessageID>2</MessageID><OperationType>Update</OperationType><Product><SKU>42976</SKU><StandardProductID><Type>ISBN</Type><Value>9788884515292</Value></StandardProductID><Condition><ConditionType>UsedGood</ConditionType></Condition></Product></Message><Message><MessageID>3</MessageID><OperationType>Update</OperationType><Product><SKU>42975</SKU><StandardProductID><Type>ISBN</Type><Value>9788809042803</Value></StandardProductID><Condition><ConditionType>UsedGood</ConditionType></Condition></Product></Message><Message><MessageID>4</MessageID><OperationType>Update</OperationType><Product><SKU>42974</SKU><StandardProductID><Type>ISBN</Type><Value>9788807920776</Value></StandardProductID><Condition><ConditionType>UsedGood</ConditionType></Condition></Product></Message><Message><MessageID>5</MessageID><OperationType>Update</OperationType><Product><SKU>42973</SKU><StandardProductID><Type>ISBN</Type><Value>9788838432552</Value></StandardProductID><Condition><ConditionType>UsedGood</ConditionType></Condition></Product></Message><Message><MessageID>6</MessageID><OperationType>Update</OperationType><Product><SKU>42972</SKU><StandardProductID><Type>ISBN</Type><Value>9788838450259</Value></StandardProductID><Condition><ConditionType>UsedGood</ConditionType></Condition></Product></Message><Message><MessageID>7</MessageID><OperationType>Update</OperationType><Product><SKU>42970</SKU><StandardProductID><Type>ISBN</Type><Value>9788804423966</Value></StandardProductID><Condition><ConditionType>UsedGood</ConditionType></Condition></Product></Message><Message><MessageID>8</MessageID><OperationType>Update</OperationType><Product><SKU>42971</SKU><StandardProductID><Type>ISBN</Type><Value>9788838436161</Value></StandardProductID><Condition><ConditionType>UsedGood</ConditionType></Condition></Product></Message><Message><MessageID>9</MessageID><OperationType>Update</OperationType><Product><SKU>42969</SKU><StandardProductID><Type>ISBN</Type><Value>9788838437564</Value></StandardProductID><Condition><ConditionType>UsedGood</ConditionType></Condition></Product></Message><Message><MessageID>10</MessageID><OperationType>Update</OperationType><Product><SKU>42968</SKU><StandardProductID><Type>ISBN</Type><Value>9788838478826</Value></StandardProductID><Condition><ConditionType>UsedGood</ConditionType></Condition></Product></Message><Message><MessageID>11</MessageID><OperationType>Update</OperationType><Product><SKU>42966</SKU><StandardProductID><Type>ISBN</Type><Value>9788838434006</Value></StandardProductID><Condition><ConditionType>UsedGood</ConditionType></Condition></Product></Message><Message><MessageID>12</MessageID><OperationType>Update</OperationType><Product><SKU>42967</SKU><StandardProductID><Type>ISBN</Type><Value>9788838436390</Value></StandardProductID><Condition><ConditionType>UsedGood</ConditionType></Condition></Product></Message></AmazonEnvelope>


Service Response
=============================================================================
        SubmitFeedResponse
            SubmitFeedResult
                FeedSubmissionInfo
                    FeedSubmissionId
                        7374316076
                    FeedType
                        _POST_PRODUCT_DATA_
                    SubmittedDate
                        2014-01-07T20:01:13Z
                    FeedProcessingStatus
                        _SUBMITTED_
            ResponseMetadata
                RequestId
                    05711368-32bf-456a-9792-4d5d252a8be8
            ResponseHeaderMetadata: RequestId: 05711368-32bf-456a-9792-4d5d252a8be8, ResponseContext: MC50X1tnispv3puAiGuB23XH3SrjpLwoRgVw3Y/XRlog104ODwcyDthMJb7iwn3rVjw8vwgkRs0I bLURPl40Cq4uQWnYo0o4,UGKCBBQsbXUT0t0nDDUkDkyzfCaDXBUtHUBndX22T2dVdWNY20r/PbPiME+wbBBHdEK8A+e22YoF h/5VMEQXVQ==, Timestamp: 2014-01-07T20:01:11.859Z
_POST_INVENTORY_AVAILABILITY_DATA_:
<?xml version="1.0" encoding="utf-8"?>
<AmazonEnvelope xmlns:xsi="http://www.w3.org/2001/XMLSchema-instance"
  xsi:noNamespaceSchemaLocation="amzn-envelope.xsd">
  <Header>
    <DocumentVersion>1.01</DocumentVersion>
  </Header><MessageType>Inventory</MessageType><Message><MessageID>1</MessageID><OperationType>Update</OperationType><Inventory><SKU>42976</SKU><Quantity>1</Quantity><FulfillmentLatency>5</FulfillmentLatency></Inventory></Message><Message><MessageID>2</MessageID><OperationType>Update</OperationType><Inventory><SKU>42977</SKU><Quantity>1</Quantity><FulfillmentLatency>5</FulfillmentLatency></Inventory></Message><Message><MessageID>3</MessageID><OperationType>Update</OperationType><Inventory><SKU>42975</SKU><Quantity>1</Quantity><FulfillmentLatency>5</FulfillmentLatency></Inventory></Message><Message><MessageID>4</MessageID><OperationType>Update</OperationType><Inventory><SKU>42974</SKU><Quantity>1</Quantity><FulfillmentLatency>5</FulfillmentLatency></Inventory></Message><Message><MessageID>5</MessageID><OperationType>Update</OperationType><Inventory><SKU>42973</SKU><Quantity>1</Quantity><FulfillmentLatency>5</FulfillmentLatency></Inventory></Message><Message><MessageID>6</MessageID><OperationType>Update</OperationType><Inventory><SKU>42972</SKU><Quantity>1</Quantity><FulfillmentLatency>5</FulfillmentLatency></Inventory></Message><Message><MessageID>7</MessageID><OperationType>Update</OperationType><Inventory><SKU>42970</SKU><Quantity>1</Quantity><FulfillmentLatency>5</FulfillmentLatency></Inventory></Message><Message><MessageID>8</MessageID><OperationType>Update</OperationType><Inventory><SKU>42971</SKU><Quantity>1</Quantity><FulfillmentLatency>5</FulfillmentLatency></Inventory></Message><Message><MessageID>9</MessageID><OperationType>Update</OperationType><Inventory><SKU>42969</SKU><Quantity>1</Quantity><FulfillmentLatency>5</FulfillmentLatency></Inventory></Message><Message><MessageID>10</MessageID><OperationType>Update</OperationType><Inventory><SKU>42968</SKU><Quantity>1</Quantity><FulfillmentLatency>5</FulfillmentLatency></Inventory></Message><Message><MessageID>11</MessageID><OperationType>Update</OperationType><Inventory><SKU>42967</SKU><Quantity>1</Quantity><FulfillmentLatency>5</FulfillmentLatency></Inventory></Message><Message><MessageID>12</MessageID><OperationType>Update</OperationType><Inventory><SKU>42966</SKU><Quantity>1</Quantity><FulfillmentLatency>5</FulfillmentLatency></Inventory></Message></AmazonEnvelope>


Service Response
=============================================================================
        SubmitFeedResponse
            SubmitFeedResult
                FeedSubmissionInfo
                    FeedSubmissionId
                        7374316924
                    FeedType
                        _POST_INVENTORY_AVAILABILITY_DATA_
                    SubmittedDate
                        2014-01-07T20:01:19Z
                    FeedProcessingStatus
                        _SUBMITTED_
            ResponseMetadata
                RequestId
                    32cb9025-e6d0-4e9d-bf45-ab2bf5e5f50d
            ResponseHeaderMetadata: RequestId: 32cb9025-e6d0-4e9d-bf45-ab2bf5e5f50d, ResponseContext: MC50X1tnispv3puAiGuB23XH3SrjpLwoRgVw3Y/XRlog104ODwcyDthMJb7iwn3rVjw8vwgkRs0I bLURPl40Cq4uQWnYo0o4,UxQum9gubYOm6FLSRQFFK4QjohAw4rjHxwdmvtADTK5ldEFM7CPATjgHH7iDeXLNuaiLqWVO+5El LRGvm1WbdQ==, Timestamp: 2014-01-07T20:01:18.317Z
_POST_PRODUCT_PRICING_DATA_:
<?xml version="1.0" encoding="utf-8"?>
<AmazonEnvelope xmlns:xsi="http://www.w3.org/2001/XMLSchema-instance"
  xsi:noNamespaceSchemaLocation="amzn-envelope.xsd">
  <Header>
    <DocumentVersion>1.01</DocumentVersion>
  </Header><MessageType>Price</MessageType><Message><MessageID>1</MessageID><OperationType>Update</OperationType><Price><SKU>42976</SKU><StandardPrice currency="EUR">3.25</StandardPrice></Price></Message><Message><MessageID>2</MessageID><OperationType>Update</OperationType><Price><SKU>42977</SKU><StandardPrice currency="EUR">3.25</StandardPrice></Price></Message><Message><MessageID>3</MessageID><OperationType>Update</OperationType><Price><SKU>42975</SKU><StandardPrice currency="EUR">2.95</StandardPrice></Price></Message><Message><MessageID>4</MessageID><OperationType>Update</OperationType><Price><SKU>42974</SKU><StandardPrice currency="EUR">3.75</StandardPrice></Price></Message><Message><MessageID>5</MessageID><OperationType>Update</OperationType><Price><SKU>42973</SKU><StandardPrice currency="EUR">7.45</StandardPrice></Price></Message><Message><MessageID>6</MessageID><OperationType>Update</OperationType><Price><SKU>42972</SKU><StandardPrice currency="EUR">4.00</StandardPrice></Price></Message><Message><MessageID>7</MessageID><OperationType>Update</OperationType><Price><SKU>42971</SKU><StandardPrice currency="EUR">4.00</StandardPrice></Price></Message><Message><MessageID>8</MessageID><OperationType>Update</OperationType><Price><SKU>42969</SKU><StandardPrice currency="EUR">3.75</StandardPrice></Price></Message><Message><MessageID>9</MessageID><OperationType>Update</OperationType><Price><SKU>42970</SKU><StandardPrice currency="EUR">2.50</StandardPrice></Price></Message><Message><MessageID>10</MessageID><OperationType>Update</OperationType><Price><SKU>42968</SKU><StandardPrice currency="EUR">4.00</StandardPrice></Price></Message><Message><MessageID>11</MessageID><OperationType>Update</OperationType><Price><SKU>42967</SKU><StandardPrice currency="EUR">3.75</StandardPrice></Price></Message><Message><MessageID>12</MessageID><OperationType>Update</OperationType><Price><SKU>42966</SKU><StandardPrice currency="EUR">3.45</StandardPrice></Price></Message></AmazonEnvelope>


Service Response
=============================================================================
        SubmitFeedResponse
            SubmitFeedResult
                FeedSubmissionInfo
                    FeedSubmissionId
                        7374317870
                    FeedType
                        _POST_PRODUCT_PRICING_DATA_
                    SubmittedDate
                        2014-01-07T20:01:25Z
                    FeedProcessingStatus
                        _SUBMITTED_
            ResponseMetadata
                RequestId
                    e55fe056-d185-4c0a-a9e7-8e4f7ee49e66
            ResponseHeaderMetadata: RequestId: e55fe056-d185-4c0a-a9e7-8e4f7ee49e66, ResponseContext: asQaTKPDniwZ8wbqARpQc8BhAV638jISuY3f8Maz7Hx/12JjE1Mb5iy0MRZE2kHykXcHnHszW3LD rWkwPRUjKFCuE/rtlAnu,+tV47leDuq5BPx5R3ks3AYErOl/jCIGswgsoQ+YZvgS/8cgCWJEAcqMUqcrK/rBd8wIxfTZxI9HP 9/oqm8kAtw==, Timestamp: 2014-01-07T20:01:24.529Z
