_POST_PRODUCT_DATA_:
<?xml version="1.0" encoding="utf-8"?>
<AmazonEnvelope xmlns:xsi="http://www.w3.org/2001/XMLSchema-instance"
  xsi:noNamespaceSchemaLocation="amzn-envelope.xsd">
  <Header>
    <DocumentVersion>1.01</DocumentVersion>
  </Header><MessageType>Product</MessageType><Message><MessageID>1</MessageID><OperationType>Update</OperationType><Product><SKU>38416</SKU><StandardProductID><Type>ISBN</Type><Value>9788842110378</Value></StandardProductID></Product></Message></AmazonEnvelope>


Service Response
=============================================================================
        SubmitFeedResponse
            SubmitFeedResult
                FeedSubmissionInfo
                    FeedSubmissionId
                        6603128292
                    FeedType
                        _POST_PRODUCT_DATA_
                    SubmittedDate
                        2013-10-17T19:00:49Z
                    FeedProcessingStatus
                        _SUBMITTED_
            ResponseMetadata
                RequestId
                    0b3d1f49-7356-45fc-ac42-3d139d0e7a17
            ResponseHeaderMetadata: RequestId: 0b3d1f49-7356-45fc-ac42-3d139d0e7a17, ResponseContext: t4+tSmvWHnJhi4TpcktYlxr2KFEolx6PYP+V1pKttQzUXGOf/3cll+FbartgtvxOEW5rqwaQ8SNp i+gsgrTzchG6/IpOLcYS,0GHAhr1E32C6EU9WuY42K6IRdeUMFckrZ4ogg06v0QmvVkd1B8hjABkt61fSuBof4hOHyZakbtkW ZDoAmAlgUg==, Timestamp: 2013-10-17T19:00:48.979Z
_POST_INVENTORY_AVAILABILITY_DATA_:
<?xml version="1.0" encoding="utf-8"?>
<AmazonEnvelope xmlns:xsi="http://www.w3.org/2001/XMLSchema-instance"
  xsi:noNamespaceSchemaLocation="amzn-envelope.xsd">
  <Header>
    <DocumentVersion>1.01</DocumentVersion>
  </Header><MessageType>Inventory</MessageType><Message><MessageID>1</MessageID><OperationType>Update</OperationType><Inventory><SKU>38416</SKU><Quantity>1</Quantity><FulfillmentLatency>5</FulfillmentLatency></Inventory></Message></AmazonEnvelope>


Service Response
=============================================================================
        SubmitFeedResponse
            SubmitFeedResult
                FeedSubmissionInfo
                    FeedSubmissionId
                        6603130500
                    FeedType
                        _POST_INVENTORY_AVAILABILITY_DATA_
                    SubmittedDate
                        2013-10-17T19:01:09Z
                    FeedProcessingStatus
                        _SUBMITTED_
            ResponseMetadata
                RequestId
                    479f5a9c-c887-4f74-abb2-4d821ec54cbf
            ResponseHeaderMetadata: RequestId: 479f5a9c-c887-4f74-abb2-4d821ec54cbf, ResponseContext: zPjMLZvuTxkwx6aIRkO6wf8hWH+q55rjeYU5oetiIjaRR9jcr2DwTBSliNAwflcFlBVrzv4iNB43 jjVlNtkeYdbit+0tJOuP,WnJ4wg6WiDUnN4ArcYGGEg+QvWFb9ZHswlYsZVb08XugC+qf+wYW9AmINfXfIEHzFtDGE9vSw8PT YGGqJch6Vw==, Timestamp: 2013-10-17T19:01:09.635Z
_POST_PRODUCT_PRICING_DATA_:
<?xml version="1.0" encoding="utf-8"?>
<AmazonEnvelope xmlns:xsi="http://www.w3.org/2001/XMLSchema-instance"
  xsi:noNamespaceSchemaLocation="amzn-envelope.xsd">
  <Header>
    <DocumentVersion>1.01</DocumentVersion>
  </Header><MessageType>Price</MessageType><Message><MessageID>1</MessageID><OperationType>Update</OperationType><Price><SKU>38416</SKU><StandardPrice currency="EUR">35.50</StandardPrice></Price></Message></AmazonEnvelope>


Service Response
=============================================================================
        SubmitFeedResponse
            SubmitFeedResult
                FeedSubmissionInfo
                    FeedSubmissionId
                        6603131958
                    FeedType
                        _POST_PRODUCT_PRICING_DATA_
                    SubmittedDate
                        2013-10-17T19:01:30Z
                    FeedProcessingStatus
                        _SUBMITTED_
            ResponseMetadata
                RequestId
                    a5998f6a-1d22-4311-937c-55f2ffd738e9
            ResponseHeaderMetadata: RequestId: a5998f6a-1d22-4311-937c-55f2ffd738e9, ResponseContext: zPjMLZvuTxkwx6aIRkO6wf8hWH+q55rjeYU5oetiIjaRR9jcr2DwTBSliNAwflcFlBVrzv4iNB43 jjVlNtkeYdbit+0tJOuP,O4MfTRjVyX2lcJ1Npb8L+UzqE+nERqfB4PAHsOPMHbido7Dhu4qTuevXJwfzbCLv3wFtKq4dvbcD ieIgaTwEMA==, Timestamp: 2013-10-17T19:01:30.276Z
