_POST_PRODUCT_DATA_:
<?xml version="1.0" encoding="utf-8"?>
<AmazonEnvelope xmlns:xsi="http://www.w3.org/2001/XMLSchema-instance"
  xsi:noNamespaceSchemaLocation="amzn-envelope.xsd">
  <Header>
    <DocumentVersion>1.01</DocumentVersion>
  </Header><MessageType>Product</MessageType><Message><MessageID>1</MessageID><OperationType>Update</OperationType><Product><SKU>33289</SKU><StandardProductID><Type>ISBN</Type><Value>9781121584198</Value></StandardProductID><Condition><ConditionType>UsedAcceptable</ConditionType></Condition></Product></Message></AmazonEnvelope>


Service Response
=============================================================================
        SubmitFeedResponse
            SubmitFeedResult
                FeedSubmissionInfo
                    FeedSubmissionId
                        6492270378
                    FeedType
                        _POST_PRODUCT_DATA_
                    SubmittedDate
                        2013-10-05T10:01:09Z
                    FeedProcessingStatus
                        _SUBMITTED_
            ResponseMetadata
                RequestId
                    3caeed63-d94d-4523-8b27-413f85985d03
            ResponseHeaderMetadata: RequestId: 3caeed63-d94d-4523-8b27-413f85985d03, ResponseContext: u6CoDEpY0BHHoa5c+6bf+ztAeCx5Tp+FJSQ5bPfiNzOG2ptGqXXSJRDD3rn59DPM6CNwqc5bV7y2 +A74Kcq1R7M9ddxgGa9J,/A+KHA04DJxpN3E1BF7jCL+XIVp0LIf1F6hNIeVV5pFs79Zw0W4+AVJesmnHkKT6E/z0OF+n23e0 ldUuuJIMNQ==, Timestamp: 2013-10-05T10:01:09.583Z
_POST_INVENTORY_AVAILABILITY_DATA_:
<?xml version="1.0" encoding="utf-8"?>
<AmazonEnvelope xmlns:xsi="http://www.w3.org/2001/XMLSchema-instance"
  xsi:noNamespaceSchemaLocation="amzn-envelope.xsd">
  <Header>
    <DocumentVersion>1.01</DocumentVersion>
  </Header><MessageType>Inventory</MessageType><Message><MessageID>1</MessageID><OperationType>Update</OperationType><Inventory><SKU>33289</SKU><Quantity>1</Quantity><FulfillmentLatency>5</FulfillmentLatency></Inventory></Message></AmazonEnvelope>


Service Response
=============================================================================
        SubmitFeedResponse
            SubmitFeedResult
                FeedSubmissionInfo
                    FeedSubmissionId
                        6492271204
                    FeedType
                        _POST_INVENTORY_AVAILABILITY_DATA_
                    SubmittedDate
                        2013-10-05T10:01:20Z
                    FeedProcessingStatus
                        _SUBMITTED_
            ResponseMetadata
                RequestId
                    f6cf4688-99d6-4e06-a792-d3f88ef9137a
            ResponseHeaderMetadata: RequestId: f6cf4688-99d6-4e06-a792-d3f88ef9137a, ResponseContext: hD/2fMZBtJMTOR5jfrSvUemVttP1eb/hhGO3h9JVmXrrtiM0h1AlROEbupKeoz7P2Nf2lcCsCpz7 V59r7ydnYUVRjrDKNIgx,9KXOGLpNgLilHc91NwewyP15DHuwMYBzjhGH1KdVJXXFBbJUx5F+SbqIulEkymNUP4RZOiEzWH41 Yu7YGqYxPg==, Timestamp: 2013-10-05T10:01:20.198Z
_POST_PRODUCT_PRICING_DATA_:
<?xml version="1.0" encoding="utf-8"?>
<AmazonEnvelope xmlns:xsi="http://www.w3.org/2001/XMLSchema-instance"
  xsi:noNamespaceSchemaLocation="amzn-envelope.xsd">
  <Header>
    <DocumentVersion>1.01</DocumentVersion>
  </Header><MessageType>Price</MessageType><Message><MessageID>1</MessageID><OperationType>Update</OperationType><Price><SKU>33289</SKU><StandardPrice currency="EUR">19.00</StandardPrice></Price></Message></AmazonEnvelope>


Service Response
=============================================================================
        SubmitFeedResponse
            SubmitFeedResult
                FeedSubmissionInfo
                    FeedSubmissionId
                        6492273372
                    FeedType
                        _POST_PRODUCT_PRICING_DATA_
                    SubmittedDate
                        2013-10-05T10:01:30Z
                    FeedProcessingStatus
                        _SUBMITTED_
            ResponseMetadata
                RequestId
                    23441307-36f5-43d4-9d0c-2c00734a75a4
            ResponseHeaderMetadata: RequestId: 23441307-36f5-43d4-9d0c-2c00734a75a4, ResponseContext: u6CoDEpY0BHHoa5c+6bf+ztAeCx5Tp+FJSQ5bPfiNzOG2ptGqXXSJRDD3rn59DPM6CNwqc5bV7y2 +A74Kcq1R7M9ddxgGa9J,UbQ4T3rUMVZXLavhqYYGO5WHCTID7K88ugDhbRzegICwpZq0jQYvm6eirilCS+rXd4TPAQwWoQmN qHXVjYH5UA==, Timestamp: 2013-10-05T10:01:30.744Z
