_POST_PRODUCT_DATA_:
<?xml version="1.0" encoding="utf-8"?>
<AmazonEnvelope xmlns:xsi="http://www.w3.org/2001/XMLSchema-instance"
  xsi:noNamespaceSchemaLocation="amzn-envelope.xsd">
  <Header>
    <DocumentVersion>1.01</DocumentVersion>
  </Header><MessageType>Product</MessageType><Message><MessageID>1</MessageID><OperationType>Update</OperationType><Product><SKU>38077</SKU><StandardProductID><Type>ISBN</Type><Value>9788884880222</Value></StandardProductID></Product></Message><Message><MessageID>2</MessageID><OperationType>Update</OperationType><Product><SKU>38078</SKU><StandardProductID><Type>ISBN</Type><Value>9788880424727</Value></StandardProductID></Product></Message><Message><MessageID>3</MessageID><OperationType>Update</OperationType><Product><SKU>38079</SKU><StandardProductID><Type>ISBN</Type><Value>9788808113030</Value></StandardProductID></Product></Message><Message><MessageID>4</MessageID><OperationType>Update</OperationType><Product><SKU>38080</SKU><StandardProductID><Type>ISBN</Type><Value>9788841642870</Value></StandardProductID></Product></Message><Message><MessageID>5</MessageID><OperationType>Update</OperationType><Product><SKU>38081</SKU><StandardProductID><Type>ISBN</Type><Value>9788822176479</Value></StandardProductID></Product></Message><Message><MessageID>6</MessageID><OperationType>Update</OperationType><Product><SKU>38084</SKU><StandardProductID><Type>ISBN</Type><Value>9788834833483</Value></StandardProductID><Condition><ConditionType>UsedAcceptable</ConditionType></Condition></Product></Message><Message><MessageID>7</MessageID><OperationType>Update</OperationType><Product><SKU>38085</SKU><StandardProductID><Type>ISBN</Type><Value>9788834885413</Value></StandardProductID><Condition><ConditionType>UsedAcceptable</ConditionType></Condition></Product></Message></AmazonEnvelope>


Service Response
=============================================================================
        SubmitFeedResponse
            SubmitFeedResult
                FeedSubmissionInfo
                    FeedSubmissionId
                        6556583702
                    FeedType
                        _POST_PRODUCT_DATA_
                    SubmittedDate
                        2013-10-12T10:00:58Z
                    FeedProcessingStatus
                        _SUBMITTED_
            ResponseMetadata
                RequestId
                    82769675-746b-4319-a83c-582cbd7fcb08
            ResponseHeaderMetadata: RequestId: 82769675-746b-4319-a83c-582cbd7fcb08, ResponseContext: u6CoDEpY0BHHoa5c+6bf+ztAeCx5Tp+FJSQ5bPfiNzOG2ptGqXXSJRDD3rn59DPM6CNwqc5bV7y2 +A74Kcq1R7M9ddxgGa9J,q3EFrBCh6aqg2GtmsfPWKbz1rNhrprf1k66wrmTwakiI0vwNBvbvBT8sHFOcqtYWPHZ4Gz2lvS2v azjh0x4a8w==, Timestamp: 2013-10-12T10:00:58.025Z
_POST_INVENTORY_AVAILABILITY_DATA_:
<?xml version="1.0" encoding="utf-8"?>
<AmazonEnvelope xmlns:xsi="http://www.w3.org/2001/XMLSchema-instance"
  xsi:noNamespaceSchemaLocation="amzn-envelope.xsd">
  <Header>
    <DocumentVersion>1.01</DocumentVersion>
  </Header><MessageType>Inventory</MessageType><Message><MessageID>1</MessageID><OperationType>Update</OperationType><Inventory><SKU>38077</SKU><Quantity>1</Quantity><FulfillmentLatency>5</FulfillmentLatency></Inventory></Message><Message><MessageID>2</MessageID><OperationType>Update</OperationType><Inventory><SKU>38078</SKU><Quantity>1</Quantity><FulfillmentLatency>5</FulfillmentLatency></Inventory></Message><Message><MessageID>3</MessageID><OperationType>Update</OperationType><Inventory><SKU>38079</SKU><Quantity>1</Quantity><FulfillmentLatency>5</FulfillmentLatency></Inventory></Message><Message><MessageID>4</MessageID><OperationType>Update</OperationType><Inventory><SKU>38080</SKU><Quantity>1</Quantity><FulfillmentLatency>5</FulfillmentLatency></Inventory></Message><Message><MessageID>5</MessageID><OperationType>Update</OperationType><Inventory><SKU>38081</SKU><Quantity>1</Quantity><FulfillmentLatency>5</FulfillmentLatency></Inventory></Message><Message><MessageID>6</MessageID><OperationType>Update</OperationType><Inventory><SKU>38084</SKU><Quantity>1</Quantity><FulfillmentLatency>5</FulfillmentLatency></Inventory></Message><Message><MessageID>7</MessageID><OperationType>Update</OperationType><Inventory><SKU>38085</SKU><Quantity>1</Quantity><FulfillmentLatency>5</FulfillmentLatency></Inventory></Message></AmazonEnvelope>


Service Response
=============================================================================
        SubmitFeedResponse
            SubmitFeedResult
                FeedSubmissionInfo
                    FeedSubmissionId
                        6556585884
                    FeedType
                        _POST_INVENTORY_AVAILABILITY_DATA_
                    SubmittedDate
                        2013-10-12T10:01:08Z
                    FeedProcessingStatus
                        _SUBMITTED_
            ResponseMetadata
                RequestId
                    f01c753a-e180-4bab-95d5-8fb952b73ad1
            ResponseHeaderMetadata: RequestId: f01c753a-e180-4bab-95d5-8fb952b73ad1, ResponseContext: m/uRHkmAhVB9IU6Ploz/qTigx0ol42eGxHjrQx0smKdS/l8m4W3vRqV9fcqUZKsPUES/1xixVIui QE+4B1TWxSX3p8aCeHzl,0GEPIiHQOYfvYI/dSPxJ+3x7aaPx2mrkvUS+WIE+90A6JHIIhGzDjwfZxj7HdtBK8Hv+79XZduvw 1aNtfx/DrQ==, Timestamp: 2013-10-12T10:01:08.885Z
_POST_PRODUCT_PRICING_DATA_:
<?xml version="1.0" encoding="utf-8"?>
<AmazonEnvelope xmlns:xsi="http://www.w3.org/2001/XMLSchema-instance"
  xsi:noNamespaceSchemaLocation="amzn-envelope.xsd">
  <Header>
    <DocumentVersion>1.01</DocumentVersion>
  </Header><MessageType>Price</MessageType><Message><MessageID>1</MessageID><OperationType>Update</OperationType><Price><SKU>38077</SKU><StandardPrice currency="EUR">23.50</StandardPrice></Price></Message><Message><MessageID>2</MessageID><OperationType>Update</OperationType><Price><SKU>38078</SKU><StandardPrice currency="EUR">17.10</StandardPrice></Price></Message><Message><MessageID>3</MessageID><OperationType>Update</OperationType><Price><SKU>38079</SKU><StandardPrice currency="EUR">21.60</StandardPrice></Price></Message><Message><MessageID>4</MessageID><OperationType>Update</OperationType><Price><SKU>38080</SKU><StandardPrice currency="EUR">10.30</StandardPrice></Price></Message><Message><MessageID>5</MessageID><OperationType>Update</OperationType><Price><SKU>38081</SKU><StandardPrice currency="EUR">27.70</StandardPrice></Price></Message><Message><MessageID>6</MessageID><OperationType>Update</OperationType><Price><SKU>38084</SKU><StandardPrice currency="EUR">8.00</StandardPrice></Price></Message><Message><MessageID>7</MessageID><OperationType>Update</OperationType><Price><SKU>38085</SKU><StandardPrice currency="EUR">5.50</StandardPrice></Price></Message></AmazonEnvelope>


Service Response
=============================================================================
        SubmitFeedResponse
            SubmitFeedResult
                FeedSubmissionInfo
                    FeedSubmissionId
                        6556586858
                    FeedType
                        _POST_PRODUCT_PRICING_DATA_
                    SubmittedDate
                        2013-10-12T10:01:19Z
                    FeedProcessingStatus
                        _SUBMITTED_
            ResponseMetadata
                RequestId
                    c5804b62-3158-45bb-a3eb-e6ce9ef7fd6c
            ResponseHeaderMetadata: RequestId: c5804b62-3158-45bb-a3eb-e6ce9ef7fd6c, ResponseContext: 9oJ7eooHN4lNptmZ6buwa/P2n2RAw2MeeGzOiBJKu3csMvv8VqiiSGkJFfdjNHkdvJDrT7iFx2m9 2ETmnqLUlD7gv7z5x+Ew,lcwZfFa/0Q7x4Syq7nyb8UkV/YycHdv4X6Qcjd2ElRcl1BN/nZ66/Yx2DLvKlB3+9DvOd9RqrhQK vGtKe5uM4Q==, Timestamp: 2013-10-12T10:01:19.577Z
