_POST_PRODUCT_DATA_:
<?xml version="1.0" encoding="utf-8"?>
<AmazonEnvelope xmlns:xsi="http://www.w3.org/2001/XMLSchema-instance"
  xsi:noNamespaceSchemaLocation="amzn-envelope.xsd">
  <Header>
    <DocumentVersion>1.01</DocumentVersion>
  </Header><MessageType>Product</MessageType><Message><MessageID>1</MessageID><OperationType>Update</OperationType><Product><SKU>39127</SKU><StandardProductID><Type>ISBN</Type><Value>9788809763425</Value></StandardProductID><Condition><ConditionType>UsedAcceptable</ConditionType></Condition></Product></Message></AmazonEnvelope>


Service Response
=============================================================================
        SubmitFeedResponse
            SubmitFeedResult
                FeedSubmissionInfo
                    FeedSubmissionId
                        6674481956
                    FeedType
                        _POST_PRODUCT_DATA_
                    SubmittedDate
                        2013-10-25T19:03:06Z
                    FeedProcessingStatus
                        _SUBMITTED_
            ResponseMetadata
                RequestId
                    23638d10-e286-499d-baf5-b1224bf0f5ed
            ResponseHeaderMetadata: RequestId: 23638d10-e286-499d-baf5-b1224bf0f5ed, ResponseContext: W5lZprL2ejHrX1wm8kd0R7laSuu8SN9JOUMmuvFoRWWmqr4dLlGxrRdhLNaYuc7WzPr0vTPYP+YK D7wMgQzBCdlNrdgNGL1D,ccSan6hI2RI4WMrJWXNlhfZAngqQvYlTPsSuOe1YIRHZU5Bsu9Fku+FnwTzgORKG4wIHGoSnX9sd Vj8QFgACaQ==, Timestamp: 2013-10-25T19:03:06.402Z
_POST_INVENTORY_AVAILABILITY_DATA_:
<?xml version="1.0" encoding="utf-8"?>
<AmazonEnvelope xmlns:xsi="http://www.w3.org/2001/XMLSchema-instance"
  xsi:noNamespaceSchemaLocation="amzn-envelope.xsd">
  <Header>
    <DocumentVersion>1.01</DocumentVersion>
  </Header><MessageType>Inventory</MessageType><Message><MessageID>1</MessageID><OperationType>Update</OperationType><Inventory><SKU>39127</SKU><Quantity>1</Quantity><FulfillmentLatency>5</FulfillmentLatency></Inventory></Message></AmazonEnvelope>


Service Response
=============================================================================
        SubmitFeedResponse
            SubmitFeedResult
                FeedSubmissionInfo
                    FeedSubmissionId
                        6674483548
                    FeedType
                        _POST_INVENTORY_AVAILABILITY_DATA_
                    SubmittedDate
                        2013-10-25T19:03:17Z
                    FeedProcessingStatus
                        _SUBMITTED_
            ResponseMetadata
                RequestId
                    ac2bcdcc-7851-4ffa-8c89-a03f20b8d87b
            ResponseHeaderMetadata: RequestId: ac2bcdcc-7851-4ffa-8c89-a03f20b8d87b, ResponseContext: MQiob7CNsS4FRUvfHkU1pPDTFqDk7db1ngQ0IgYlurJtQkLSmgCqH0QIxKV+Pt1OdLCoPcYIiL6P EY5RCDTqKUjPiKT0Opx+,3CF/ILYa7VYNbDtWX8IJro0n7KHiEwESQEJ/3YVt+xS2urncvGagkIMpwvtwPZG3niTYrvoVaaQk k4J/yDMCdg==, Timestamp: 2013-10-25T19:03:17.126Z
_POST_PRODUCT_PRICING_DATA_:
<?xml version="1.0" encoding="utf-8"?>
<AmazonEnvelope xmlns:xsi="http://www.w3.org/2001/XMLSchema-instance"
  xsi:noNamespaceSchemaLocation="amzn-envelope.xsd">
  <Header>
    <DocumentVersion>1.01</DocumentVersion>
  </Header><MessageType>Price</MessageType><Message><MessageID>1</MessageID><OperationType>Update</OperationType><Price><SKU>39127</SKU><StandardPrice currency="EUR">17.94</StandardPrice></Price></Message></AmazonEnvelope>


Service Response
=============================================================================
        SubmitFeedResponse
            SubmitFeedResult
                FeedSubmissionInfo
                    FeedSubmissionId
                        6674484120
                    FeedType
                        _POST_PRODUCT_PRICING_DATA_
                    SubmittedDate
                        2013-10-25T19:03:27Z
                    FeedProcessingStatus
                        _SUBMITTED_
            ResponseMetadata
                RequestId
                    fb45f508-6544-45e6-a8db-72886baeb609
            ResponseHeaderMetadata: RequestId: fb45f508-6544-45e6-a8db-72886baeb609, ResponseContext: wTeNctiT/Dof+hGMfRt5Cqvt8MYCarwSv6tXAcl1JEFQEYFY5s5fDiilR4tjtqblG28oDuELWPC6 xfdEtlJbtBjUS0V5zVlZ,1Ump8Bsun10Y3HYyB03p7nAvgvNDJ3zI3N3+vsQ8tgr0sdQd8jcYylyRsw3wMzip1NSzgiMUnYqU I4cjFgH1nA==, Timestamp: 2013-10-25T19:03:27.835Z
