_POST_PRODUCT_DATA_:
<?xml version="1.0" encoding="utf-8"?>
<AmazonEnvelope xmlns:xsi="http://www.w3.org/2001/XMLSchema-instance"
  xsi:noNamespaceSchemaLocation="amzn-envelope.xsd">
  <Header>
    <DocumentVersion>1.01</DocumentVersion>
  </Header><MessageType>Product</MessageType><Message><MessageID>1</MessageID><OperationType>Update</OperationType><Product><SKU>37896</SKU><StandardProductID><Type>ISBN</Type><Value>9788820347611</Value></StandardProductID></Product></Message><Message><MessageID>2</MessageID><OperationType>Update</OperationType><Product><SKU>37897</SKU><StandardProductID><Type>ISBN</Type><Value>9788850328031</Value></StandardProductID><Condition><ConditionType>UsedGood</ConditionType></Condition></Product></Message></AmazonEnvelope>


Service Response
=============================================================================
        SubmitFeedResponse
            SubmitFeedResult
                FeedSubmissionInfo
                    FeedSubmissionId
                        6531602192
                    FeedType
                        _POST_PRODUCT_DATA_
                    SubmittedDate
                        2013-10-09T16:01:02Z
                    FeedProcessingStatus
                        _SUBMITTED_
            ResponseMetadata
                RequestId
                    6ae21faa-d1a8-4f20-ae28-6e61cf890019
            ResponseHeaderMetadata: RequestId: 6ae21faa-d1a8-4f20-ae28-6e61cf890019, ResponseContext: zPjMLZvuTxkwx6aIRkO6wf8hWH+q55rjeYU5oetiIjaRR9jcr2DwTBSliNAwflcFlBVrzv4iNB43 jjVlNtkeYdbit+0tJOuP,rGhybFRzIWXb1ram0xm1KV/PUa7hQtAPr9gW9xLejTQd4V0dyj9A7bCPJTKt3f/Sac5BXpyRQb64 D2jiQb7CyA==, Timestamp: 2013-10-09T16:01:02.834Z
_POST_INVENTORY_AVAILABILITY_DATA_:
<?xml version="1.0" encoding="utf-8"?>
<AmazonEnvelope xmlns:xsi="http://www.w3.org/2001/XMLSchema-instance"
  xsi:noNamespaceSchemaLocation="amzn-envelope.xsd">
  <Header>
    <DocumentVersion>1.01</DocumentVersion>
  </Header><MessageType>Inventory</MessageType><Message><MessageID>1</MessageID><OperationType>Update</OperationType><Inventory><SKU>37896</SKU><Quantity>1</Quantity><FulfillmentLatency>5</FulfillmentLatency></Inventory></Message><Message><MessageID>2</MessageID><OperationType>Update</OperationType><Inventory><SKU>37897</SKU><Quantity>1</Quantity><FulfillmentLatency>5</FulfillmentLatency></Inventory></Message></AmazonEnvelope>


Service Response
=============================================================================
        SubmitFeedResponse
            SubmitFeedResult
                FeedSubmissionInfo
                    FeedSubmissionId
                        6531603382
                    FeedType
                        _POST_INVENTORY_AVAILABILITY_DATA_
                    SubmittedDate
                        2013-10-09T16:01:13Z
                    FeedProcessingStatus
                        _SUBMITTED_
            ResponseMetadata
                RequestId
                    77e4c3f2-e598-48bd-98fb-8de8cddfcaa6
            ResponseHeaderMetadata: RequestId: 77e4c3f2-e598-48bd-98fb-8de8cddfcaa6, ResponseContext: zPjMLZvuTxkwx6aIRkO6wf8hWH+q55rjeYU5oetiIjaRR9jcr2DwTBSliNAwflcFlBVrzv4iNB43 jjVlNtkeYdbit+0tJOuP,U+UfMum9uwZM31fEvrWBprGF3rgYcnEfGrXk51mseNH9D5MUOfB6mh0JPQvM+nGK9WQX6FBwcuE4 V321yNk9cA==, Timestamp: 2013-10-09T16:01:13.706Z
_POST_PRODUCT_PRICING_DATA_:
<?xml version="1.0" encoding="utf-8"?>
<AmazonEnvelope xmlns:xsi="http://www.w3.org/2001/XMLSchema-instance"
  xsi:noNamespaceSchemaLocation="amzn-envelope.xsd">
  <Header>
    <DocumentVersion>1.01</DocumentVersion>
  </Header><MessageType>Price</MessageType><Message><MessageID>1</MessageID><OperationType>Update</OperationType><Price><SKU>37896</SKU><StandardPrice currency="EUR">13.50</StandardPrice></Price></Message><Message><MessageID>2</MessageID><OperationType>Update</OperationType><Price><SKU>37897</SKU><StandardPrice currency="EUR">21.00</StandardPrice></Price></Message></AmazonEnvelope>


Service Response
=============================================================================
        SubmitFeedResponse
            SubmitFeedResult
                FeedSubmissionInfo
                    FeedSubmissionId
                        6531605166
                    FeedType
                        _POST_PRODUCT_PRICING_DATA_
                    SubmittedDate
                        2013-10-09T16:01:24Z
                    FeedProcessingStatus
                        _SUBMITTED_
            ResponseMetadata
                RequestId
                    6c5973ff-57d1-434f-b6f0-d0159c2fc797
            ResponseHeaderMetadata: RequestId: 6c5973ff-57d1-434f-b6f0-d0159c2fc797, ResponseContext: MQiob7CNsS4FRUvfHkU1pPDTFqDk7db1ngQ0IgYlurJtQkLSmgCqH0QIxKV+Pt1OdLCoPcYIiL6P EY5RCDTqKUjPiKT0Opx+,xICEzBTkBwqrvkarOScbQFe5eyVmdQndoFwx1ZsrUA3puxCStFPayOnMz9fDUFLGNUpzYtkqt1lC IY8676Nz+g==, Timestamp: 2013-10-09T16:01:24.312Z
