_POST_INVENTORY_AVAILABILITY_DATA_:
<?xml version="1.0" encoding="utf-8"?>
<AmazonEnvelope xmlns:xsi="http://www.w3.org/2001/XMLSchema-instance"
  xsi:noNamespaceSchemaLocation="amzn-envelope.xsd">
  <Header>
    <DocumentVersion>1.01</DocumentVersion>
  </Header><MessageType>Inventory</MessageType><Message><MessageID>1</MessageID><OperationType>Update</OperationType><Inventory><SKU>34153</SKU><Quantity>0</Quantity><FulfillmentLatency>5</FulfillmentLatency></Inventory></Message><Message><MessageID>2</MessageID><OperationType>Update</OperationType><Inventory><SKU>30215</SKU><Quantity>0</Quantity><FulfillmentLatency>5</FulfillmentLatency></Inventory></Message><Message><MessageID>3</MessageID><OperationType>Update</OperationType><Inventory><SKU>5320</SKU><Quantity>0</Quantity><FulfillmentLatency>5</FulfillmentLatency></Inventory></Message><Message><MessageID>4</MessageID><OperationType>Update</OperationType><Inventory><SKU>33096</SKU><Quantity>0</Quantity><FulfillmentLatency>5</FulfillmentLatency></Inventory></Message><Message><MessageID>5</MessageID><OperationType>Update</OperationType><Inventory><SKU>15197</SKU><Quantity>0</Quantity><FulfillmentLatency>5</FulfillmentLatency></Inventory></Message><Message><MessageID>6</MessageID><OperationType>Update</OperationType><Inventory><SKU>37075</SKU><Quantity>0</Quantity><FulfillmentLatency>5</FulfillmentLatency></Inventory></Message><Message><MessageID>7</MessageID><OperationType>Update</OperationType><Inventory><SKU>1591</SKU><Quantity>0</Quantity><FulfillmentLatency>5</FulfillmentLatency></Inventory></Message><Message><MessageID>8</MessageID><OperationType>Update</OperationType><Inventory><SKU>40138</SKU><Quantity>0</Quantity><FulfillmentLatency>5</FulfillmentLatency></Inventory></Message><Message><MessageID>9</MessageID><OperationType>Update</OperationType><Inventory><SKU>12411</SKU><Quantity>0</Quantity><FulfillmentLatency>5</FulfillmentLatency></Inventory></Message><Message><MessageID>10</MessageID><OperationType>Update</OperationType><Inventory><SKU>36942</SKU><Quantity>0</Quantity><FulfillmentLatency>5</FulfillmentLatency></Inventory></Message><Message><MessageID>11</MessageID><OperationType>Update</OperationType><Inventory><SKU>14286</SKU><Quantity>0</Quantity><FulfillmentLatency>5</FulfillmentLatency></Inventory></Message><Message><MessageID>12</MessageID><OperationType>Update</OperationType><Inventory><SKU>1280</SKU><Quantity>0</Quantity><FulfillmentLatency>5</FulfillmentLatency></Inventory></Message><Message><MessageID>13</MessageID><OperationType>Update</OperationType><Inventory><SKU>22247</SKU><Quantity>0</Quantity><FulfillmentLatency>5</FulfillmentLatency></Inventory></Message><Message><MessageID>14</MessageID><OperationType>Update</OperationType><Inventory><SKU>33445</SKU><Quantity>0</Quantity><FulfillmentLatency>5</FulfillmentLatency></Inventory></Message><Message><MessageID>15</MessageID><OperationType>Update</OperationType><Inventory><SKU>42940</SKU><Quantity>0</Quantity><FulfillmentLatency>5</FulfillmentLatency></Inventory></Message><Message><MessageID>16</MessageID><OperationType>Update</OperationType><Inventory><SKU>42941</SKU><Quantity>0</Quantity><FulfillmentLatency>5</FulfillmentLatency></Inventory></Message><Message><MessageID>17</MessageID><OperationType>Update</OperationType><Inventory><SKU>42946</SKU><Quantity>0</Quantity><FulfillmentLatency>5</FulfillmentLatency></Inventory></Message><Message><MessageID>18</MessageID><OperationType>Update</OperationType><Inventory><SKU>12307</SKU><Quantity>0</Quantity><FulfillmentLatency>5</FulfillmentLatency></Inventory></Message><Message><MessageID>19</MessageID><OperationType>Update</OperationType><Inventory><SKU>34223</SKU><Quantity>0</Quantity><FulfillmentLatency>5</FulfillmentLatency></Inventory></Message><Message><MessageID>20</MessageID><OperationType>Update</OperationType><Inventory><SKU>33007</SKU><Quantity>0</Quantity><FulfillmentLatency>5</FulfillmentLatency></Inventory></Message><Message><MessageID>21</MessageID><OperationType>Update</OperationType><Inventory><SKU>33005</SKU><Quantity>0</Quantity><FulfillmentLatency>5</FulfillmentLatency></Inventory></Message><Message><MessageID>22</MessageID><OperationType>Update</OperationType><Inventory><SKU>32126</SKU><Quantity>0</Quantity><FulfillmentLatency>5</FulfillmentLatency></Inventory></Message><Message><MessageID>23</MessageID><OperationType>Update</OperationType><Inventory><SKU>40826</SKU><Quantity>0</Quantity><FulfillmentLatency>5</FulfillmentLatency></Inventory></Message></AmazonEnvelope>


Service Response
=============================================================================
        SubmitFeedResponse
            SubmitFeedResult
                FeedSubmissionInfo
                    FeedSubmissionId
                        7355219982
                    FeedType
                        _POST_INVENTORY_AVAILABILITY_DATA_
                    SubmittedDate
                        2014-01-05T23:01:15Z
                    FeedProcessingStatus
                        _SUBMITTED_
            ResponseMetadata
                RequestId
                    1a8d5137-a052-483c-9425-2d4a7de001a4
            ResponseHeaderMetadata: RequestId: 1a8d5137-a052-483c-9425-2d4a7de001a4, ResponseContext: dyo1VEinMC657VvUsEg9nETbnYa+ALWP+HCVNRLjYy3p86D8Ad8guF4wYyuxu1xkymh2Sksnp6Jt s7Fr/D30a2qxRyXy8e6l,OC+PtRrVBjAaNe9AoPZ0JfdVVEmUTXIwB9FRL9KpyIhP6VV6orlsAjf5//n6FQGHyTpe7wO3WfF9 VasxGijDnQ==, Timestamp: 2014-01-05T23:01:13.925Z
