_POST_PRODUCT_DATA_:
<?xml version="1.0" encoding="utf-8"?>
<AmazonEnvelope xmlns:xsi="http://www.w3.org/2001/XMLSchema-instance"
  xsi:noNamespaceSchemaLocation="amzn-envelope.xsd">
  <Header>
    <DocumentVersion>1.01</DocumentVersion>
  </Header><MessageType>Product</MessageType><Message><MessageID>1</MessageID><OperationType>Update</OperationType><Product><SKU>32765</SKU><StandardProductID><Type>ISBN</Type><Value>9788841848647</Value></StandardProductID><Condition><ConditionType>UsedGood</ConditionType></Condition></Product></Message><Message><MessageID>2</MessageID><OperationType>Update</OperationType><Product><SKU>32766</SKU><StandardProductID><Type>ISBN</Type><Value>9788841514054</Value></StandardProductID><Condition><ConditionType>UsedGood</ConditionType></Condition></Product></Message></AmazonEnvelope>


Service Response
=============================================================================
        SubmitFeedResponse
            SubmitFeedResult
                FeedSubmissionInfo
                    FeedSubmissionId
                        6469739802
                    FeedType
                        _POST_PRODUCT_DATA_
                    SubmittedDate
                        2013-10-02T19:01:12Z
                    FeedProcessingStatus
                        _SUBMITTED_
            ResponseMetadata
                RequestId
                    5bb0409e-9407-48fc-b4d9-6a36921c38d9
            ResponseHeaderMetadata: RequestId: 5bb0409e-9407-48fc-b4d9-6a36921c38d9, ResponseContext: u6CoDEpY0BHHoa5c+6bf+ztAeCx5Tp+FJSQ5bPfiNzOG2ptGqXXSJRDD3rn59DPM6CNwqc5bV7y2 +A74Kcq1R7M9ddxgGa9J,6cWDLK3Cnr3aZ1q2CSxYEXVAayW9deDRcyXTaNYzVwd1sWGhWANDszi4chpEw2FqrqQXy829qRk=, Timestamp: 2013-10-02T19:01:12.208Z
_POST_INVENTORY_AVAILABILITY_DATA_:
<?xml version="1.0" encoding="utf-8"?>
<AmazonEnvelope xmlns:xsi="http://www.w3.org/2001/XMLSchema-instance"
  xsi:noNamespaceSchemaLocation="amzn-envelope.xsd">
  <Header>
    <DocumentVersion>1.01</DocumentVersion>
  </Header><MessageType>Inventory</MessageType><Message><MessageID>1</MessageID><OperationType>Update</OperationType><Inventory><SKU>32765</SKU><Quantity>1</Quantity><FulfillmentLatency>5</FulfillmentLatency></Inventory></Message><Message><MessageID>2</MessageID><OperationType>Update</OperationType><Inventory><SKU>32766</SKU><Quantity>1</Quantity><FulfillmentLatency>5</FulfillmentLatency></Inventory></Message></AmazonEnvelope>


Service Response
=============================================================================
        SubmitFeedResponse
            SubmitFeedResult
                FeedSubmissionInfo
                    FeedSubmissionId
                        6469741742
                    FeedType
                        _POST_INVENTORY_AVAILABILITY_DATA_
                    SubmittedDate
                        2013-10-02T19:01:22Z
                    FeedProcessingStatus
                        _SUBMITTED_
            ResponseMetadata
                RequestId
                    ef55b34b-e00c-4211-a505-9ae190cb23ae
            ResponseHeaderMetadata: RequestId: ef55b34b-e00c-4211-a505-9ae190cb23ae, ResponseContext: u6CoDEpY0BHHoa5c+6bf+ztAeCx5Tp+FJSQ5bPfiNzOG2ptGqXXSJRDD3rn59DPM6CNwqc5bV7y2 +A74Kcq1R7M9ddxgGa9J,ANI1NYVO0p/2UuGMNzNYY/vTp9uXJIWDvWJVrzHnh4Tggt/TvTntnz4bggRhi1b8oiSlaAYAW9o=, Timestamp: 2013-10-02T19:01:22.942Z
_POST_PRODUCT_PRICING_DATA_:
<?xml version="1.0" encoding="utf-8"?>
<AmazonEnvelope xmlns:xsi="http://www.w3.org/2001/XMLSchema-instance"
  xsi:noNamespaceSchemaLocation="amzn-envelope.xsd">
  <Header>
    <DocumentVersion>1.01</DocumentVersion>
  </Header><MessageType>Price</MessageType><Message><MessageID>1</MessageID><OperationType>Update</OperationType><Price><SKU>32765</SKU><StandardPrice currency="EUR">3.45</StandardPrice></Price></Message><Message><MessageID>2</MessageID><OperationType>Update</OperationType><Price><SKU>32766</SKU><StandardPrice currency="EUR">3.00</StandardPrice></Price></Message></AmazonEnvelope>


Service Response
=============================================================================
        SubmitFeedResponse
            SubmitFeedResult
                FeedSubmissionInfo
                    FeedSubmissionId
                        6469742700
                    FeedType
                        _POST_PRODUCT_PRICING_DATA_
                    SubmittedDate
                        2013-10-02T19:01:33Z
                    FeedProcessingStatus
                        _SUBMITTED_
            ResponseMetadata
                RequestId
                    bd809916-067c-40f1-99bb-3168ec62638b
            ResponseHeaderMetadata: RequestId: bd809916-067c-40f1-99bb-3168ec62638b, ResponseContext: wTeNctiT/Dof+hGMfRt5Cqvt8MYCarwSv6tXAcl1JEFQEYFY5s5fDiilR4tjtqblG28oDuELWPC6 xfdEtlJbtBjUS0V5zVlZ,gNwvsm7jplxqNjFHkz4VqbXNKmJe84j9blKonp3AqBprmBj1KqLsnnlaSOfKaZVbxP82BWnthz4=, Timestamp: 2013-10-02T19:01:33.493Z
